[2024-09-18T23:06:16.830+0000] {manager.py:486} INFO - Processing files using up to 2 processes at a time 
[2024-09-18T23:06:16.831+0000] {manager.py:487} INFO - Process each file at most once every 30 seconds
[2024-09-18T23:06:16.832+0000] {manager.py:488} INFO - Checking for new files in /opt/airflow/dags every 300 seconds
[2024-09-18T23:06:16.832+0000] {manager.py:832} INFO - Searching for files in /opt/airflow/dags
[2024-09-18T23:06:16.910+0000] {manager.py:835} INFO - There are 3 files in /opt/airflow/dags
[2024-09-18T23:06:16.979+0000] {manager.py:1008} INFO - 
================================================================================
DAG File Processing Stats

File Path                      PID  Runtime      # DAGs    # Errors  Last Runtime    Last Run      Last # of DB Queries
---------------------------  -----  ---------  --------  ----------  --------------  ----------  ----------------------
/opt/airflow/dags/bronze.py                           0           0                                                   0
/opt/airflow/dags/gold.py       58  0.02s             0           0                                                   0
/opt/airflow/dags/silver.py     59  0.02s             0           0                                                   0
================================================================================
[2024-09-18T23:06:47.523+0000] {manager.py:1008} INFO - 
================================================================================
DAG File Processing Stats

File Path                      PID  Runtime      # DAGs    # Errors  Last Runtime    Last Run               Last # of DB Queries
---------------------------  -----  ---------  --------  ----------  --------------  -------------------  ----------------------
/opt/airflow/dags/silver.py     68  0.00s             1           0  0.31s           2024-09-18T23:06:17                      43
/opt/airflow/dags/gold.py       67  0.01s             1           0  0.31s           2024-09-18T23:06:17                      43
/opt/airflow/dags/bronze.py                           1           0  0.20s           2024-09-18T23:06:17                      45
================================================================================
[2024-09-18T23:07:17.878+0000] {manager.py:1008} INFO - 
================================================================================
DAG File Processing Stats

File Path                      PID  Runtime      # DAGs    # Errors  Last Runtime    Last Run               Last # of DB Queries
---------------------------  -----  ---------  --------  ----------  --------------  -------------------  ----------------------
/opt/airflow/dags/silver.py     77  0.00s             1           0  0.10s           2024-09-18T23:06:47                      10
/opt/airflow/dags/bronze.py                           1           0  0.09s           2024-09-18T23:06:47                      12
/opt/airflow/dags/gold.py       76  0.01s             1           0  0.09s           2024-09-18T23:06:47                      10
================================================================================
[2024-09-18T23:07:48.202+0000] {manager.py:1008} INFO - 
================================================================================
DAG File Processing Stats

File Path                      PID  Runtime      # DAGs    # Errors  Last Runtime    Last Run               Last # of DB Queries
---------------------------  -----  ---------  --------  ----------  --------------  -------------------  ----------------------
/opt/airflow/dags/gold.py       93  0.01s             1           0  0.11s           2024-09-18T23:07:17                      10
/opt/airflow/dags/bronze.py                           1           0  0.10s           2024-09-18T23:07:18                      12
/opt/airflow/dags/silver.py     94  0.00s             1           0  0.09s           2024-09-18T23:07:17                      10
================================================================================
[2024-09-18T23:08:18.570+0000] {manager.py:1008} INFO - 
================================================================================
DAG File Processing Stats

File Path                      PID  Runtime      # DAGs    # Errors  Last Runtime    Last Run               Last # of DB Queries
---------------------------  -----  ---------  --------  ----------  --------------  -------------------  ----------------------
/opt/airflow/dags/bronze.py                           1           0  0.09s           2024-09-18T23:07:48                      12
/opt/airflow/dags/silver.py    103  0.00s             1           0  0.09s           2024-09-18T23:07:48                      10
/opt/airflow/dags/gold.py      102  0.01s             1           0  0.09s           2024-09-18T23:07:48                      10
================================================================================
[2024-09-18T23:08:48.907+0000] {manager.py:1008} INFO - 
================================================================================
DAG File Processing Stats

File Path                      PID  Runtime      # DAGs    # Errors  Last Runtime    Last Run               Last # of DB Queries
---------------------------  -----  ---------  --------  ----------  --------------  -------------------  ----------------------
/opt/airflow/dags/silver.py    112  0.00s             1           0  0.09s           2024-09-18T23:08:18                      10
/opt/airflow/dags/gold.py      111  0.01s             1           0  0.09s           2024-09-18T23:08:18                      10
/opt/airflow/dags/bronze.py                           1           0  0.09s           2024-09-18T23:08:18                      12
================================================================================
[2024-09-18T23:09:19.233+0000] {manager.py:1008} INFO - 
================================================================================
DAG File Processing Stats

File Path                      PID  Runtime      # DAGs    # Errors  Last Runtime    Last Run               Last # of DB Queries
---------------------------  -----  ---------  --------  ----------  --------------  -------------------  ----------------------
/opt/airflow/dags/bronze.py                           1           0  0.09s           2024-09-18T23:08:49                      12
/opt/airflow/dags/silver.py    121  0.00s             1           0  0.08s           2024-09-18T23:08:48                      10
/opt/airflow/dags/gold.py      120  0.01s             1           0  0.08s           2024-09-18T23:08:48                      10
================================================================================
[2024-09-18T23:09:49.549+0000] {manager.py:1008} INFO - 
================================================================================
DAG File Processing Stats

File Path                      PID  Runtime      # DAGs    # Errors  Last Runtime    Last Run               Last # of DB Queries
---------------------------  -----  ---------  --------  ----------  --------------  -------------------  ----------------------
/opt/airflow/dags/bronze.py                           1           0  0.09s           2024-09-18T23:09:19                      12
/opt/airflow/dags/silver.py    130  0.00s             1           0  0.09s           2024-09-18T23:09:19                      10
/opt/airflow/dags/gold.py      129  0.01s             1           0  0.08s           2024-09-18T23:09:19                      10
================================================================================
[2024-09-18T23:10:19.867+0000] {manager.py:1008} INFO - 
================================================================================
DAG File Processing Stats

File Path                      PID  Runtime      # DAGs    # Errors  Last Runtime    Last Run               Last # of DB Queries
---------------------------  -----  ---------  --------  ----------  --------------  -------------------  ----------------------
/opt/airflow/dags/bronze.py                           1           0  0.10s           2024-09-18T23:09:49                      12
/opt/airflow/dags/silver.py    139  0.00s             1           0  0.09s           2024-09-18T23:09:49                      10
/opt/airflow/dags/gold.py      138  0.01s             1           0  0.09s           2024-09-18T23:09:49                      10
================================================================================
[2024-09-18T23:10:50.196+0000] {manager.py:1008} INFO - 
================================================================================
DAG File Processing Stats

File Path                      PID  Runtime      # DAGs    # Errors  Last Runtime    Last Run               Last # of DB Queries
---------------------------  -----  ---------  --------  ----------  --------------  -------------------  ----------------------
/opt/airflow/dags/bronze.py                           1           0  0.09s           2024-09-18T23:10:20                      12
/opt/airflow/dags/gold.py      153  0.01s             1           0  0.09s           2024-09-18T23:10:19                      10
/opt/airflow/dags/silver.py    154  0.00s             1           0  0.08s           2024-09-18T23:10:19                      10
================================================================================
[2024-09-18T23:11:17.454+0000] {manager.py:832} INFO - Searching for files in /opt/airflow/dags
[2024-09-18T23:11:17.482+0000] {manager.py:835} INFO - There are 3 files in /opt/airflow/dags
[2024-09-18T23:11:20.529+0000] {manager.py:1008} INFO - 
================================================================================
DAG File Processing Stats

File Path                      PID  Runtime      # DAGs    # Errors  Last Runtime    Last Run               Last # of DB Queries
---------------------------  -----  ---------  --------  ----------  --------------  -------------------  ----------------------
/opt/airflow/dags/bronze.py                           1           0  0.09s           2024-09-18T23:10:50                      12
/opt/airflow/dags/silver.py    167  0.00s             1           0  0.08s           2024-09-18T23:10:50                      10
/opt/airflow/dags/gold.py      166  0.01s             1           0  0.08s           2024-09-18T23:10:50                      10
================================================================================
[2024-09-18T23:11:50.866+0000] {manager.py:1008} INFO - 
================================================================================
DAG File Processing Stats

File Path                      PID  Runtime      # DAGs    # Errors  Last Runtime    Last Run               Last # of DB Queries
---------------------------  -----  ---------  --------  ----------  --------------  -------------------  ----------------------
/opt/airflow/dags/bronze.py                           1           0  0.11s           2024-09-18T23:11:20                      12
/opt/airflow/dags/silver.py    176  0.00s             1           0  0.09s           2024-09-18T23:11:20                      10
/opt/airflow/dags/gold.py      175  0.01s             1           0  0.09s           2024-09-18T23:11:20                      10
================================================================================
[2024-09-18T23:12:21.295+0000] {manager.py:1008} INFO - 
================================================================================
DAG File Processing Stats

File Path                      PID  Runtime      # DAGs    # Errors  Last Runtime    Last Run               Last # of DB Queries
---------------------------  -----  ---------  --------  ----------  --------------  -------------------  ----------------------
/opt/airflow/dags/gold.py      184  0.01s             1           0  0.09s           2024-09-18T23:11:50                      10
/opt/airflow/dags/bronze.py                           1           0  0.09s           2024-09-18T23:11:51                      12
/opt/airflow/dags/silver.py    185  0.00s             1           0  0.08s           2024-09-18T23:11:50                      10
================================================================================
[2024-09-18T23:12:51.698+0000] {manager.py:1008} INFO - 
================================================================================
DAG File Processing Stats

File Path                      PID  Runtime      # DAGs    # Errors  Last Runtime    Last Run               Last # of DB Queries
---------------------------  -----  ---------  --------  ----------  --------------  -------------------  ----------------------
/opt/airflow/dags/bronze.py                           1           0  0.09s           2024-09-18T23:12:21                      12
/opt/airflow/dags/gold.py      193  0.01s             1           0  0.09s           2024-09-18T23:12:21                      10
/opt/airflow/dags/silver.py    194  0.00s             1           0  0.08s           2024-09-18T23:12:21                      10
================================================================================
[2024-09-18T23:13:22.076+0000] {manager.py:1008} INFO - 
================================================================================
DAG File Processing Stats

File Path                      PID  Runtime      # DAGs    # Errors  Last Runtime    Last Run               Last # of DB Queries
---------------------------  -----  ---------  --------  ----------  --------------  -------------------  ----------------------
/opt/airflow/dags/bronze.py                           1           0  0.09s           2024-09-18T23:12:51                      12
/opt/airflow/dags/gold.py      203  0.01s             1           0  0.08s           2024-09-18T23:12:51                      10
/opt/airflow/dags/silver.py    204  0.00s             1           0  0.08s           2024-09-18T23:12:51                      10
================================================================================
[2024-09-18T23:13:52.481+0000] {manager.py:1008} INFO - 
================================================================================
DAG File Processing Stats

File Path                      PID  Runtime      # DAGs    # Errors  Last Runtime    Last Run               Last # of DB Queries
---------------------------  -----  ---------  --------  ----------  --------------  -------------------  ----------------------
/opt/airflow/dags/gold.py      212  0.01s             1           0  0.10s           2024-09-18T23:13:22                      10
/opt/airflow/dags/bronze.py                           1           0  0.09s           2024-09-18T23:13:22                      12
/opt/airflow/dags/silver.py    213  0.00s             1           0  0.08s           2024-09-18T23:13:22                      10
================================================================================
[2024-09-18T23:14:22.870+0000] {manager.py:1008} INFO - 
================================================================================
DAG File Processing Stats

File Path                      PID  Runtime      # DAGs    # Errors  Last Runtime    Last Run               Last # of DB Queries
---------------------------  -----  ---------  --------  ----------  --------------  -------------------  ----------------------
/opt/airflow/dags/bronze.py                           1           0  0.09s           2024-09-18T23:13:52                      12
/opt/airflow/dags/silver.py    222  0.00s             1           0  0.09s           2024-09-18T23:13:52                      10
/opt/airflow/dags/gold.py      221  0.01s             1           0  0.09s           2024-09-18T23:13:52                      10
================================================================================
[2024-09-18T23:14:53.296+0000] {manager.py:1008} INFO - 
================================================================================
DAG File Processing Stats

File Path                      PID  Runtime      # DAGs    # Errors  Last Runtime    Last Run               Last # of DB Queries
---------------------------  -----  ---------  --------  ----------  --------------  -------------------  ----------------------
/opt/airflow/dags/bronze.py                           1           0  0.09s           2024-09-18T23:14:23                      12
/opt/airflow/dags/silver.py    231  0.00s             1           0  0.09s           2024-09-18T23:14:22                      10
/opt/airflow/dags/gold.py      230  0.01s             1           0  0.08s           2024-09-18T23:14:22                      10
================================================================================
[2024-09-18T23:15:23.740+0000] {manager.py:1008} INFO - 
================================================================================
DAG File Processing Stats

File Path                      PID  Runtime      # DAGs    # Errors  Last Runtime    Last Run               Last # of DB Queries
---------------------------  -----  ---------  --------  ----------  --------------  -------------------  ----------------------
/opt/airflow/dags/bronze.py                           1           0  0.23s           2024-09-18T23:14:53                      12
/opt/airflow/dags/silver.py    240  0.00s             1           0  0.10s           2024-09-18T23:14:53                      10
/opt/airflow/dags/gold.py      239  0.01s             1           0  0.09s           2024-09-18T23:14:53                      10
================================================================================
[2024-09-18T23:15:54.037+0000] {manager.py:1008} INFO - 
================================================================================
DAG File Processing Stats

File Path                      PID  Runtime      # DAGs    # Errors  Last Runtime    Last Run               Last # of DB Queries
---------------------------  -----  ---------  --------  ----------  --------------  -------------------  ----------------------
/opt/airflow/dags/bronze.py                           1           0  0.10s           2024-09-18T23:15:23                      12
/opt/airflow/dags/silver.py    249  0.00s             1           0  0.09s           2024-09-18T23:15:23                      10
/opt/airflow/dags/gold.py      248  0.01s             1           0  0.08s           2024-09-18T23:15:23                      10
================================================================================
[2024-09-18T23:16:18.302+0000] {manager.py:832} INFO - Searching for files in /opt/airflow/dags
[2024-09-18T23:16:18.326+0000] {manager.py:835} INFO - There are 3 files in /opt/airflow/dags
[2024-09-18T23:16:24.393+0000] {manager.py:1008} INFO - 
================================================================================
DAG File Processing Stats

File Path                      PID  Runtime      # DAGs    # Errors  Last Runtime    Last Run               Last # of DB Queries
---------------------------  -----  ---------  --------  ----------  --------------  -------------------  ----------------------
/opt/airflow/dags/gold.py      257  0.01s             1           0  0.11s           2024-09-18T23:15:54                      10
/opt/airflow/dags/bronze.py                           1           0  0.11s           2024-09-18T23:15:54                      12
/opt/airflow/dags/silver.py    258  0.00s             1           0  0.09s           2024-09-18T23:15:54                      10
================================================================================
[2024-09-18T23:16:54.707+0000] {manager.py:1008} INFO - 
================================================================================
DAG File Processing Stats

File Path                      PID  Runtime      # DAGs    # Errors  Last Runtime    Last Run               Last # of DB Queries
---------------------------  -----  ---------  --------  ----------  --------------  -------------------  ----------------------
/opt/airflow/dags/bronze.py                           1           0  0.09s           2024-09-18T23:16:24                      12
/opt/airflow/dags/silver.py    267  0.00s             1           0  0.09s           2024-09-18T23:16:24                      10
/opt/airflow/dags/gold.py      266  0.01s             1           0  0.08s           2024-09-18T23:16:24                      10
================================================================================
[2024-09-18T23:17:25.031+0000] {manager.py:1008} INFO - 
================================================================================
DAG File Processing Stats

File Path                      PID  Runtime      # DAGs    # Errors  Last Runtime    Last Run               Last # of DB Queries
---------------------------  -----  ---------  --------  ----------  --------------  -------------------  ----------------------
/opt/airflow/dags/bronze.py                           1           0  0.10s           2024-09-18T23:16:54                      12
/opt/airflow/dags/silver.py    276  0.00s             1           0  0.09s           2024-09-18T23:16:54                      10
/opt/airflow/dags/gold.py      275  0.01s             1           0  0.09s           2024-09-18T23:16:54                      10
================================================================================
[2024-09-18T23:17:55.365+0000] {manager.py:1008} INFO - 
================================================================================
DAG File Processing Stats

File Path                      PID  Runtime      # DAGs    # Errors  Last Runtime    Last Run               Last # of DB Queries
---------------------------  -----  ---------  --------  ----------  --------------  -------------------  ----------------------
/opt/airflow/dags/bronze.py                           1           0  0.09s           2024-09-18T23:17:25                      12
/opt/airflow/dags/silver.py    285  0.00s             1           0  0.08s           2024-09-18T23:17:25                      10
/opt/airflow/dags/gold.py      284  0.01s             1           0  0.08s           2024-09-18T23:17:25                      10
================================================================================
[2024-09-18T23:18:25.864+0000] {manager.py:1008} INFO - 
================================================================================
DAG File Processing Stats

File Path                      PID  Runtime      # DAGs    # Errors  Last Runtime    Last Run               Last # of DB Queries
---------------------------  -----  ---------  --------  ----------  --------------  -------------------  ----------------------
/opt/airflow/dags/silver.py    294  0.00s             1           0  0.22s           2024-09-18T23:17:55                      10
/opt/airflow/dags/bronze.py                           1           0  0.22s           2024-09-18T23:17:55                      12
/opt/airflow/dags/gold.py      293  0.01s             1           0  0.08s           2024-09-18T23:17:55                      10
================================================================================
[2024-09-18T23:18:56.193+0000] {manager.py:1008} INFO - 
================================================================================
DAG File Processing Stats

File Path                      PID  Runtime      # DAGs    # Errors  Last Runtime    Last Run               Last # of DB Queries
---------------------------  -----  ---------  --------  ----------  --------------  -------------------  ----------------------
/opt/airflow/dags/bronze.py                           1           0  0.09s           2024-09-18T23:18:26                      12
/opt/airflow/dags/silver.py    303  0.00s             1           0  0.09s           2024-09-18T23:18:25                      10
/opt/airflow/dags/gold.py      302  0.01s             1           0  0.08s           2024-09-18T23:18:25                      10
================================================================================
[2024-09-18T23:19:26.534+0000] {manager.py:1008} INFO - 
================================================================================
DAG File Processing Stats

File Path                      PID  Runtime      # DAGs    # Errors  Last Runtime    Last Run               Last # of DB Queries
---------------------------  -----  ---------  --------  ----------  --------------  -------------------  ----------------------
/opt/airflow/dags/bronze.py                           1           0  0.10s           2024-09-18T23:18:56                      12
/opt/airflow/dags/silver.py    312  0.00s             1           0  0.09s           2024-09-18T23:18:56                      10
/opt/airflow/dags/gold.py      311  0.01s             1           0  0.09s           2024-09-18T23:18:56                      10
================================================================================
[2024-09-18T23:19:56.870+0000] {manager.py:1008} INFO - 
================================================================================
DAG File Processing Stats

File Path                      PID  Runtime      # DAGs    # Errors  Last Runtime    Last Run               Last # of DB Queries
---------------------------  -----  ---------  --------  ----------  --------------  -------------------  ----------------------
/opt/airflow/dags/bronze.py                           1           0  0.09s           2024-09-18T23:19:26                      12
/opt/airflow/dags/silver.py    321  0.00s             1           0  0.09s           2024-09-18T23:19:26                      10
/opt/airflow/dags/gold.py      320  0.01s             1           0  0.08s           2024-09-18T23:19:26                      10
================================================================================
[2024-09-18T23:20:27.235+0000] {manager.py:1008} INFO - 
================================================================================
DAG File Processing Stats

File Path                      PID  Runtime      # DAGs    # Errors  Last Runtime    Last Run               Last # of DB Queries
---------------------------  -----  ---------  --------  ----------  --------------  -------------------  ----------------------
/opt/airflow/dags/silver.py    330  0.00s             1           0  0.12s           2024-09-18T23:19:56                      10
/opt/airflow/dags/gold.py      329  0.01s             1           0  0.11s           2024-09-18T23:19:56                      10
/opt/airflow/dags/bronze.py                           1           0  0.10s           2024-09-18T23:19:57                      12
================================================================================
[2024-09-18T23:20:57.587+0000] {manager.py:1008} INFO - 
================================================================================
DAG File Processing Stats

File Path                      PID  Runtime      # DAGs    # Errors  Last Runtime    Last Run               Last # of DB Queries
---------------------------  -----  ---------  --------  ----------  --------------  -------------------  ----------------------
/opt/airflow/dags/bronze.py                           1           0  0.22s           2024-09-18T23:20:27                      12
/opt/airflow/dags/silver.py    339  0.00s             1           0  0.09s           2024-09-18T23:20:27                      10
/opt/airflow/dags/gold.py      338  0.01s             1           0  0.08s           2024-09-18T23:20:27                      10
================================================================================
[2024-09-18T23:21:18.934+0000] {manager.py:832} INFO - Searching for files in /opt/airflow/dags
[2024-09-18T23:21:18.964+0000] {manager.py:835} INFO - There are 3 files in /opt/airflow/dags
[2024-09-18T23:21:28.076+0000] {manager.py:1008} INFO - 
================================================================================
DAG File Processing Stats

File Path                      PID  Runtime      # DAGs    # Errors  Last Runtime    Last Run               Last # of DB Queries
---------------------------  -----  ---------  --------  ----------  --------------  -------------------  ----------------------
/opt/airflow/dags/silver.py                           1           0  0.33s           2024-09-18T23:21:01                      43
/opt/airflow/dags/gold.py      348  0.01s             1           0  0.10s           2024-09-18T23:20:57                      10
/opt/airflow/dags/bronze.py    349  0.00s             1           0  0.10s           2024-09-18T23:20:57                      12
================================================================================
[2024-09-18T23:21:58.473+0000] {manager.py:1008} INFO - 
================================================================================
DAG File Processing Stats

File Path                      PID  Runtime      # DAGs    # Errors  Last Runtime    Last Run               Last # of DB Queries
---------------------------  -----  ---------  --------  ----------  --------------  -------------------  ----------------------
/opt/airflow/dags/bronze.py    358  0.00s             1           0  0.08s           2024-09-18T23:21:28                      12
/opt/airflow/dags/gold.py      357  0.01s             1           0  0.08s           2024-09-18T23:21:28                      10
/opt/airflow/dags/silver.py                           1           0  0.08s           2024-09-18T23:21:31                      10
================================================================================
[2024-09-18T23:22:28.899+0000] {manager.py:1008} INFO - 
================================================================================
DAG File Processing Stats

File Path                      PID  Runtime      # DAGs    # Errors  Last Runtime    Last Run               Last # of DB Queries
---------------------------  -----  ---------  --------  ----------  --------------  -------------------  ----------------------
/opt/airflow/dags/gold.py                             1           0  0.32s           2024-09-18T23:22:02                      43
/opt/airflow/dags/silver.py                           1           0  0.09s           2024-09-18T23:22:06                      10
/opt/airflow/dags/bronze.py    368  0.00s             1           0  0.09s           2024-09-18T23:21:58                      12
================================================================================
[2024-09-18T23:22:59.270+0000] {manager.py:1008} INFO - 
================================================================================
DAG File Processing Stats

File Path                      PID  Runtime      # DAGs    # Errors  Last Runtime    Last Run               Last # of DB Queries
---------------------------  -----  ---------  --------  ----------  --------------  -------------------  ----------------------
/opt/airflow/dags/bronze.py    377  0.00s             1           0  0.10s           2024-09-18T23:22:28                      12
/opt/airflow/dags/silver.py                           1           0  0.09s           2024-09-18T23:22:37                      10
/opt/airflow/dags/gold.py                             1           0  0.08s           2024-09-18T23:22:33                      10
================================================================================
[2024-09-18T23:23:29.661+0000] {manager.py:1008} INFO - 
================================================================================
DAG File Processing Stats

File Path                      PID  Runtime      # DAGs    # Errors  Last Runtime    Last Run               Last # of DB Queries
---------------------------  -----  ---------  --------  ----------  --------------  -------------------  ----------------------
/opt/airflow/dags/bronze.py    386  0.00s             1           0  0.10s           2024-09-18T23:22:59                      12
/opt/airflow/dags/gold.py                             1           0  0.09s           2024-09-18T23:23:03                      10
/opt/airflow/dags/silver.py                           1           0  0.09s           2024-09-18T23:23:07                      10
================================================================================
[2024-09-18T23:24:00.194+0000] {manager.py:1008} INFO - 
================================================================================
DAG File Processing Stats

File Path                    PID    Runtime      # DAGs    # Errors  Last Runtime    Last Run               Last # of DB Queries
---------------------------  -----  ---------  --------  ----------  --------------  -------------------  ----------------------
/opt/airflow/dags/bronze.py                           1           0  0.34s           2024-09-18T23:23:33                      45
/opt/airflow/dags/gold.py                             1           0  0.22s           2024-09-18T23:23:34                      10
/opt/airflow/dags/silver.py                           1           0  0.21s           2024-09-18T23:23:31                      10
================================================================================
[2024-09-18T23:24:30.577+0000] {manager.py:1008} INFO - 
================================================================================
DAG File Processing Stats

File Path                    PID    Runtime      # DAGs    # Errors  Last Runtime    Last Run               Last # of DB Queries
---------------------------  -----  ---------  --------  ----------  --------------  -------------------  ----------------------
/opt/airflow/dags/bronze.py                           1           0  0.09s           2024-09-18T23:24:03                      12
/opt/airflow/dags/gold.py                             1           0  0.08s           2024-09-18T23:24:04                      10
/opt/airflow/dags/silver.py                           1           0  0.08s           2024-09-18T23:24:02                      10
================================================================================
[2024-09-18T23:25:00.952+0000] {manager.py:1008} INFO - 
================================================================================
DAG File Processing Stats

File Path                    PID    Runtime      # DAGs    # Errors  Last Runtime    Last Run               Last # of DB Queries
---------------------------  -----  ---------  --------  ----------  --------------  -------------------  ----------------------
/opt/airflow/dags/bronze.py                           1           0  0.10s           2024-09-18T23:24:33                      12
/opt/airflow/dags/silver.py                           1           0  0.09s           2024-09-18T23:24:32                      10
/opt/airflow/dags/gold.py                             1           0  0.08s           2024-09-18T23:24:34                      10
================================================================================
[2024-09-18T23:25:31.468+0000] {manager.py:1008} INFO - 
================================================================================
DAG File Processing Stats

File Path                    PID    Runtime      # DAGs    # Errors  Last Runtime    Last Run               Last # of DB Queries
---------------------------  -----  ---------  --------  ----------  --------------  -------------------  ----------------------
/opt/airflow/dags/bronze.py                           1           0  0.10s           2024-09-18T23:25:07                      12
/opt/airflow/dags/silver.py                           1           0  0.09s           2024-09-18T23:25:11                      10
/opt/airflow/dags/gold.py                             1           0  0.09s           2024-09-18T23:25:16                      10
================================================================================
[2024-09-18T23:26:01.789+0000] {manager.py:1008} INFO - 
================================================================================
DAG File Processing Stats

File Path                    PID    Runtime      # DAGs    # Errors  Last Runtime    Last Run               Last # of DB Queries
---------------------------  -----  ---------  --------  ----------  --------------  -------------------  ----------------------
/opt/airflow/dags/gold.py                             1           0  0.10s           2024-09-18T23:25:46                      10
/opt/airflow/dags/bronze.py                           1           0  0.10s           2024-09-18T23:25:37                      12
/opt/airflow/dags/silver.py                           1           0  0.08s           2024-09-18T23:25:41                      10
================================================================================
[2024-09-18T23:26:19.067+0000] {manager.py:832} INFO - Searching for files in /opt/airflow/dags
[2024-09-18T23:26:19.096+0000] {manager.py:835} INFO - There are 3 files in /opt/airflow/dags
[2024-09-18T23:26:32.194+0000] {manager.py:1008} INFO - 
================================================================================
DAG File Processing Stats

File Path                    PID    Runtime      # DAGs    # Errors  Last Runtime    Last Run               Last # of DB Queries
---------------------------  -----  ---------  --------  ----------  --------------  -------------------  ----------------------
/opt/airflow/dags/bronze.py                           1           0  0.44s           2024-09-18T23:26:08                      12
/opt/airflow/dags/gold.py                             1           0  0.26s           2024-09-18T23:26:17                      10
/opt/airflow/dags/silver.py                           1           0  0.09s           2024-09-18T23:26:12                      10
================================================================================
[2024-09-18T23:27:02.662+0000] {manager.py:1008} INFO - 
================================================================================
DAG File Processing Stats

File Path                    PID    Runtime      # DAGs    # Errors  Last Runtime    Last Run               Last # of DB Queries
---------------------------  -----  ---------  --------  ----------  --------------  -------------------  ----------------------
/opt/airflow/dags/silver.py                           1           0  0.10s           2024-09-18T23:26:42                      10
/opt/airflow/dags/bronze.py                           1           0  0.10s           2024-09-18T23:26:38                      12
/opt/airflow/dags/gold.py                             1           0  0.08s           2024-09-18T23:26:47                      10
================================================================================
[2024-09-18T23:27:33.027+0000] {manager.py:1008} INFO - 
================================================================================
DAG File Processing Stats

File Path                    PID    Runtime      # DAGs    # Errors  Last Runtime    Last Run               Last # of DB Queries
---------------------------  -----  ---------  --------  ----------  --------------  -------------------  ----------------------
/opt/airflow/dags/bronze.py                           1           0  0.09s           2024-09-18T23:27:08                      12
/opt/airflow/dags/gold.py                             1           0  0.08s           2024-09-18T23:27:17                      10
/opt/airflow/dags/silver.py                           1           0  0.08s           2024-09-18T23:27:12                      10
================================================================================
[2024-09-18T23:28:03.408+0000] {manager.py:1008} INFO - 
================================================================================
DAG File Processing Stats

File Path                    PID    Runtime      # DAGs    # Errors  Last Runtime    Last Run               Last # of DB Queries
---------------------------  -----  ---------  --------  ----------  --------------  -------------------  ----------------------
/opt/airflow/dags/bronze.py                           1           0  0.11s           2024-09-18T23:27:39                      12
/opt/airflow/dags/gold.py                             1           0  0.10s           2024-09-18T23:27:48                      10
/opt/airflow/dags/silver.py                           1           0  0.08s           2024-09-18T23:27:43                      10
================================================================================
[2024-09-18T23:28:33.882+0000] {manager.py:1008} INFO - 
================================================================================
DAG File Processing Stats

File Path                    PID    Runtime      # DAGs    # Errors  Last Runtime    Last Run               Last # of DB Queries
---------------------------  -----  ---------  --------  ----------  --------------  -------------------  ----------------------
/opt/airflow/dags/bronze.py                           1           0  0.09s           2024-09-18T23:28:09                      12
/opt/airflow/dags/silver.py                           1           0  0.09s           2024-09-18T23:28:13                      10
/opt/airflow/dags/gold.py                             1           0  0.08s           2024-09-18T23:28:18                      10
================================================================================
[2024-09-18T23:29:04.240+0000] {manager.py:1008} INFO - 
================================================================================
DAG File Processing Stats

File Path                    PID    Runtime      # DAGs    # Errors  Last Runtime    Last Run               Last # of DB Queries
---------------------------  -----  ---------  --------  ----------  --------------  -------------------  ----------------------
/opt/airflow/dags/bronze.py                           1           0  0.25s           2024-09-18T23:28:40                      12
/opt/airflow/dags/gold.py                             1           0  0.08s           2024-09-18T23:28:49                      10
/opt/airflow/dags/silver.py                           1           0  0.08s           2024-09-18T23:28:44                      10
================================================================================
[2024-09-18T23:29:34.493+0000] {manager.py:1008} INFO - 
================================================================================
DAG File Processing Stats

File Path                    PID    Runtime      # DAGs    # Errors  Last Runtime    Last Run               Last # of DB Queries
---------------------------  -----  ---------  --------  ----------  --------------  -------------------  ----------------------
/opt/airflow/dags/bronze.py                           1           0  0.22s           2024-09-18T23:29:10                      12
/opt/airflow/dags/gold.py                             1           0  0.20s           2024-09-18T23:29:19                      10
/opt/airflow/dags/silver.py                           1           0  0.19s           2024-09-18T23:29:14                      10
================================================================================
[2024-09-18T23:30:04.788+0000] {manager.py:1008} INFO - 
================================================================================
DAG File Processing Stats

File Path                    PID    Runtime      # DAGs    # Errors  Last Runtime    Last Run               Last # of DB Queries
---------------------------  -----  ---------  --------  ----------  --------------  -------------------  ----------------------
/opt/airflow/dags/bronze.py                           1           0  0.09s           2024-09-18T23:29:40                      12
/opt/airflow/dags/gold.py                             1           0  0.08s           2024-09-18T23:29:49                      10
/opt/airflow/dags/silver.py                           1           0  0.08s           2024-09-18T23:29:44                      10
================================================================================
[2024-09-18T23:30:35.210+0000] {manager.py:1008} INFO - 
================================================================================
DAG File Processing Stats

File Path                    PID    Runtime      # DAGs    # Errors  Last Runtime    Last Run               Last # of DB Queries
---------------------------  -----  ---------  --------  ----------  --------------  -------------------  ----------------------
/opt/airflow/dags/bronze.py                           1           0  0.10s           2024-09-18T23:30:10                      12
/opt/airflow/dags/silver.py                           1           0  0.08s           2024-09-18T23:30:15                      10
/opt/airflow/dags/gold.py                             1           0  0.08s           2024-09-18T23:30:20                      10
================================================================================
[2024-09-18T23:31:05.680+0000] {manager.py:1008} INFO - 
================================================================================
DAG File Processing Stats

File Path                    PID    Runtime      # DAGs    # Errors  Last Runtime    Last Run               Last # of DB Queries
---------------------------  -----  ---------  --------  ----------  --------------  -------------------  ----------------------
/opt/airflow/dags/bronze.py                           1           0  0.09s           2024-09-18T23:30:41                      12
/opt/airflow/dags/gold.py                             1           0  0.08s           2024-09-18T23:30:50                      10
/opt/airflow/dags/silver.py                           1           0  0.08s           2024-09-18T23:30:45                      10
================================================================================
[2024-09-18T23:31:19.950+0000] {manager.py:832} INFO - Searching for files in /opt/airflow/dags
[2024-09-18T23:31:19.978+0000] {manager.py:835} INFO - There are 3 files in /opt/airflow/dags
[2024-09-18T23:31:36.156+0000] {manager.py:1008} INFO - 
================================================================================
DAG File Processing Stats

File Path                    PID    Runtime      # DAGs    # Errors  Last Runtime    Last Run               Last # of DB Queries
---------------------------  -----  ---------  --------  ----------  --------------  -------------------  ----------------------
/opt/airflow/dags/bronze.py                           1           0  0.09s           2024-09-18T23:31:11                      12
/opt/airflow/dags/silver.py                           1           0  0.08s           2024-09-18T23:31:15                      10
/opt/airflow/dags/gold.py                             1           0  0.08s           2024-09-18T23:31:21                      10
================================================================================
[2024-09-18T23:32:06.633+0000] {manager.py:1008} INFO - 
================================================================================
DAG File Processing Stats

File Path                    PID    Runtime      # DAGs    # Errors  Last Runtime    Last Run               Last # of DB Queries
---------------------------  -----  ---------  --------  ----------  --------------  -------------------  ----------------------
/opt/airflow/dags/bronze.py                           1           0  0.24s           2024-09-18T23:31:42                      12
/opt/airflow/dags/gold.py                             1           0  0.19s           2024-09-18T23:31:51                      10
/opt/airflow/dags/silver.py                           1           0  0.09s           2024-09-18T23:31:46                      10
================================================================================
[2024-09-18T23:32:37.032+0000] {manager.py:1008} INFO - 
================================================================================
DAG File Processing Stats

File Path                    PID    Runtime      # DAGs    # Errors  Last Runtime    Last Run               Last # of DB Queries
---------------------------  -----  ---------  --------  ----------  --------------  -------------------  ----------------------
/opt/airflow/dags/bronze.py                           1           0  0.09s           2024-09-18T23:32:12                      12
/opt/airflow/dags/gold.py                             1           0  0.08s           2024-09-18T23:32:21                      10
/opt/airflow/dags/silver.py                           1           0  0.08s           2024-09-18T23:32:16                      10
================================================================================
[2024-09-18T23:33:07.495+0000] {manager.py:1008} INFO - 
================================================================================
DAG File Processing Stats

File Path                    PID    Runtime      # DAGs    # Errors  Last Runtime    Last Run               Last # of DB Queries
---------------------------  -----  ---------  --------  ----------  --------------  -------------------  ----------------------
/opt/airflow/dags/bronze.py                           1           0  0.09s           2024-09-18T23:32:43                      12
/opt/airflow/dags/gold.py                             1           0  0.08s           2024-09-18T23:32:52                      10
/opt/airflow/dags/silver.py                           1           0  0.08s           2024-09-18T23:32:47                      10
================================================================================
[2024-09-18T23:33:37.943+0000] {manager.py:1008} INFO - 
================================================================================
DAG File Processing Stats

File Path                    PID    Runtime      # DAGs    # Errors  Last Runtime    Last Run               Last # of DB Queries
---------------------------  -----  ---------  --------  ----------  --------------  -------------------  ----------------------
/opt/airflow/dags/silver.py                           1           0  0.09s           2024-09-18T23:33:17                      10
/opt/airflow/dags/bronze.py                           1           0  0.09s           2024-09-18T23:33:13                      12
/opt/airflow/dags/gold.py                             1           0  0.08s           2024-09-18T23:33:22                      10
================================================================================
[2024-09-18T23:34:08.401+0000] {manager.py:1008} INFO - 
================================================================================
DAG File Processing Stats

File Path                    PID    Runtime      # DAGs    # Errors  Last Runtime    Last Run               Last # of DB Queries
---------------------------  -----  ---------  --------  ----------  --------------  -------------------  ----------------------
/opt/airflow/dags/bronze.py                           1           0  0.11s           2024-09-18T23:33:44                      12
/opt/airflow/dags/gold.py                             1           0  0.09s           2024-09-18T23:33:53                      10
/opt/airflow/dags/silver.py                           1           0  0.08s           2024-09-18T23:33:48                      10
================================================================================
[2024-09-18T23:34:38.843+0000] {manager.py:1008} INFO - 
================================================================================
DAG File Processing Stats

File Path                    PID    Runtime      # DAGs    # Errors  Last Runtime    Last Run               Last # of DB Queries
---------------------------  -----  ---------  --------  ----------  --------------  -------------------  ----------------------
/opt/airflow/dags/bronze.py                           1           0  0.10s           2024-09-18T23:34:14                      12
/opt/airflow/dags/silver.py                           1           0  0.08s           2024-09-18T23:34:18                      10
/opt/airflow/dags/gold.py                             1           0  0.08s           2024-09-18T23:34:23                      10
================================================================================
[2024-09-18T23:35:09.424+0000] {manager.py:1008} INFO - 
================================================================================
DAG File Processing Stats

File Path                    PID    Runtime      # DAGs    # Errors  Last Runtime    Last Run               Last # of DB Queries
---------------------------  -----  ---------  --------  ----------  --------------  -------------------  ----------------------
/opt/airflow/dags/bronze.py                           1           0  0.22s           2024-09-18T23:34:45                      12
/opt/airflow/dags/gold.py                             1           0  0.21s           2024-09-18T23:34:54                      10
/opt/airflow/dags/silver.py                           1           0  0.19s           2024-09-18T23:34:49                      10
================================================================================
[2024-09-18T23:35:39.769+0000] {manager.py:1008} INFO - 
================================================================================
DAG File Processing Stats

File Path                    PID    Runtime      # DAGs    # Errors  Last Runtime    Last Run               Last # of DB Queries
---------------------------  -----  ---------  --------  ----------  --------------  -------------------  ----------------------
/opt/airflow/dags/silver.py                           1           0  0.09s           2024-09-18T23:35:19                      10
/opt/airflow/dags/bronze.py                           1           0  0.09s           2024-09-18T23:35:15                      12
/opt/airflow/dags/gold.py                             1           0  0.09s           2024-09-18T23:35:24                      10
================================================================================
[2024-09-18T23:36:10.129+0000] {manager.py:1008} INFO - 
================================================================================
DAG File Processing Stats

File Path                    PID    Runtime      # DAGs    # Errors  Last Runtime    Last Run               Last # of DB Queries
---------------------------  -----  ---------  --------  ----------  --------------  -------------------  ----------------------
/opt/airflow/dags/bronze.py                           1           0  0.09s           2024-09-18T23:35:45                      12
/opt/airflow/dags/silver.py                           1           0  0.09s           2024-09-18T23:35:49                      10
/opt/airflow/dags/gold.py                             1           0  0.08s           2024-09-18T23:35:55                      10
================================================================================
[2024-09-18T23:36:20.288+0000] {manager.py:832} INFO - Searching for files in /opt/airflow/dags
[2024-09-18T23:36:20.318+0000] {manager.py:835} INFO - There are 3 files in /opt/airflow/dags
[2024-09-18T23:36:40.565+0000] {manager.py:1008} INFO - 
================================================================================
DAG File Processing Stats

File Path                    PID    Runtime      # DAGs    # Errors  Last Runtime    Last Run               Last # of DB Queries
---------------------------  -----  ---------  --------  ----------  --------------  -------------------  ----------------------
/opt/airflow/dags/silver.py                           1           0  0.09s           2024-09-18T23:36:20                      10
/opt/airflow/dags/bronze.py                           1           0  0.09s           2024-09-18T23:36:16                      12
/opt/airflow/dags/gold.py                             1           0  0.08s           2024-09-18T23:36:25                      10
================================================================================
[2024-09-18T23:37:10.926+0000] {manager.py:1008} INFO - 
================================================================================
DAG File Processing Stats

File Path                    PID    Runtime      # DAGs    # Errors  Last Runtime    Last Run               Last # of DB Queries
---------------------------  -----  ---------  --------  ----------  --------------  -------------------  ----------------------
/opt/airflow/dags/silver.py                           1           0  0.09s           2024-09-18T23:36:50                      10
/opt/airflow/dags/bronze.py                           1           0  0.09s           2024-09-18T23:36:46                      12
/opt/airflow/dags/gold.py                             1           0  0.08s           2024-09-18T23:36:55                      10
================================================================================
[2024-09-18T23:37:41.350+0000] {manager.py:1008} INFO - 
================================================================================
DAG File Processing Stats

File Path                    PID    Runtime      # DAGs    # Errors  Last Runtime    Last Run               Last # of DB Queries
---------------------------  -----  ---------  --------  ----------  --------------  -------------------  ----------------------
/opt/airflow/dags/bronze.py                           1           0  0.20s           2024-09-18T23:37:17                      12
/opt/airflow/dags/gold.py                             1           0  0.20s           2024-09-18T23:37:26                      10
/opt/airflow/dags/silver.py                           1           0  0.08s           2024-09-18T23:37:21                      10
================================================================================
[2024-09-18T23:38:11.698+0000] {manager.py:1008} INFO - 
================================================================================
DAG File Processing Stats

File Path                    PID    Runtime      # DAGs    # Errors  Last Runtime    Last Run               Last # of DB Queries
---------------------------  -----  ---------  --------  ----------  --------------  -------------------  ----------------------
/opt/airflow/dags/bronze.py                           1           0  0.21s           2024-09-18T23:37:47                      12
/opt/airflow/dags/gold.py                             1           0  0.09s           2024-09-18T23:37:56                      10
/opt/airflow/dags/silver.py                           1           0  0.08s           2024-09-18T23:37:51                      10
================================================================================
[2024-09-18T23:38:42.100+0000] {manager.py:1008} INFO - 
================================================================================
DAG File Processing Stats

File Path                    PID    Runtime      # DAGs    # Errors  Last Runtime    Last Run               Last # of DB Queries
---------------------------  -----  ---------  --------  ----------  --------------  -------------------  ----------------------
/opt/airflow/dags/bronze.py                           1           0  0.11s           2024-09-18T23:38:17                      12
/opt/airflow/dags/silver.py                           1           0  0.08s           2024-09-18T23:38:21                      10
/opt/airflow/dags/gold.py                             1           0  0.08s           2024-09-18T23:38:27                      10
================================================================================
[2024-09-18T23:39:12.452+0000] {manager.py:1008} INFO - 
================================================================================
DAG File Processing Stats

File Path                    PID    Runtime      # DAGs    # Errors  Last Runtime    Last Run               Last # of DB Queries
---------------------------  -----  ---------  --------  ----------  --------------  -------------------  ----------------------
/opt/airflow/dags/bronze.py                           1           0  0.11s           2024-09-18T23:38:48                      12
/opt/airflow/dags/silver.py                           1           0  0.09s           2024-09-18T23:38:52                      10
/opt/airflow/dags/gold.py                             1           0  0.08s           2024-09-18T23:38:57                      10
================================================================================
[2024-09-18T23:39:42.854+0000] {manager.py:1008} INFO - 
================================================================================
DAG File Processing Stats

File Path                    PID    Runtime      # DAGs    # Errors  Last Runtime    Last Run               Last # of DB Queries
---------------------------  -----  ---------  --------  ----------  --------------  -------------------  ----------------------
/opt/airflow/dags/bronze.py                           1           0  0.12s           2024-09-18T23:39:18                      12
/opt/airflow/dags/silver.py                           1           0  0.09s           2024-09-18T23:39:22                      10
/opt/airflow/dags/gold.py                             1           0  0.08s           2024-09-18T23:39:27                      10
================================================================================
[2024-09-18T23:40:13.247+0000] {manager.py:1008} INFO - 
================================================================================
DAG File Processing Stats

File Path                    PID    Runtime      # DAGs    # Errors  Last Runtime    Last Run               Last # of DB Queries
---------------------------  -----  ---------  --------  ----------  --------------  -------------------  ----------------------
/opt/airflow/dags/bronze.py                           1           0  0.10s           2024-09-18T23:39:49                      12
/opt/airflow/dags/silver.py                           1           0  0.08s           2024-09-18T23:39:53                      10
/opt/airflow/dags/gold.py                             1           0  0.08s           2024-09-18T23:39:58                      10
================================================================================
[2024-09-18T23:40:43.790+0000] {manager.py:1008} INFO - 
================================================================================
DAG File Processing Stats

File Path                    PID    Runtime      # DAGs    # Errors  Last Runtime    Last Run               Last # of DB Queries
---------------------------  -----  ---------  --------  ----------  --------------  -------------------  ----------------------
/opt/airflow/dags/silver.py                           1           0  0.21s           2024-09-18T23:40:23                      10
/opt/airflow/dags/bronze.py                           1           0  0.20s           2024-09-18T23:40:19                      12
/opt/airflow/dags/gold.py                             1           0  0.19s           2024-09-18T23:40:28                      10
================================================================================
[2024-09-18T23:41:14.172+0000] {manager.py:1008} INFO - 
================================================================================
DAG File Processing Stats

File Path                    PID    Runtime      # DAGs    # Errors  Last Runtime    Last Run               Last # of DB Queries
---------------------------  -----  ---------  --------  ----------  --------------  -------------------  ----------------------
/opt/airflow/dags/bronze.py                           1           0  0.09s           2024-09-18T23:40:49                      12
/opt/airflow/dags/silver.py                           1           0  0.08s           2024-09-18T23:40:53                      10
/opt/airflow/dags/gold.py                             1           0  0.08s           2024-09-18T23:40:59                      10
================================================================================
[2024-09-18T23:41:20.321+0000] {manager.py:832} INFO - Searching for files in /opt/airflow/dags
[2024-09-18T23:41:20.344+0000] {manager.py:835} INFO - There are 3 files in /opt/airflow/dags
[2024-09-18T23:41:44.571+0000] {manager.py:1008} INFO - 
================================================================================
DAG File Processing Stats

File Path                    PID    Runtime      # DAGs    # Errors  Last Runtime    Last Run               Last # of DB Queries
---------------------------  -----  ---------  --------  ----------  --------------  -------------------  ----------------------
/opt/airflow/dags/bronze.py                           1           0  0.09s           2024-09-18T23:41:20                      12
/opt/airflow/dags/gold.py                             1           0  0.08s           2024-09-18T23:41:29                      10
/opt/airflow/dags/silver.py                           1           0  0.08s           2024-09-18T23:41:24                      10
================================================================================
[2024-09-18T23:42:14.967+0000] {manager.py:1008} INFO - 
================================================================================
DAG File Processing Stats

File Path                    PID    Runtime      # DAGs    # Errors  Last Runtime    Last Run               Last # of DB Queries
---------------------------  -----  ---------  --------  ----------  --------------  -------------------  ----------------------
/opt/airflow/dags/bronze.py                           1           0  0.09s           2024-09-18T23:41:50                      12
/opt/airflow/dags/gold.py                             1           0  0.08s           2024-09-18T23:41:59                      10
/opt/airflow/dags/silver.py                           1           0  0.08s           2024-09-18T23:41:54                      10
================================================================================
[2024-09-18T23:42:45.358+0000] {manager.py:1008} INFO - 
================================================================================
DAG File Processing Stats

File Path                    PID    Runtime      # DAGs    # Errors  Last Runtime    Last Run               Last # of DB Queries
---------------------------  -----  ---------  --------  ----------  --------------  -------------------  ----------------------
/opt/airflow/dags/bronze.py                           1           0  0.09s           2024-09-18T23:42:21                      12
/opt/airflow/dags/silver.py                           1           0  0.08s           2024-09-18T23:42:25                      10
/opt/airflow/dags/gold.py                             1           0  0.08s           2024-09-18T23:42:30                      10
================================================================================
[2024-09-18T23:43:15.676+0000] {manager.py:1008} INFO - 
================================================================================
DAG File Processing Stats

File Path                    PID    Runtime      # DAGs    # Errors  Last Runtime    Last Run               Last # of DB Queries
---------------------------  -----  ---------  --------  ----------  --------------  -------------------  ----------------------
/opt/airflow/dags/bronze.py                           1           0  0.25s           2024-09-18T23:42:51                      12
/opt/airflow/dags/gold.py                             1           0  0.08s           2024-09-18T23:43:00                      10
/opt/airflow/dags/silver.py                           1           0  0.08s           2024-09-18T23:42:55                      10
================================================================================
[2024-09-18T23:43:42.935+0000] {manager.py:468} INFO - Exiting gracefully upon receiving signal 15
