[2024-09-18T23:06:17.280+0000] {processor.py:186} INFO - Started process (PID=60) to work on /opt/airflow/dags/bronze.py
[2024-09-18T23:06:17.281+0000] {processor.py:914} INFO - Processing file /opt/airflow/dags/bronze.py for tasks to queue
[2024-09-18T23:06:17.283+0000] {logging_mixin.py:190} INFO - [2024-09-18T23:06:17.282+0000] {dagbag.py:587} INFO - Filling up the DagBag from /opt/airflow/dags/bronze.py
[2024-09-18T23:06:17.300+0000] {processor.py:925} INFO - DAG(s) 'executar_bronze_breweries' retrieved from /opt/airflow/dags/bronze.py
[2024-09-18T23:06:17.386+0000] {logging_mixin.py:190} INFO - [2024-09-18T23:06:17.386+0000] {override.py:1900} INFO - Created Permission View: can delete on DAG:executar_bronze_breweries
[2024-09-18T23:06:17.394+0000] {logging_mixin.py:190} INFO - [2024-09-18T23:06:17.394+0000] {override.py:1900} INFO - Created Permission View: can read on DAG:executar_bronze_breweries
[2024-09-18T23:06:17.400+0000] {logging_mixin.py:190} INFO - [2024-09-18T23:06:17.400+0000] {override.py:1900} INFO - Created Permission View: can edit on DAG:executar_bronze_breweries
[2024-09-18T23:06:17.406+0000] {logging_mixin.py:190} INFO - [2024-09-18T23:06:17.406+0000] {override.py:1900} INFO - Created Permission View: can create on DAG Run:executar_bronze_breweries
[2024-09-18T23:06:17.411+0000] {logging_mixin.py:190} INFO - [2024-09-18T23:06:17.411+0000] {override.py:1900} INFO - Created Permission View: can delete on DAG Run:executar_bronze_breweries
[2024-09-18T23:06:17.416+0000] {logging_mixin.py:190} INFO - [2024-09-18T23:06:17.416+0000] {override.py:1900} INFO - Created Permission View: menu access on DAG Run:executar_bronze_breweries
[2024-09-18T23:06:17.422+0000] {logging_mixin.py:190} INFO - [2024-09-18T23:06:17.422+0000] {override.py:1900} INFO - Created Permission View: can read on DAG Run:executar_bronze_breweries
[2024-09-18T23:06:17.422+0000] {logging_mixin.py:190} INFO - [2024-09-18T23:06:17.422+0000] {dag.py:3229} INFO - Sync 1 DAGs
[2024-09-18T23:06:17.434+0000] {logging_mixin.py:190} INFO - [2024-09-18T23:06:17.434+0000] {dag.py:3252} INFO - Creating ORM DAG for executar_bronze_breweries
[2024-09-18T23:06:17.443+0000] {logging_mixin.py:190} INFO - [2024-09-18T23:06:17.442+0000] {dag.py:4156} INFO - Setting next_dagrun for executar_bronze_breweries to 2024-09-17 06:00:00+00:00, run_after=2024-09-18 06:00:00+00:00
[2024-09-18T23:06:17.456+0000] {processor.py:208} INFO - Processing /opt/airflow/dags/bronze.py took 0.181 seconds
[2024-09-18T23:06:47.625+0000] {processor.py:186} INFO - Started process (PID=69) to work on /opt/airflow/dags/bronze.py
[2024-09-18T23:06:47.626+0000] {processor.py:914} INFO - Processing file /opt/airflow/dags/bronze.py for tasks to queue
[2024-09-18T23:06:47.629+0000] {logging_mixin.py:190} INFO - [2024-09-18T23:06:47.628+0000] {dagbag.py:587} INFO - Filling up the DagBag from /opt/airflow/dags/bronze.py
[2024-09-18T23:06:47.647+0000] {processor.py:925} INFO - DAG(s) 'executar_bronze_breweries' retrieved from /opt/airflow/dags/bronze.py
[2024-09-18T23:06:47.665+0000] {logging_mixin.py:190} INFO - [2024-09-18T23:06:47.665+0000] {dag.py:3229} INFO - Sync 1 DAGs
[2024-09-18T23:06:47.684+0000] {logging_mixin.py:190} INFO - [2024-09-18T23:06:47.684+0000] {dag.py:4156} INFO - Setting next_dagrun for executar_bronze_breweries to 2024-09-17 06:00:00+00:00, run_after=2024-09-18 06:00:00+00:00
[2024-09-18T23:06:47.700+0000] {processor.py:208} INFO - Processing /opt/airflow/dags/bronze.py took 0.079 seconds
[2024-09-18T23:07:17.986+0000] {processor.py:186} INFO - Started process (PID=78) to work on /opt/airflow/dags/bronze.py
[2024-09-18T23:07:17.987+0000] {processor.py:914} INFO - Processing file /opt/airflow/dags/bronze.py for tasks to queue
[2024-09-18T23:07:17.989+0000] {logging_mixin.py:190} INFO - [2024-09-18T23:07:17.989+0000] {dagbag.py:587} INFO - Filling up the DagBag from /opt/airflow/dags/bronze.py
[2024-09-18T23:07:18.008+0000] {processor.py:925} INFO - DAG(s) 'executar_bronze_breweries' retrieved from /opt/airflow/dags/bronze.py
[2024-09-18T23:07:18.024+0000] {logging_mixin.py:190} INFO - [2024-09-18T23:07:18.023+0000] {dag.py:3229} INFO - Sync 1 DAGs
[2024-09-18T23:07:18.042+0000] {logging_mixin.py:190} INFO - [2024-09-18T23:07:18.042+0000] {dag.py:4156} INFO - Setting next_dagrun for executar_bronze_breweries to 2024-09-17 06:00:00+00:00, run_after=2024-09-18 06:00:00+00:00
[2024-09-18T23:07:18.061+0000] {processor.py:208} INFO - Processing /opt/airflow/dags/bronze.py took 0.080 seconds
[2024-09-18T23:07:48.297+0000] {processor.py:186} INFO - Started process (PID=95) to work on /opt/airflow/dags/bronze.py
[2024-09-18T23:07:48.298+0000] {processor.py:914} INFO - Processing file /opt/airflow/dags/bronze.py for tasks to queue
[2024-09-18T23:07:48.300+0000] {logging_mixin.py:190} INFO - [2024-09-18T23:07:48.300+0000] {dagbag.py:587} INFO - Filling up the DagBag from /opt/airflow/dags/bronze.py
[2024-09-18T23:07:48.318+0000] {processor.py:925} INFO - DAG(s) 'executar_bronze_breweries' retrieved from /opt/airflow/dags/bronze.py
[2024-09-18T23:07:48.335+0000] {logging_mixin.py:190} INFO - [2024-09-18T23:07:48.335+0000] {dag.py:3229} INFO - Sync 1 DAGs
[2024-09-18T23:07:48.355+0000] {logging_mixin.py:190} INFO - [2024-09-18T23:07:48.354+0000] {dag.py:4156} INFO - Setting next_dagrun for executar_bronze_breweries to 2024-09-18 06:00:00+00:00, run_after=2024-09-19 06:00:00+00:00
[2024-09-18T23:07:48.371+0000] {processor.py:208} INFO - Processing /opt/airflow/dags/bronze.py took 0.078 seconds
[2024-09-18T23:08:18.668+0000] {processor.py:186} INFO - Started process (PID=104) to work on /opt/airflow/dags/bronze.py
[2024-09-18T23:08:18.668+0000] {processor.py:914} INFO - Processing file /opt/airflow/dags/bronze.py for tasks to queue
[2024-09-18T23:08:18.671+0000] {logging_mixin.py:190} INFO - [2024-09-18T23:08:18.670+0000] {dagbag.py:587} INFO - Filling up the DagBag from /opt/airflow/dags/bronze.py
[2024-09-18T23:08:18.687+0000] {processor.py:925} INFO - DAG(s) 'executar_bronze_breweries' retrieved from /opt/airflow/dags/bronze.py
[2024-09-18T23:08:18.702+0000] {logging_mixin.py:190} INFO - [2024-09-18T23:08:18.702+0000] {dag.py:3229} INFO - Sync 1 DAGs
[2024-09-18T23:08:18.719+0000] {logging_mixin.py:190} INFO - [2024-09-18T23:08:18.719+0000] {dag.py:4156} INFO - Setting next_dagrun for executar_bronze_breweries to 2024-09-18 06:00:00+00:00, run_after=2024-09-19 06:00:00+00:00
[2024-09-18T23:08:18.735+0000] {processor.py:208} INFO - Processing /opt/airflow/dags/bronze.py took 0.072 seconds
[2024-09-18T23:08:48.998+0000] {processor.py:186} INFO - Started process (PID=113) to work on /opt/airflow/dags/bronze.py
[2024-09-18T23:08:48.999+0000] {processor.py:914} INFO - Processing file /opt/airflow/dags/bronze.py for tasks to queue
[2024-09-18T23:08:49.001+0000] {logging_mixin.py:190} INFO - [2024-09-18T23:08:49.001+0000] {dagbag.py:587} INFO - Filling up the DagBag from /opt/airflow/dags/bronze.py
[2024-09-18T23:08:49.019+0000] {processor.py:925} INFO - DAG(s) 'executar_bronze_breweries' retrieved from /opt/airflow/dags/bronze.py
[2024-09-18T23:08:49.035+0000] {logging_mixin.py:190} INFO - [2024-09-18T23:08:49.035+0000] {dag.py:3229} INFO - Sync 1 DAGs
[2024-09-18T23:08:49.053+0000] {logging_mixin.py:190} INFO - [2024-09-18T23:08:49.053+0000] {dag.py:4156} INFO - Setting next_dagrun for executar_bronze_breweries to 2024-09-18 06:00:00+00:00, run_after=2024-09-19 06:00:00+00:00
[2024-09-18T23:08:49.071+0000] {processor.py:208} INFO - Processing /opt/airflow/dags/bronze.py took 0.078 seconds
[2024-09-18T23:09:19.326+0000] {processor.py:186} INFO - Started process (PID=122) to work on /opt/airflow/dags/bronze.py
[2024-09-18T23:09:19.327+0000] {processor.py:914} INFO - Processing file /opt/airflow/dags/bronze.py for tasks to queue
[2024-09-18T23:09:19.329+0000] {logging_mixin.py:190} INFO - [2024-09-18T23:09:19.329+0000] {dagbag.py:587} INFO - Filling up the DagBag from /opt/airflow/dags/bronze.py
[2024-09-18T23:09:19.347+0000] {processor.py:925} INFO - DAG(s) 'executar_bronze_breweries' retrieved from /opt/airflow/dags/bronze.py
[2024-09-18T23:09:19.363+0000] {logging_mixin.py:190} INFO - [2024-09-18T23:09:19.363+0000] {dag.py:3229} INFO - Sync 1 DAGs
[2024-09-18T23:09:19.382+0000] {logging_mixin.py:190} INFO - [2024-09-18T23:09:19.382+0000] {dag.py:4156} INFO - Setting next_dagrun for executar_bronze_breweries to 2024-09-18 06:00:00+00:00, run_after=2024-09-19 06:00:00+00:00
[2024-09-18T23:09:19.399+0000] {processor.py:208} INFO - Processing /opt/airflow/dags/bronze.py took 0.077 seconds
[2024-09-18T23:09:49.644+0000] {processor.py:186} INFO - Started process (PID=131) to work on /opt/airflow/dags/bronze.py
[2024-09-18T23:09:49.645+0000] {processor.py:914} INFO - Processing file /opt/airflow/dags/bronze.py for tasks to queue
[2024-09-18T23:09:49.647+0000] {logging_mixin.py:190} INFO - [2024-09-18T23:09:49.647+0000] {dagbag.py:587} INFO - Filling up the DagBag from /opt/airflow/dags/bronze.py
[2024-09-18T23:09:49.667+0000] {processor.py:925} INFO - DAG(s) 'executar_bronze_breweries' retrieved from /opt/airflow/dags/bronze.py
[2024-09-18T23:09:49.685+0000] {logging_mixin.py:190} INFO - [2024-09-18T23:09:49.685+0000] {dag.py:3229} INFO - Sync 1 DAGs
[2024-09-18T23:09:49.706+0000] {logging_mixin.py:190} INFO - [2024-09-18T23:09:49.706+0000] {dag.py:4156} INFO - Setting next_dagrun for executar_bronze_breweries to 2024-09-18 06:00:00+00:00, run_after=2024-09-19 06:00:00+00:00
[2024-09-18T23:09:49.722+0000] {processor.py:208} INFO - Processing /opt/airflow/dags/bronze.py took 0.082 seconds
[2024-09-18T23:10:19.970+0000] {processor.py:186} INFO - Started process (PID=140) to work on /opt/airflow/dags/bronze.py
[2024-09-18T23:10:19.970+0000] {processor.py:914} INFO - Processing file /opt/airflow/dags/bronze.py for tasks to queue
[2024-09-18T23:10:19.973+0000] {logging_mixin.py:190} INFO - [2024-09-18T23:10:19.972+0000] {dagbag.py:587} INFO - Filling up the DagBag from /opt/airflow/dags/bronze.py
[2024-09-18T23:10:19.992+0000] {processor.py:925} INFO - DAG(s) 'executar_bronze_breweries' retrieved from /opt/airflow/dags/bronze.py
[2024-09-18T23:10:20.008+0000] {logging_mixin.py:190} INFO - [2024-09-18T23:10:20.008+0000] {dag.py:3229} INFO - Sync 1 DAGs
[2024-09-18T23:10:20.026+0000] {logging_mixin.py:190} INFO - [2024-09-18T23:10:20.025+0000] {dag.py:4156} INFO - Setting next_dagrun for executar_bronze_breweries to 2024-09-18 06:00:00+00:00, run_after=2024-09-19 06:00:00+00:00
[2024-09-18T23:10:20.041+0000] {processor.py:208} INFO - Processing /opt/airflow/dags/bronze.py took 0.076 seconds
[2024-09-18T23:10:50.287+0000] {processor.py:186} INFO - Started process (PID=155) to work on /opt/airflow/dags/bronze.py
[2024-09-18T23:10:50.288+0000] {processor.py:914} INFO - Processing file /opt/airflow/dags/bronze.py for tasks to queue
[2024-09-18T23:10:50.290+0000] {logging_mixin.py:190} INFO - [2024-09-18T23:10:50.289+0000] {dagbag.py:587} INFO - Filling up the DagBag from /opt/airflow/dags/bronze.py
[2024-09-18T23:10:50.307+0000] {processor.py:925} INFO - DAG(s) 'executar_bronze_breweries' retrieved from /opt/airflow/dags/bronze.py
[2024-09-18T23:10:50.323+0000] {logging_mixin.py:190} INFO - [2024-09-18T23:10:50.323+0000] {dag.py:3229} INFO - Sync 1 DAGs
[2024-09-18T23:10:50.341+0000] {logging_mixin.py:190} INFO - [2024-09-18T23:10:50.340+0000] {dag.py:4156} INFO - Setting next_dagrun for executar_bronze_breweries to 2024-09-18 06:00:00+00:00, run_after=2024-09-19 06:00:00+00:00
[2024-09-18T23:10:50.358+0000] {processor.py:208} INFO - Processing /opt/airflow/dags/bronze.py took 0.075 seconds
[2024-09-18T23:11:20.629+0000] {processor.py:186} INFO - Started process (PID=168) to work on /opt/airflow/dags/bronze.py
[2024-09-18T23:11:20.630+0000] {processor.py:914} INFO - Processing file /opt/airflow/dags/bronze.py for tasks to queue
[2024-09-18T23:11:20.632+0000] {logging_mixin.py:190} INFO - [2024-09-18T23:11:20.632+0000] {dagbag.py:587} INFO - Filling up the DagBag from /opt/airflow/dags/bronze.py
[2024-09-18T23:11:20.652+0000] {processor.py:925} INFO - DAG(s) 'executar_bronze_breweries' retrieved from /opt/airflow/dags/bronze.py
[2024-09-18T23:11:20.670+0000] {logging_mixin.py:190} INFO - [2024-09-18T23:11:20.670+0000] {dag.py:3229} INFO - Sync 1 DAGs
[2024-09-18T23:11:20.692+0000] {logging_mixin.py:190} INFO - [2024-09-18T23:11:20.692+0000] {dag.py:4156} INFO - Setting next_dagrun for executar_bronze_breweries to 2024-09-18 06:00:00+00:00, run_after=2024-09-19 06:00:00+00:00
[2024-09-18T23:11:20.714+0000] {processor.py:208} INFO - Processing /opt/airflow/dags/bronze.py took 0.091 seconds
[2024-09-18T23:11:50.968+0000] {processor.py:186} INFO - Started process (PID=177) to work on /opt/airflow/dags/bronze.py
[2024-09-18T23:11:50.969+0000] {processor.py:914} INFO - Processing file /opt/airflow/dags/bronze.py for tasks to queue
[2024-09-18T23:11:50.971+0000] {logging_mixin.py:190} INFO - [2024-09-18T23:11:50.970+0000] {dagbag.py:587} INFO - Filling up the DagBag from /opt/airflow/dags/bronze.py
[2024-09-18T23:11:50.987+0000] {processor.py:925} INFO - DAG(s) 'executar_bronze_breweries' retrieved from /opt/airflow/dags/bronze.py
[2024-09-18T23:11:51.004+0000] {logging_mixin.py:190} INFO - [2024-09-18T23:11:51.003+0000] {dag.py:3229} INFO - Sync 1 DAGs
[2024-09-18T23:11:51.021+0000] {logging_mixin.py:190} INFO - [2024-09-18T23:11:51.021+0000] {dag.py:4156} INFO - Setting next_dagrun for executar_bronze_breweries to 2024-09-18 06:00:00+00:00, run_after=2024-09-19 06:00:00+00:00
[2024-09-18T23:11:51.036+0000] {processor.py:208} INFO - Processing /opt/airflow/dags/bronze.py took 0.074 seconds
[2024-09-18T23:12:21.391+0000] {processor.py:186} INFO - Started process (PID=186) to work on /opt/airflow/dags/bronze.py
[2024-09-18T23:12:21.392+0000] {processor.py:914} INFO - Processing file /opt/airflow/dags/bronze.py for tasks to queue
[2024-09-18T23:12:21.394+0000] {logging_mixin.py:190} INFO - [2024-09-18T23:12:21.394+0000] {dagbag.py:587} INFO - Filling up the DagBag from /opt/airflow/dags/bronze.py
[2024-09-18T23:12:21.411+0000] {processor.py:925} INFO - DAG(s) 'executar_bronze_breweries' retrieved from /opt/airflow/dags/bronze.py
[2024-09-18T23:12:21.427+0000] {logging_mixin.py:190} INFO - [2024-09-18T23:12:21.427+0000] {dag.py:3229} INFO - Sync 1 DAGs
[2024-09-18T23:12:21.445+0000] {logging_mixin.py:190} INFO - [2024-09-18T23:12:21.445+0000] {dag.py:4156} INFO - Setting next_dagrun for executar_bronze_breweries to 2024-09-18 06:00:00+00:00, run_after=2024-09-19 06:00:00+00:00
[2024-09-18T23:12:21.461+0000] {processor.py:208} INFO - Processing /opt/airflow/dags/bronze.py took 0.074 seconds
[2024-09-18T23:12:51.794+0000] {processor.py:186} INFO - Started process (PID=195) to work on /opt/airflow/dags/bronze.py
[2024-09-18T23:12:51.795+0000] {processor.py:914} INFO - Processing file /opt/airflow/dags/bronze.py for tasks to queue
[2024-09-18T23:12:51.797+0000] {logging_mixin.py:190} INFO - [2024-09-18T23:12:51.796+0000] {dagbag.py:587} INFO - Filling up the DagBag from /opt/airflow/dags/bronze.py
[2024-09-18T23:12:51.815+0000] {processor.py:925} INFO - DAG(s) 'executar_bronze_breweries' retrieved from /opt/airflow/dags/bronze.py
[2024-09-18T23:12:51.832+0000] {logging_mixin.py:190} INFO - [2024-09-18T23:12:51.831+0000] {dag.py:3229} INFO - Sync 1 DAGs
[2024-09-18T23:12:51.849+0000] {logging_mixin.py:190} INFO - [2024-09-18T23:12:51.849+0000] {dag.py:4156} INFO - Setting next_dagrun for executar_bronze_breweries to 2024-09-18 06:00:00+00:00, run_after=2024-09-19 06:00:00+00:00
[2024-09-18T23:12:51.864+0000] {processor.py:208} INFO - Processing /opt/airflow/dags/bronze.py took 0.075 seconds
[2024-09-18T23:13:22.176+0000] {processor.py:186} INFO - Started process (PID=205) to work on /opt/airflow/dags/bronze.py
[2024-09-18T23:13:22.177+0000] {processor.py:914} INFO - Processing file /opt/airflow/dags/bronze.py for tasks to queue
[2024-09-18T23:13:22.179+0000] {logging_mixin.py:190} INFO - [2024-09-18T23:13:22.178+0000] {dagbag.py:587} INFO - Filling up the DagBag from /opt/airflow/dags/bronze.py
[2024-09-18T23:13:22.198+0000] {processor.py:925} INFO - DAG(s) 'executar_bronze_breweries' retrieved from /opt/airflow/dags/bronze.py
[2024-09-18T23:13:22.214+0000] {logging_mixin.py:190} INFO - [2024-09-18T23:13:22.214+0000] {dag.py:3229} INFO - Sync 1 DAGs
[2024-09-18T23:13:22.233+0000] {logging_mixin.py:190} INFO - [2024-09-18T23:13:22.232+0000] {dag.py:4156} INFO - Setting next_dagrun for executar_bronze_breweries to 2024-09-18 06:00:00+00:00, run_after=2024-09-19 06:00:00+00:00
[2024-09-18T23:13:22.248+0000] {processor.py:208} INFO - Processing /opt/airflow/dags/bronze.py took 0.077 seconds
[2024-09-18T23:13:52.577+0000] {processor.py:186} INFO - Started process (PID=214) to work on /opt/airflow/dags/bronze.py
[2024-09-18T23:13:52.578+0000] {processor.py:914} INFO - Processing file /opt/airflow/dags/bronze.py for tasks to queue
[2024-09-18T23:13:52.579+0000] {logging_mixin.py:190} INFO - [2024-09-18T23:13:52.579+0000] {dagbag.py:587} INFO - Filling up the DagBag from /opt/airflow/dags/bronze.py
[2024-09-18T23:13:52.597+0000] {processor.py:925} INFO - DAG(s) 'executar_bronze_breweries' retrieved from /opt/airflow/dags/bronze.py
[2024-09-18T23:13:52.613+0000] {logging_mixin.py:190} INFO - [2024-09-18T23:13:52.613+0000] {dag.py:3229} INFO - Sync 1 DAGs
[2024-09-18T23:13:52.631+0000] {logging_mixin.py:190} INFO - [2024-09-18T23:13:52.631+0000] {dag.py:4156} INFO - Setting next_dagrun for executar_bronze_breweries to 2024-09-18 06:00:00+00:00, run_after=2024-09-19 06:00:00+00:00
[2024-09-18T23:13:52.647+0000] {processor.py:208} INFO - Processing /opt/airflow/dags/bronze.py took 0.075 seconds
[2024-09-18T23:14:22.964+0000] {processor.py:186} INFO - Started process (PID=223) to work on /opt/airflow/dags/bronze.py
[2024-09-18T23:14:22.965+0000] {processor.py:914} INFO - Processing file /opt/airflow/dags/bronze.py for tasks to queue
[2024-09-18T23:14:22.968+0000] {logging_mixin.py:190} INFO - [2024-09-18T23:14:22.968+0000] {dagbag.py:587} INFO - Filling up the DagBag from /opt/airflow/dags/bronze.py
[2024-09-18T23:14:22.985+0000] {processor.py:925} INFO - DAG(s) 'executar_bronze_breweries' retrieved from /opt/airflow/dags/bronze.py
[2024-09-18T23:14:23.000+0000] {logging_mixin.py:190} INFO - [2024-09-18T23:14:23.000+0000] {dag.py:3229} INFO - Sync 1 DAGs
[2024-09-18T23:14:23.018+0000] {logging_mixin.py:190} INFO - [2024-09-18T23:14:23.017+0000] {dag.py:4156} INFO - Setting next_dagrun for executar_bronze_breweries to 2024-09-18 06:00:00+00:00, run_after=2024-09-19 06:00:00+00:00
[2024-09-18T23:14:23.032+0000] {processor.py:208} INFO - Processing /opt/airflow/dags/bronze.py took 0.072 seconds
[2024-09-18T23:14:53.400+0000] {processor.py:186} INFO - Started process (PID=232) to work on /opt/airflow/dags/bronze.py
[2024-09-18T23:14:53.401+0000] {processor.py:914} INFO - Processing file /opt/airflow/dags/bronze.py for tasks to queue
[2024-09-18T23:14:53.403+0000] {logging_mixin.py:190} INFO - [2024-09-18T23:14:53.403+0000] {dagbag.py:587} INFO - Filling up the DagBag from /opt/airflow/dags/bronze.py
[2024-09-18T23:14:53.422+0000] {processor.py:925} INFO - DAG(s) 'executar_bronze_breweries' retrieved from /opt/airflow/dags/bronze.py
[2024-09-18T23:14:53.438+0000] {logging_mixin.py:190} INFO - [2024-09-18T23:14:53.438+0000] {dag.py:3229} INFO - Sync 1 DAGs
[2024-09-18T23:14:53.455+0000] {logging_mixin.py:190} INFO - [2024-09-18T23:14:53.455+0000] {dag.py:4156} INFO - Setting next_dagrun for executar_bronze_breweries to 2024-09-18 06:00:00+00:00, run_after=2024-09-19 06:00:00+00:00
[2024-09-18T23:14:53.610+0000] {processor.py:208} INFO - Processing /opt/airflow/dags/bronze.py took 0.215 seconds
[2024-09-18T23:15:23.842+0000] {processor.py:186} INFO - Started process (PID=241) to work on /opt/airflow/dags/bronze.py
[2024-09-18T23:15:23.843+0000] {processor.py:914} INFO - Processing file /opt/airflow/dags/bronze.py for tasks to queue
[2024-09-18T23:15:23.846+0000] {logging_mixin.py:190} INFO - [2024-09-18T23:15:23.845+0000] {dagbag.py:587} INFO - Filling up the DagBag from /opt/airflow/dags/bronze.py
[2024-09-18T23:15:23.864+0000] {processor.py:925} INFO - DAG(s) 'executar_bronze_breweries' retrieved from /opt/airflow/dags/bronze.py
[2024-09-18T23:15:23.882+0000] {logging_mixin.py:190} INFO - [2024-09-18T23:15:23.882+0000] {dag.py:3229} INFO - Sync 1 DAGs
[2024-09-18T23:15:23.902+0000] {logging_mixin.py:190} INFO - [2024-09-18T23:15:23.902+0000] {dag.py:4156} INFO - Setting next_dagrun for executar_bronze_breweries to 2024-09-18 06:00:00+00:00, run_after=2024-09-19 06:00:00+00:00
[2024-09-18T23:15:23.917+0000] {processor.py:208} INFO - Processing /opt/airflow/dags/bronze.py took 0.080 seconds
[2024-09-18T23:15:54.150+0000] {processor.py:186} INFO - Started process (PID=250) to work on /opt/airflow/dags/bronze.py
[2024-09-18T23:15:54.151+0000] {processor.py:914} INFO - Processing file /opt/airflow/dags/bronze.py for tasks to queue
[2024-09-18T23:15:54.153+0000] {logging_mixin.py:190} INFO - [2024-09-18T23:15:54.153+0000] {dagbag.py:587} INFO - Filling up the DagBag from /opt/airflow/dags/bronze.py
[2024-09-18T23:15:54.173+0000] {processor.py:925} INFO - DAG(s) 'executar_bronze_breweries' retrieved from /opt/airflow/dags/bronze.py
[2024-09-18T23:15:54.193+0000] {logging_mixin.py:190} INFO - [2024-09-18T23:15:54.192+0000] {dag.py:3229} INFO - Sync 1 DAGs
[2024-09-18T23:15:54.214+0000] {logging_mixin.py:190} INFO - [2024-09-18T23:15:54.213+0000] {dag.py:4156} INFO - Setting next_dagrun for executar_bronze_breweries to 2024-09-18 06:00:00+00:00, run_after=2024-09-19 06:00:00+00:00
[2024-09-18T23:15:54.234+0000] {processor.py:208} INFO - Processing /opt/airflow/dags/bronze.py took 0.089 seconds
[2024-09-18T23:16:24.487+0000] {processor.py:186} INFO - Started process (PID=259) to work on /opt/airflow/dags/bronze.py
[2024-09-18T23:16:24.488+0000] {processor.py:914} INFO - Processing file /opt/airflow/dags/bronze.py for tasks to queue
[2024-09-18T23:16:24.490+0000] {logging_mixin.py:190} INFO - [2024-09-18T23:16:24.490+0000] {dagbag.py:587} INFO - Filling up the DagBag from /opt/airflow/dags/bronze.py
[2024-09-18T23:16:24.510+0000] {processor.py:925} INFO - DAG(s) 'executar_bronze_breweries' retrieved from /opt/airflow/dags/bronze.py
[2024-09-18T23:16:24.526+0000] {logging_mixin.py:190} INFO - [2024-09-18T23:16:24.526+0000] {dag.py:3229} INFO - Sync 1 DAGs
[2024-09-18T23:16:24.545+0000] {logging_mixin.py:190} INFO - [2024-09-18T23:16:24.545+0000] {dag.py:4156} INFO - Setting next_dagrun for executar_bronze_breweries to 2024-09-18 06:00:00+00:00, run_after=2024-09-19 06:00:00+00:00
[2024-09-18T23:16:24.560+0000] {processor.py:208} INFO - Processing /opt/airflow/dags/bronze.py took 0.078 seconds
[2024-09-18T23:16:54.809+0000] {processor.py:186} INFO - Started process (PID=268) to work on /opt/airflow/dags/bronze.py
[2024-09-18T23:16:54.809+0000] {processor.py:914} INFO - Processing file /opt/airflow/dags/bronze.py for tasks to queue
[2024-09-18T23:16:54.811+0000] {logging_mixin.py:190} INFO - [2024-09-18T23:16:54.811+0000] {dagbag.py:587} INFO - Filling up the DagBag from /opt/airflow/dags/bronze.py
[2024-09-18T23:16:54.832+0000] {processor.py:925} INFO - DAG(s) 'executar_bronze_breweries' retrieved from /opt/airflow/dags/bronze.py
[2024-09-18T23:16:54.849+0000] {logging_mixin.py:190} INFO - [2024-09-18T23:16:54.849+0000] {dag.py:3229} INFO - Sync 1 DAGs
[2024-09-18T23:16:54.868+0000] {logging_mixin.py:190} INFO - [2024-09-18T23:16:54.868+0000] {dag.py:4156} INFO - Setting next_dagrun for executar_bronze_breweries to 2024-09-18 06:00:00+00:00, run_after=2024-09-19 06:00:00+00:00
[2024-09-18T23:16:54.883+0000] {processor.py:208} INFO - Processing /opt/airflow/dags/bronze.py took 0.079 seconds
[2024-09-18T23:17:25.119+0000] {processor.py:186} INFO - Started process (PID=277) to work on /opt/airflow/dags/bronze.py
[2024-09-18T23:17:25.119+0000] {processor.py:914} INFO - Processing file /opt/airflow/dags/bronze.py for tasks to queue
[2024-09-18T23:17:25.122+0000] {logging_mixin.py:190} INFO - [2024-09-18T23:17:25.121+0000] {dagbag.py:587} INFO - Filling up the DagBag from /opt/airflow/dags/bronze.py
[2024-09-18T23:17:25.139+0000] {processor.py:925} INFO - DAG(s) 'executar_bronze_breweries' retrieved from /opt/airflow/dags/bronze.py
[2024-09-18T23:17:25.155+0000] {logging_mixin.py:190} INFO - [2024-09-18T23:17:25.154+0000] {dag.py:3229} INFO - Sync 1 DAGs
[2024-09-18T23:17:25.173+0000] {logging_mixin.py:190} INFO - [2024-09-18T23:17:25.173+0000] {dag.py:4156} INFO - Setting next_dagrun for executar_bronze_breweries to 2024-09-18 06:00:00+00:00, run_after=2024-09-19 06:00:00+00:00
[2024-09-18T23:17:25.188+0000] {processor.py:208} INFO - Processing /opt/airflow/dags/bronze.py took 0.074 seconds
[2024-09-18T23:17:55.458+0000] {processor.py:186} INFO - Started process (PID=286) to work on /opt/airflow/dags/bronze.py
[2024-09-18T23:17:55.459+0000] {processor.py:914} INFO - Processing file /opt/airflow/dags/bronze.py for tasks to queue
[2024-09-18T23:17:55.461+0000] {logging_mixin.py:190} INFO - [2024-09-18T23:17:55.461+0000] {dagbag.py:587} INFO - Filling up the DagBag from /opt/airflow/dags/bronze.py
[2024-09-18T23:17:55.478+0000] {processor.py:925} INFO - DAG(s) 'executar_bronze_breweries' retrieved from /opt/airflow/dags/bronze.py
[2024-09-18T23:17:55.495+0000] {logging_mixin.py:190} INFO - [2024-09-18T23:17:55.495+0000] {dag.py:3229} INFO - Sync 1 DAGs
[2024-09-18T23:17:55.514+0000] {logging_mixin.py:190} INFO - [2024-09-18T23:17:55.514+0000] {dag.py:4156} INFO - Setting next_dagrun for executar_bronze_breweries to 2024-09-18 06:00:00+00:00, run_after=2024-09-19 06:00:00+00:00
[2024-09-18T23:17:55.653+0000] {processor.py:208} INFO - Processing /opt/airflow/dags/bronze.py took 0.200 seconds
[2024-09-18T23:18:25.957+0000] {processor.py:186} INFO - Started process (PID=295) to work on /opt/airflow/dags/bronze.py
[2024-09-18T23:18:25.958+0000] {processor.py:914} INFO - Processing file /opt/airflow/dags/bronze.py for tasks to queue
[2024-09-18T23:18:25.960+0000] {logging_mixin.py:190} INFO - [2024-09-18T23:18:25.959+0000] {dagbag.py:587} INFO - Filling up the DagBag from /opt/airflow/dags/bronze.py
[2024-09-18T23:18:25.978+0000] {processor.py:925} INFO - DAG(s) 'executar_bronze_breweries' retrieved from /opt/airflow/dags/bronze.py
[2024-09-18T23:18:25.994+0000] {logging_mixin.py:190} INFO - [2024-09-18T23:18:25.994+0000] {dag.py:3229} INFO - Sync 1 DAGs
[2024-09-18T23:18:26.013+0000] {logging_mixin.py:190} INFO - [2024-09-18T23:18:26.013+0000] {dag.py:4156} INFO - Setting next_dagrun for executar_bronze_breweries to 2024-09-18 06:00:00+00:00, run_after=2024-09-19 06:00:00+00:00
[2024-09-18T23:18:26.027+0000] {processor.py:208} INFO - Processing /opt/airflow/dags/bronze.py took 0.075 seconds
[2024-09-18T23:18:56.289+0000] {processor.py:186} INFO - Started process (PID=304) to work on /opt/airflow/dags/bronze.py
[2024-09-18T23:18:56.290+0000] {processor.py:914} INFO - Processing file /opt/airflow/dags/bronze.py for tasks to queue
[2024-09-18T23:18:56.292+0000] {logging_mixin.py:190} INFO - [2024-09-18T23:18:56.292+0000] {dagbag.py:587} INFO - Filling up the DagBag from /opt/airflow/dags/bronze.py
[2024-09-18T23:18:56.311+0000] {processor.py:925} INFO - DAG(s) 'executar_bronze_breweries' retrieved from /opt/airflow/dags/bronze.py
[2024-09-18T23:18:56.329+0000] {logging_mixin.py:190} INFO - [2024-09-18T23:18:56.328+0000] {dag.py:3229} INFO - Sync 1 DAGs
[2024-09-18T23:18:56.347+0000] {logging_mixin.py:190} INFO - [2024-09-18T23:18:56.347+0000] {dag.py:4156} INFO - Setting next_dagrun for executar_bronze_breweries to 2024-09-18 06:00:00+00:00, run_after=2024-09-19 06:00:00+00:00
[2024-09-18T23:18:56.366+0000] {processor.py:208} INFO - Processing /opt/airflow/dags/bronze.py took 0.082 seconds
[2024-09-18T23:19:26.628+0000] {processor.py:186} INFO - Started process (PID=313) to work on /opt/airflow/dags/bronze.py
[2024-09-18T23:19:26.629+0000] {processor.py:914} INFO - Processing file /opt/airflow/dags/bronze.py for tasks to queue
[2024-09-18T23:19:26.631+0000] {logging_mixin.py:190} INFO - [2024-09-18T23:19:26.631+0000] {dagbag.py:587} INFO - Filling up the DagBag from /opt/airflow/dags/bronze.py
[2024-09-18T23:19:26.649+0000] {processor.py:925} INFO - DAG(s) 'executar_bronze_breweries' retrieved from /opt/airflow/dags/bronze.py
[2024-09-18T23:19:26.666+0000] {logging_mixin.py:190} INFO - [2024-09-18T23:19:26.666+0000] {dag.py:3229} INFO - Sync 1 DAGs
[2024-09-18T23:19:26.685+0000] {logging_mixin.py:190} INFO - [2024-09-18T23:19:26.685+0000] {dag.py:4156} INFO - Setting next_dagrun for executar_bronze_breweries to 2024-09-18 06:00:00+00:00, run_after=2024-09-19 06:00:00+00:00
[2024-09-18T23:19:26.700+0000] {processor.py:208} INFO - Processing /opt/airflow/dags/bronze.py took 0.077 seconds
[2024-09-18T23:19:56.993+0000] {processor.py:186} INFO - Started process (PID=322) to work on /opt/airflow/dags/bronze.py
[2024-09-18T23:19:56.994+0000] {processor.py:914} INFO - Processing file /opt/airflow/dags/bronze.py for tasks to queue
[2024-09-18T23:19:56.996+0000] {logging_mixin.py:190} INFO - [2024-09-18T23:19:56.996+0000] {dagbag.py:587} INFO - Filling up the DagBag from /opt/airflow/dags/bronze.py
[2024-09-18T23:19:57.015+0000] {processor.py:925} INFO - DAG(s) 'executar_bronze_breweries' retrieved from /opt/airflow/dags/bronze.py
[2024-09-18T23:19:57.035+0000] {logging_mixin.py:190} INFO - [2024-09-18T23:19:57.035+0000] {dag.py:3229} INFO - Sync 1 DAGs
[2024-09-18T23:19:57.055+0000] {logging_mixin.py:190} INFO - [2024-09-18T23:19:57.054+0000] {dag.py:4156} INFO - Setting next_dagrun for executar_bronze_breweries to 2024-09-18 06:00:00+00:00, run_after=2024-09-19 06:00:00+00:00
[2024-09-18T23:19:57.071+0000] {processor.py:208} INFO - Processing /opt/airflow/dags/bronze.py took 0.083 seconds
[2024-09-18T23:20:27.327+0000] {processor.py:186} INFO - Started process (PID=331) to work on /opt/airflow/dags/bronze.py
[2024-09-18T23:20:27.328+0000] {processor.py:914} INFO - Processing file /opt/airflow/dags/bronze.py for tasks to queue
[2024-09-18T23:20:27.330+0000] {logging_mixin.py:190} INFO - [2024-09-18T23:20:27.329+0000] {dagbag.py:587} INFO - Filling up the DagBag from /opt/airflow/dags/bronze.py
[2024-09-18T23:20:27.347+0000] {processor.py:925} INFO - DAG(s) 'executar_bronze_breweries' retrieved from /opt/airflow/dags/bronze.py
[2024-09-18T23:20:27.364+0000] {logging_mixin.py:190} INFO - [2024-09-18T23:20:27.364+0000] {dag.py:3229} INFO - Sync 1 DAGs
[2024-09-18T23:20:27.383+0000] {logging_mixin.py:190} INFO - [2024-09-18T23:20:27.383+0000] {dag.py:4156} INFO - Setting next_dagrun for executar_bronze_breweries to 2024-09-18 06:00:00+00:00, run_after=2024-09-19 06:00:00+00:00
[2024-09-18T23:20:27.522+0000] {processor.py:208} INFO - Processing /opt/airflow/dags/bronze.py took 0.200 seconds
[2024-09-18T23:20:57.687+0000] {processor.py:186} INFO - Started process (PID=340) to work on /opt/airflow/dags/bronze.py
[2024-09-18T23:20:57.687+0000] {processor.py:914} INFO - Processing file /opt/airflow/dags/bronze.py for tasks to queue
[2024-09-18T23:20:57.690+0000] {logging_mixin.py:190} INFO - [2024-09-18T23:20:57.690+0000] {dagbag.py:587} INFO - Filling up the DagBag from /opt/airflow/dags/bronze.py
[2024-09-18T23:20:57.709+0000] {processor.py:925} INFO - DAG(s) 'executar_bronze_breweries' retrieved from /opt/airflow/dags/bronze.py
[2024-09-18T23:20:57.726+0000] {logging_mixin.py:190} INFO - [2024-09-18T23:20:57.726+0000] {dag.py:3229} INFO - Sync 1 DAGs
[2024-09-18T23:20:57.745+0000] {logging_mixin.py:190} INFO - [2024-09-18T23:20:57.745+0000] {dag.py:4156} INFO - Setting next_dagrun for executar_bronze_breweries to 2024-09-18 06:00:00+00:00, run_after=2024-09-19 06:00:00+00:00
[2024-09-18T23:20:57.761+0000] {processor.py:208} INFO - Processing /opt/airflow/dags/bronze.py took 0.079 seconds
[2024-09-18T23:21:28.085+0000] {processor.py:186} INFO - Started process (PID=349) to work on /opt/airflow/dags/bronze.py
[2024-09-18T23:21:28.086+0000] {processor.py:914} INFO - Processing file /opt/airflow/dags/bronze.py for tasks to queue
[2024-09-18T23:21:28.088+0000] {logging_mixin.py:190} INFO - [2024-09-18T23:21:28.087+0000] {dagbag.py:587} INFO - Filling up the DagBag from /opt/airflow/dags/bronze.py
[2024-09-18T23:21:28.105+0000] {processor.py:925} INFO - DAG(s) 'executar_bronze_breweries' retrieved from /opt/airflow/dags/bronze.py
[2024-09-18T23:21:28.120+0000] {logging_mixin.py:190} INFO - [2024-09-18T23:21:28.120+0000] {dag.py:3229} INFO - Sync 1 DAGs
[2024-09-18T23:21:28.137+0000] {logging_mixin.py:190} INFO - [2024-09-18T23:21:28.136+0000] {dag.py:4156} INFO - Setting next_dagrun for executar_bronze_breweries to 2024-09-18 06:00:00+00:00, run_after=2024-09-19 06:00:00+00:00
[2024-09-18T23:21:28.152+0000] {processor.py:208} INFO - Processing /opt/airflow/dags/bronze.py took 0.071 seconds
[2024-09-18T23:21:58.482+0000] {processor.py:186} INFO - Started process (PID=358) to work on /opt/airflow/dags/bronze.py
[2024-09-18T23:21:58.482+0000] {processor.py:914} INFO - Processing file /opt/airflow/dags/bronze.py for tasks to queue
[2024-09-18T23:21:58.484+0000] {logging_mixin.py:190} INFO - [2024-09-18T23:21:58.484+0000] {dagbag.py:587} INFO - Filling up the DagBag from /opt/airflow/dags/bronze.py
[2024-09-18T23:21:58.502+0000] {processor.py:925} INFO - DAG(s) 'executar_bronze_breweries' retrieved from /opt/airflow/dags/bronze.py
[2024-09-18T23:21:58.516+0000] {logging_mixin.py:190} INFO - [2024-09-18T23:21:58.516+0000] {dag.py:3229} INFO - Sync 1 DAGs
[2024-09-18T23:21:58.535+0000] {logging_mixin.py:190} INFO - [2024-09-18T23:21:58.534+0000] {dag.py:4156} INFO - Setting next_dagrun for executar_bronze_breweries to 2024-09-18 06:00:00+00:00, run_after=2024-09-19 06:00:00+00:00
[2024-09-18T23:21:58.550+0000] {processor.py:208} INFO - Processing /opt/airflow/dags/bronze.py took 0.073 seconds
[2024-09-18T23:22:28.909+0000] {processor.py:186} INFO - Started process (PID=368) to work on /opt/airflow/dags/bronze.py
[2024-09-18T23:22:28.910+0000] {processor.py:914} INFO - Processing file /opt/airflow/dags/bronze.py for tasks to queue
[2024-09-18T23:22:28.911+0000] {logging_mixin.py:190} INFO - [2024-09-18T23:22:28.911+0000] {dagbag.py:587} INFO - Filling up the DagBag from /opt/airflow/dags/bronze.py
[2024-09-18T23:22:28.932+0000] {processor.py:925} INFO - DAG(s) 'executar_bronze_breweries' retrieved from /opt/airflow/dags/bronze.py
[2024-09-18T23:22:28.951+0000] {logging_mixin.py:190} INFO - [2024-09-18T23:22:28.950+0000] {dag.py:3229} INFO - Sync 1 DAGs
[2024-09-18T23:22:28.971+0000] {logging_mixin.py:190} INFO - [2024-09-18T23:22:28.971+0000] {dag.py:4156} INFO - Setting next_dagrun for executar_bronze_breweries to 2024-09-18 06:00:00+00:00, run_after=2024-09-19 06:00:00+00:00
[2024-09-18T23:22:28.988+0000] {processor.py:208} INFO - Processing /opt/airflow/dags/bronze.py took 0.084 seconds
[2024-09-18T23:22:59.281+0000] {processor.py:186} INFO - Started process (PID=377) to work on /opt/airflow/dags/bronze.py
[2024-09-18T23:22:59.282+0000] {processor.py:914} INFO - Processing file /opt/airflow/dags/bronze.py for tasks to queue
[2024-09-18T23:22:59.283+0000] {logging_mixin.py:190} INFO - [2024-09-18T23:22:59.283+0000] {dagbag.py:587} INFO - Filling up the DagBag from /opt/airflow/dags/bronze.py
[2024-09-18T23:22:59.303+0000] {processor.py:925} INFO - DAG(s) 'executar_bronze_breweries' retrieved from /opt/airflow/dags/bronze.py
[2024-09-18T23:22:59.319+0000] {logging_mixin.py:190} INFO - [2024-09-18T23:22:59.319+0000] {dag.py:3229} INFO - Sync 1 DAGs
[2024-09-18T23:22:59.339+0000] {logging_mixin.py:190} INFO - [2024-09-18T23:22:59.339+0000] {dag.py:4156} INFO - Setting next_dagrun for executar_bronze_breweries to 2024-09-18 06:00:00+00:00, run_after=2024-09-19 06:00:00+00:00
[2024-09-18T23:22:59.356+0000] {processor.py:208} INFO - Processing /opt/airflow/dags/bronze.py took 0.080 seconds
[2024-09-18T23:23:29.671+0000] {processor.py:186} INFO - Started process (PID=386) to work on /opt/airflow/dags/bronze.py
[2024-09-18T23:23:29.671+0000] {processor.py:914} INFO - Processing file /opt/airflow/dags/bronze.py for tasks to queue
[2024-09-18T23:23:29.672+0000] {logging_mixin.py:190} INFO - [2024-09-18T23:23:29.672+0000] {dagbag.py:587} INFO - Filling up the DagBag from /opt/airflow/dags/bronze.py
[2024-09-18T23:23:29.690+0000] {processor.py:925} INFO - DAG(s) 'executar_bronze_breweries' retrieved from /opt/airflow/dags/bronze.py
[2024-09-18T23:23:29.705+0000] {logging_mixin.py:190} INFO - [2024-09-18T23:23:29.705+0000] {dag.py:3229} INFO - Sync 1 DAGs
[2024-09-18T23:23:29.838+0000] {logging_mixin.py:190} INFO - [2024-09-18T23:23:29.838+0000] {dag.py:4156} INFO - Setting next_dagrun for executar_bronze_breweries to 2024-09-18 06:00:00+00:00, run_after=2024-09-19 06:00:00+00:00
[2024-09-18T23:23:29.853+0000] {processor.py:208} INFO - Processing /opt/airflow/dags/bronze.py took 0.187 seconds
[2024-09-18T23:23:32.917+0000] {processor.py:186} INFO - Started process (PID=388) to work on /opt/airflow/dags/bronze.py
[2024-09-18T23:23:32.918+0000] {processor.py:914} INFO - Processing file /opt/airflow/dags/bronze.py for tasks to queue
[2024-09-18T23:23:32.919+0000] {logging_mixin.py:190} INFO - [2024-09-18T23:23:32.919+0000] {dagbag.py:587} INFO - Filling up the DagBag from /opt/airflow/dags/bronze.py
[2024-09-18T23:23:32.945+0000] {processor.py:925} INFO - DAG(s) 'exec_bronze' retrieved from /opt/airflow/dags/bronze.py
[2024-09-18T23:23:33.024+0000] {logging_mixin.py:190} INFO - [2024-09-18T23:23:33.023+0000] {override.py:1900} INFO - Created Permission View: can delete on DAG:exec_bronze
[2024-09-18T23:23:33.033+0000] {logging_mixin.py:190} INFO - [2024-09-18T23:23:33.033+0000] {override.py:1900} INFO - Created Permission View: can read on DAG:exec_bronze
[2024-09-18T23:23:33.038+0000] {logging_mixin.py:190} INFO - [2024-09-18T23:23:33.038+0000] {override.py:1900} INFO - Created Permission View: can edit on DAG:exec_bronze
[2024-09-18T23:23:33.045+0000] {logging_mixin.py:190} INFO - [2024-09-18T23:23:33.044+0000] {override.py:1900} INFO - Created Permission View: can create on DAG Run:exec_bronze
[2024-09-18T23:23:33.050+0000] {logging_mixin.py:190} INFO - [2024-09-18T23:23:33.050+0000] {override.py:1900} INFO - Created Permission View: can delete on DAG Run:exec_bronze
[2024-09-18T23:23:33.055+0000] {logging_mixin.py:190} INFO - [2024-09-18T23:23:33.055+0000] {override.py:1900} INFO - Created Permission View: menu access on DAG Run:exec_bronze
[2024-09-18T23:23:33.060+0000] {logging_mixin.py:190} INFO - [2024-09-18T23:23:33.060+0000] {override.py:1900} INFO - Created Permission View: can read on DAG Run:exec_bronze
[2024-09-18T23:23:33.060+0000] {logging_mixin.py:190} INFO - [2024-09-18T23:23:33.060+0000] {dag.py:3229} INFO - Sync 1 DAGs
[2024-09-18T23:23:33.214+0000] {logging_mixin.py:190} INFO - [2024-09-18T23:23:33.214+0000] {dag.py:3252} INFO - Creating ORM DAG for exec_bronze
[2024-09-18T23:23:33.222+0000] {logging_mixin.py:190} INFO - [2024-09-18T23:23:33.222+0000] {dag.py:4156} INFO - Setting next_dagrun for exec_bronze to 2024-09-17 06:00:00+00:00, run_after=2024-09-18 06:00:00+00:00
[2024-09-18T23:23:33.238+0000] {processor.py:208} INFO - Processing /opt/airflow/dags/bronze.py took 0.325 seconds
[2024-09-18T23:24:03.327+0000] {processor.py:186} INFO - Started process (PID=397) to work on /opt/airflow/dags/bronze.py
[2024-09-18T23:24:03.328+0000] {processor.py:914} INFO - Processing file /opt/airflow/dags/bronze.py for tasks to queue
[2024-09-18T23:24:03.329+0000] {logging_mixin.py:190} INFO - [2024-09-18T23:24:03.329+0000] {dagbag.py:587} INFO - Filling up the DagBag from /opt/airflow/dags/bronze.py
[2024-09-18T23:24:03.346+0000] {processor.py:925} INFO - DAG(s) 'exec_bronze' retrieved from /opt/airflow/dags/bronze.py
[2024-09-18T23:24:03.361+0000] {logging_mixin.py:190} INFO - [2024-09-18T23:24:03.361+0000] {dag.py:3229} INFO - Sync 1 DAGs
[2024-09-18T23:24:03.379+0000] {logging_mixin.py:190} INFO - [2024-09-18T23:24:03.378+0000] {dag.py:4156} INFO - Setting next_dagrun for exec_bronze to 2024-09-17 06:00:00+00:00, run_after=2024-09-18 06:00:00+00:00
[2024-09-18T23:24:03.393+0000] {processor.py:208} INFO - Processing /opt/airflow/dags/bronze.py took 0.071 seconds
[2024-09-18T23:24:33.650+0000] {processor.py:186} INFO - Started process (PID=406) to work on /opt/airflow/dags/bronze.py
[2024-09-18T23:24:33.651+0000] {processor.py:914} INFO - Processing file /opt/airflow/dags/bronze.py for tasks to queue
[2024-09-18T23:24:33.652+0000] {logging_mixin.py:190} INFO - [2024-09-18T23:24:33.652+0000] {dagbag.py:587} INFO - Filling up the DagBag from /opt/airflow/dags/bronze.py
[2024-09-18T23:24:33.674+0000] {processor.py:925} INFO - DAG(s) 'exec_bronze' retrieved from /opt/airflow/dags/bronze.py
[2024-09-18T23:24:33.692+0000] {logging_mixin.py:190} INFO - [2024-09-18T23:24:33.691+0000] {dag.py:3229} INFO - Sync 1 DAGs
[2024-09-18T23:24:33.713+0000] {logging_mixin.py:190} INFO - [2024-09-18T23:24:33.712+0000] {dag.py:4156} INFO - Setting next_dagrun for exec_bronze to 2024-09-17 06:00:00+00:00, run_after=2024-09-18 06:00:00+00:00
[2024-09-18T23:24:33.730+0000] {processor.py:208} INFO - Processing /opt/airflow/dags/bronze.py took 0.087 seconds
[2024-09-18T23:25:04.010+0000] {processor.py:186} INFO - Started process (PID=415) to work on /opt/airflow/dags/bronze.py
[2024-09-18T23:25:04.011+0000] {processor.py:914} INFO - Processing file /opt/airflow/dags/bronze.py for tasks to queue
[2024-09-18T23:25:04.012+0000] {logging_mixin.py:190} INFO - [2024-09-18T23:25:04.012+0000] {dagbag.py:587} INFO - Filling up the DagBag from /opt/airflow/dags/bronze.py
[2024-09-18T23:25:04.032+0000] {processor.py:925} INFO - DAG(s) 'exec_bronze' retrieved from /opt/airflow/dags/bronze.py
[2024-09-18T23:25:04.051+0000] {logging_mixin.py:190} INFO - [2024-09-18T23:25:04.050+0000] {dag.py:3229} INFO - Sync 1 DAGs
[2024-09-18T23:25:04.071+0000] {logging_mixin.py:190} INFO - [2024-09-18T23:25:04.071+0000] {dag.py:4156} INFO - Setting next_dagrun for exec_bronze to 2024-09-17 06:00:00+00:00, run_after=2024-09-18 06:00:00+00:00
[2024-09-18T23:25:04.086+0000] {processor.py:208} INFO - Processing /opt/airflow/dags/bronze.py took 0.082 seconds
[2024-09-18T23:25:07.149+0000] {processor.py:186} INFO - Started process (PID=417) to work on /opt/airflow/dags/bronze.py
[2024-09-18T23:25:07.150+0000] {processor.py:914} INFO - Processing file /opt/airflow/dags/bronze.py for tasks to queue
[2024-09-18T23:25:07.152+0000] {logging_mixin.py:190} INFO - [2024-09-18T23:25:07.151+0000] {dagbag.py:587} INFO - Filling up the DagBag from /opt/airflow/dags/bronze.py
[2024-09-18T23:25:07.176+0000] {processor.py:925} INFO - DAG(s) 'exec_bronze' retrieved from /opt/airflow/dags/bronze.py
[2024-09-18T23:25:07.192+0000] {logging_mixin.py:190} INFO - [2024-09-18T23:25:07.192+0000] {dag.py:3229} INFO - Sync 1 DAGs
[2024-09-18T23:25:07.211+0000] {logging_mixin.py:190} INFO - [2024-09-18T23:25:07.211+0000] {dag.py:4156} INFO - Setting next_dagrun for exec_bronze to 2024-09-17 06:00:00+00:00, run_after=2024-09-18 06:00:00+00:00
[2024-09-18T23:25:07.228+0000] {processor.py:208} INFO - Processing /opt/airflow/dags/bronze.py took 0.084 seconds
[2024-09-18T23:25:37.532+0000] {processor.py:186} INFO - Started process (PID=426) to work on /opt/airflow/dags/bronze.py
[2024-09-18T23:25:37.532+0000] {processor.py:914} INFO - Processing file /opt/airflow/dags/bronze.py for tasks to queue
[2024-09-18T23:25:37.534+0000] {logging_mixin.py:190} INFO - [2024-09-18T23:25:37.533+0000] {dagbag.py:587} INFO - Filling up the DagBag from /opt/airflow/dags/bronze.py
[2024-09-18T23:25:37.555+0000] {processor.py:925} INFO - DAG(s) 'exec_bronze' retrieved from /opt/airflow/dags/bronze.py
[2024-09-18T23:25:37.572+0000] {logging_mixin.py:190} INFO - [2024-09-18T23:25:37.571+0000] {dag.py:3229} INFO - Sync 1 DAGs
[2024-09-18T23:25:37.592+0000] {logging_mixin.py:190} INFO - [2024-09-18T23:25:37.591+0000] {dag.py:4156} INFO - Setting next_dagrun for exec_bronze to 2024-09-17 06:00:00+00:00, run_after=2024-09-18 06:00:00+00:00
[2024-09-18T23:25:37.610+0000] {processor.py:208} INFO - Processing /opt/airflow/dags/bronze.py took 0.084 seconds
[2024-09-18T23:26:07.846+0000] {processor.py:186} INFO - Started process (PID=435) to work on /opt/airflow/dags/bronze.py
[2024-09-18T23:26:07.847+0000] {processor.py:914} INFO - Processing file /opt/airflow/dags/bronze.py for tasks to queue
[2024-09-18T23:26:07.848+0000] {logging_mixin.py:190} INFO - [2024-09-18T23:26:07.848+0000] {dagbag.py:587} INFO - Filling up the DagBag from /opt/airflow/dags/bronze.py
[2024-09-18T23:26:07.868+0000] {processor.py:925} INFO - DAG(s) 'exec_bronze' retrieved from /opt/airflow/dags/bronze.py
[2024-09-18T23:26:07.889+0000] {logging_mixin.py:190} INFO - [2024-09-18T23:26:07.889+0000] {dag.py:3229} INFO - Sync 1 DAGs
[2024-09-18T23:26:07.931+0000] {logging_mixin.py:190} INFO - [2024-09-18T23:26:07.930+0000] {dag.py:4156} INFO - Setting next_dagrun for exec_bronze to 2024-09-18 06:00:00+00:00, run_after=2024-09-19 06:00:00+00:00
[2024-09-18T23:26:08.263+0000] {processor.py:208} INFO - Processing /opt/airflow/dags/bronze.py took 0.421 seconds
[2024-09-18T23:26:38.384+0000] {processor.py:186} INFO - Started process (PID=444) to work on /opt/airflow/dags/bronze.py
[2024-09-18T23:26:38.384+0000] {processor.py:914} INFO - Processing file /opt/airflow/dags/bronze.py for tasks to queue
[2024-09-18T23:26:38.386+0000] {logging_mixin.py:190} INFO - [2024-09-18T23:26:38.385+0000] {dagbag.py:587} INFO - Filling up the DagBag from /opt/airflow/dags/bronze.py
[2024-09-18T23:26:38.407+0000] {processor.py:925} INFO - DAG(s) 'exec_bronze' retrieved from /opt/airflow/dags/bronze.py
[2024-09-18T23:26:38.424+0000] {logging_mixin.py:190} INFO - [2024-09-18T23:26:38.424+0000] {dag.py:3229} INFO - Sync 1 DAGs
[2024-09-18T23:26:38.447+0000] {logging_mixin.py:190} INFO - [2024-09-18T23:26:38.447+0000] {dag.py:4156} INFO - Setting next_dagrun for exec_bronze to 2024-09-18 06:00:00+00:00, run_after=2024-09-19 06:00:00+00:00
[2024-09-18T23:26:38.462+0000] {processor.py:208} INFO - Processing /opt/airflow/dags/bronze.py took 0.084 seconds
[2024-09-18T23:27:08.735+0000] {processor.py:186} INFO - Started process (PID=453) to work on /opt/airflow/dags/bronze.py
[2024-09-18T23:27:08.736+0000] {processor.py:914} INFO - Processing file /opt/airflow/dags/bronze.py for tasks to queue
[2024-09-18T23:27:08.737+0000] {logging_mixin.py:190} INFO - [2024-09-18T23:27:08.737+0000] {dagbag.py:587} INFO - Filling up the DagBag from /opt/airflow/dags/bronze.py
[2024-09-18T23:27:08.756+0000] {processor.py:925} INFO - DAG(s) 'exec_bronze' retrieved from /opt/airflow/dags/bronze.py
[2024-09-18T23:27:08.771+0000] {logging_mixin.py:190} INFO - [2024-09-18T23:27:08.770+0000] {dag.py:3229} INFO - Sync 1 DAGs
[2024-09-18T23:27:08.788+0000] {logging_mixin.py:190} INFO - [2024-09-18T23:27:08.788+0000] {dag.py:4156} INFO - Setting next_dagrun for exec_bronze to 2024-09-18 06:00:00+00:00, run_after=2024-09-19 06:00:00+00:00
[2024-09-18T23:27:08.804+0000] {processor.py:208} INFO - Processing /opt/airflow/dags/bronze.py took 0.074 seconds
[2024-09-18T23:27:39.097+0000] {processor.py:186} INFO - Started process (PID=462) to work on /opt/airflow/dags/bronze.py
[2024-09-18T23:27:39.098+0000] {processor.py:914} INFO - Processing file /opt/airflow/dags/bronze.py for tasks to queue
[2024-09-18T23:27:39.099+0000] {logging_mixin.py:190} INFO - [2024-09-18T23:27:39.099+0000] {dagbag.py:587} INFO - Filling up the DagBag from /opt/airflow/dags/bronze.py
[2024-09-18T23:27:39.123+0000] {processor.py:925} INFO - DAG(s) 'exec_bronze' retrieved from /opt/airflow/dags/bronze.py
[2024-09-18T23:27:39.141+0000] {logging_mixin.py:190} INFO - [2024-09-18T23:27:39.141+0000] {dag.py:3229} INFO - Sync 1 DAGs
[2024-09-18T23:27:39.162+0000] {logging_mixin.py:190} INFO - [2024-09-18T23:27:39.162+0000] {dag.py:4156} INFO - Setting next_dagrun for exec_bronze to 2024-09-18 06:00:00+00:00, run_after=2024-09-19 06:00:00+00:00
[2024-09-18T23:27:39.180+0000] {processor.py:208} INFO - Processing /opt/airflow/dags/bronze.py took 0.089 seconds
[2024-09-18T23:28:09.478+0000] {processor.py:186} INFO - Started process (PID=471) to work on /opt/airflow/dags/bronze.py
[2024-09-18T23:28:09.478+0000] {processor.py:914} INFO - Processing file /opt/airflow/dags/bronze.py for tasks to queue
[2024-09-18T23:28:09.480+0000] {logging_mixin.py:190} INFO - [2024-09-18T23:28:09.479+0000] {dagbag.py:587} INFO - Filling up the DagBag from /opt/airflow/dags/bronze.py
[2024-09-18T23:28:09.499+0000] {processor.py:925} INFO - DAG(s) 'exec_bronze' retrieved from /opt/airflow/dags/bronze.py
[2024-09-18T23:28:09.517+0000] {logging_mixin.py:190} INFO - [2024-09-18T23:28:09.516+0000] {dag.py:3229} INFO - Sync 1 DAGs
[2024-09-18T23:28:09.535+0000] {logging_mixin.py:190} INFO - [2024-09-18T23:28:09.535+0000] {dag.py:4156} INFO - Setting next_dagrun for exec_bronze to 2024-09-18 06:00:00+00:00, run_after=2024-09-19 06:00:00+00:00
[2024-09-18T23:28:09.551+0000] {processor.py:208} INFO - Processing /opt/airflow/dags/bronze.py took 0.078 seconds
[2024-09-18T23:28:39.965+0000] {processor.py:186} INFO - Started process (PID=480) to work on /opt/airflow/dags/bronze.py
[2024-09-18T23:28:39.966+0000] {processor.py:914} INFO - Processing file /opt/airflow/dags/bronze.py for tasks to queue
[2024-09-18T23:28:39.967+0000] {logging_mixin.py:190} INFO - [2024-09-18T23:28:39.967+0000] {dagbag.py:587} INFO - Filling up the DagBag from /opt/airflow/dags/bronze.py
[2024-09-18T23:28:39.989+0000] {processor.py:925} INFO - DAG(s) 'exec_bronze' retrieved from /opt/airflow/dags/bronze.py
[2024-09-18T23:28:40.008+0000] {logging_mixin.py:190} INFO - [2024-09-18T23:28:40.008+0000] {dag.py:3229} INFO - Sync 1 DAGs
[2024-09-18T23:28:40.031+0000] {logging_mixin.py:190} INFO - [2024-09-18T23:28:40.030+0000] {dag.py:4156} INFO - Setting next_dagrun for exec_bronze to 2024-09-18 06:00:00+00:00, run_after=2024-09-19 06:00:00+00:00
[2024-09-18T23:28:40.190+0000] {processor.py:208} INFO - Processing /opt/airflow/dags/bronze.py took 0.231 seconds
[2024-09-18T23:29:10.315+0000] {processor.py:186} INFO - Started process (PID=489) to work on /opt/airflow/dags/bronze.py
[2024-09-18T23:29:10.316+0000] {processor.py:914} INFO - Processing file /opt/airflow/dags/bronze.py for tasks to queue
[2024-09-18T23:29:10.317+0000] {logging_mixin.py:190} INFO - [2024-09-18T23:29:10.317+0000] {dagbag.py:587} INFO - Filling up the DagBag from /opt/airflow/dags/bronze.py
[2024-09-18T23:29:10.335+0000] {processor.py:925} INFO - DAG(s) 'exec_bronze' retrieved from /opt/airflow/dags/bronze.py
[2024-09-18T23:29:10.352+0000] {logging_mixin.py:190} INFO - [2024-09-18T23:29:10.351+0000] {dag.py:3229} INFO - Sync 1 DAGs
[2024-09-18T23:29:10.501+0000] {logging_mixin.py:190} INFO - [2024-09-18T23:29:10.501+0000] {dag.py:4156} INFO - Setting next_dagrun for exec_bronze to 2024-09-18 06:00:00+00:00, run_after=2024-09-19 06:00:00+00:00
[2024-09-18T23:29:10.516+0000] {processor.py:208} INFO - Processing /opt/airflow/dags/bronze.py took 0.206 seconds
[2024-09-18T23:29:40.567+0000] {processor.py:186} INFO - Started process (PID=498) to work on /opt/airflow/dags/bronze.py
[2024-09-18T23:29:40.568+0000] {processor.py:914} INFO - Processing file /opt/airflow/dags/bronze.py for tasks to queue
[2024-09-18T23:29:40.570+0000] {logging_mixin.py:190} INFO - [2024-09-18T23:29:40.569+0000] {dagbag.py:587} INFO - Filling up the DagBag from /opt/airflow/dags/bronze.py
[2024-09-18T23:29:40.586+0000] {processor.py:925} INFO - DAG(s) 'exec_bronze' retrieved from /opt/airflow/dags/bronze.py
[2024-09-18T23:29:40.603+0000] {logging_mixin.py:190} INFO - [2024-09-18T23:29:40.603+0000] {dag.py:3229} INFO - Sync 1 DAGs
[2024-09-18T23:29:40.621+0000] {logging_mixin.py:190} INFO - [2024-09-18T23:29:40.621+0000] {dag.py:4156} INFO - Setting next_dagrun for exec_bronze to 2024-09-18 06:00:00+00:00, run_after=2024-09-19 06:00:00+00:00
[2024-09-18T23:29:40.636+0000] {processor.py:208} INFO - Processing /opt/airflow/dags/bronze.py took 0.074 seconds
[2024-09-18T23:30:10.881+0000] {processor.py:186} INFO - Started process (PID=507) to work on /opt/airflow/dags/bronze.py
[2024-09-18T23:30:10.882+0000] {processor.py:914} INFO - Processing file /opt/airflow/dags/bronze.py for tasks to queue
[2024-09-18T23:30:10.883+0000] {logging_mixin.py:190} INFO - [2024-09-18T23:30:10.882+0000] {dagbag.py:587} INFO - Filling up the DagBag from /opt/airflow/dags/bronze.py
[2024-09-18T23:30:10.900+0000] {processor.py:925} INFO - DAG(s) 'exec_bronze' retrieved from /opt/airflow/dags/bronze.py
[2024-09-18T23:30:10.916+0000] {logging_mixin.py:190} INFO - [2024-09-18T23:30:10.916+0000] {dag.py:3229} INFO - Sync 1 DAGs
[2024-09-18T23:30:10.934+0000] {logging_mixin.py:190} INFO - [2024-09-18T23:30:10.934+0000] {dag.py:4156} INFO - Setting next_dagrun for exec_bronze to 2024-09-18 06:00:00+00:00, run_after=2024-09-19 06:00:00+00:00
[2024-09-18T23:30:10.958+0000] {processor.py:208} INFO - Processing /opt/airflow/dags/bronze.py took 0.082 seconds
[2024-09-18T23:30:41.305+0000] {processor.py:186} INFO - Started process (PID=516) to work on /opt/airflow/dags/bronze.py
[2024-09-18T23:30:41.306+0000] {processor.py:914} INFO - Processing file /opt/airflow/dags/bronze.py for tasks to queue
[2024-09-18T23:30:41.307+0000] {logging_mixin.py:190} INFO - [2024-09-18T23:30:41.307+0000] {dagbag.py:587} INFO - Filling up the DagBag from /opt/airflow/dags/bronze.py
[2024-09-18T23:30:41.324+0000] {processor.py:925} INFO - DAG(s) 'exec_bronze' retrieved from /opt/airflow/dags/bronze.py
[2024-09-18T23:30:41.340+0000] {logging_mixin.py:190} INFO - [2024-09-18T23:30:41.340+0000] {dag.py:3229} INFO - Sync 1 DAGs
[2024-09-18T23:30:41.358+0000] {logging_mixin.py:190} INFO - [2024-09-18T23:30:41.357+0000] {dag.py:4156} INFO - Setting next_dagrun for exec_bronze to 2024-09-18 06:00:00+00:00, run_after=2024-09-19 06:00:00+00:00
[2024-09-18T23:30:41.375+0000] {processor.py:208} INFO - Processing /opt/airflow/dags/bronze.py took 0.074 seconds
[2024-09-18T23:31:11.791+0000] {processor.py:186} INFO - Started process (PID=525) to work on /opt/airflow/dags/bronze.py
[2024-09-18T23:31:11.792+0000] {processor.py:914} INFO - Processing file /opt/airflow/dags/bronze.py for tasks to queue
[2024-09-18T23:31:11.793+0000] {logging_mixin.py:190} INFO - [2024-09-18T23:31:11.792+0000] {dagbag.py:587} INFO - Filling up the DagBag from /opt/airflow/dags/bronze.py
[2024-09-18T23:31:11.810+0000] {processor.py:925} INFO - DAG(s) 'exec_bronze' retrieved from /opt/airflow/dags/bronze.py
[2024-09-18T23:31:11.825+0000] {logging_mixin.py:190} INFO - [2024-09-18T23:31:11.825+0000] {dag.py:3229} INFO - Sync 1 DAGs
[2024-09-18T23:31:11.842+0000] {logging_mixin.py:190} INFO - [2024-09-18T23:31:11.842+0000] {dag.py:4156} INFO - Setting next_dagrun for exec_bronze to 2024-09-18 06:00:00+00:00, run_after=2024-09-19 06:00:00+00:00
[2024-09-18T23:31:11.858+0000] {processor.py:208} INFO - Processing /opt/airflow/dags/bronze.py took 0.072 seconds
[2024-09-18T23:31:42.253+0000] {processor.py:186} INFO - Started process (PID=534) to work on /opt/airflow/dags/bronze.py
[2024-09-18T23:31:42.254+0000] {processor.py:914} INFO - Processing file /opt/airflow/dags/bronze.py for tasks to queue
[2024-09-18T23:31:42.255+0000] {logging_mixin.py:190} INFO - [2024-09-18T23:31:42.254+0000] {dagbag.py:587} INFO - Filling up the DagBag from /opt/airflow/dags/bronze.py
[2024-09-18T23:31:42.274+0000] {processor.py:925} INFO - DAG(s) 'exec_bronze' retrieved from /opt/airflow/dags/bronze.py
[2024-09-18T23:31:42.292+0000] {logging_mixin.py:190} INFO - [2024-09-18T23:31:42.292+0000] {dag.py:3229} INFO - Sync 1 DAGs
[2024-09-18T23:31:42.314+0000] {logging_mixin.py:190} INFO - [2024-09-18T23:31:42.314+0000] {dag.py:4156} INFO - Setting next_dagrun for exec_bronze to 2024-09-18 06:00:00+00:00, run_after=2024-09-19 06:00:00+00:00
[2024-09-18T23:31:42.476+0000] {processor.py:208} INFO - Processing /opt/airflow/dags/bronze.py took 0.228 seconds
[2024-09-18T23:32:12.713+0000] {processor.py:186} INFO - Started process (PID=543) to work on /opt/airflow/dags/bronze.py
[2024-09-18T23:32:12.714+0000] {processor.py:914} INFO - Processing file /opt/airflow/dags/bronze.py for tasks to queue
[2024-09-18T23:32:12.715+0000] {logging_mixin.py:190} INFO - [2024-09-18T23:32:12.715+0000] {dagbag.py:587} INFO - Filling up the DagBag from /opt/airflow/dags/bronze.py
[2024-09-18T23:32:12.732+0000] {processor.py:925} INFO - DAG(s) 'exec_bronze' retrieved from /opt/airflow/dags/bronze.py
[2024-09-18T23:32:12.748+0000] {logging_mixin.py:190} INFO - [2024-09-18T23:32:12.748+0000] {dag.py:3229} INFO - Sync 1 DAGs
[2024-09-18T23:32:12.767+0000] {logging_mixin.py:190} INFO - [2024-09-18T23:32:12.767+0000] {dag.py:4156} INFO - Setting next_dagrun for exec_bronze to 2024-09-18 06:00:00+00:00, run_after=2024-09-19 06:00:00+00:00
[2024-09-18T23:32:12.783+0000] {processor.py:208} INFO - Processing /opt/airflow/dags/bronze.py took 0.074 seconds
[2024-09-18T23:32:43.115+0000] {processor.py:186} INFO - Started process (PID=552) to work on /opt/airflow/dags/bronze.py
[2024-09-18T23:32:43.116+0000] {processor.py:914} INFO - Processing file /opt/airflow/dags/bronze.py for tasks to queue
[2024-09-18T23:32:43.117+0000] {logging_mixin.py:190} INFO - [2024-09-18T23:32:43.117+0000] {dagbag.py:587} INFO - Filling up the DagBag from /opt/airflow/dags/bronze.py
[2024-09-18T23:32:43.134+0000] {processor.py:925} INFO - DAG(s) 'exec_bronze' retrieved from /opt/airflow/dags/bronze.py
[2024-09-18T23:32:43.148+0000] {logging_mixin.py:190} INFO - [2024-09-18T23:32:43.148+0000] {dag.py:3229} INFO - Sync 1 DAGs
[2024-09-18T23:32:43.165+0000] {logging_mixin.py:190} INFO - [2024-09-18T23:32:43.165+0000] {dag.py:4156} INFO - Setting next_dagrun for exec_bronze to 2024-09-18 06:00:00+00:00, run_after=2024-09-19 06:00:00+00:00
[2024-09-18T23:32:43.181+0000] {processor.py:208} INFO - Processing /opt/airflow/dags/bronze.py took 0.071 seconds
[2024-09-18T23:33:13.575+0000] {processor.py:186} INFO - Started process (PID=561) to work on /opt/airflow/dags/bronze.py
[2024-09-18T23:33:13.575+0000] {processor.py:914} INFO - Processing file /opt/airflow/dags/bronze.py for tasks to queue
[2024-09-18T23:33:13.577+0000] {logging_mixin.py:190} INFO - [2024-09-18T23:33:13.576+0000] {dagbag.py:587} INFO - Filling up the DagBag from /opt/airflow/dags/bronze.py
[2024-09-18T23:33:13.596+0000] {processor.py:925} INFO - DAG(s) 'exec_bronze' retrieved from /opt/airflow/dags/bronze.py
[2024-09-18T23:33:13.611+0000] {logging_mixin.py:190} INFO - [2024-09-18T23:33:13.611+0000] {dag.py:3229} INFO - Sync 1 DAGs
[2024-09-18T23:33:13.628+0000] {logging_mixin.py:190} INFO - [2024-09-18T23:33:13.628+0000] {dag.py:4156} INFO - Setting next_dagrun for exec_bronze to 2024-09-18 06:00:00+00:00, run_after=2024-09-19 06:00:00+00:00
[2024-09-18T23:33:13.644+0000] {processor.py:208} INFO - Processing /opt/airflow/dags/bronze.py took 0.074 seconds
[2024-09-18T23:33:44.018+0000] {processor.py:186} INFO - Started process (PID=570) to work on /opt/airflow/dags/bronze.py
[2024-09-18T23:33:44.019+0000] {processor.py:914} INFO - Processing file /opt/airflow/dags/bronze.py for tasks to queue
[2024-09-18T23:33:44.021+0000] {logging_mixin.py:190} INFO - [2024-09-18T23:33:44.020+0000] {dagbag.py:587} INFO - Filling up the DagBag from /opt/airflow/dags/bronze.py
[2024-09-18T23:33:44.046+0000] {processor.py:925} INFO - DAG(s) 'exec_bronze' retrieved from /opt/airflow/dags/bronze.py
[2024-09-18T23:33:44.065+0000] {logging_mixin.py:190} INFO - [2024-09-18T23:33:44.065+0000] {dag.py:3229} INFO - Sync 1 DAGs
[2024-09-18T23:33:44.088+0000] {logging_mixin.py:190} INFO - [2024-09-18T23:33:44.087+0000] {dag.py:4156} INFO - Setting next_dagrun for exec_bronze to 2024-09-18 06:00:00+00:00, run_after=2024-09-19 06:00:00+00:00
[2024-09-18T23:33:44.105+0000] {processor.py:208} INFO - Processing /opt/airflow/dags/bronze.py took 0.093 seconds
[2024-09-18T23:34:14.468+0000] {processor.py:186} INFO - Started process (PID=579) to work on /opt/airflow/dags/bronze.py
[2024-09-18T23:34:14.469+0000] {processor.py:914} INFO - Processing file /opt/airflow/dags/bronze.py for tasks to queue
[2024-09-18T23:34:14.470+0000] {logging_mixin.py:190} INFO - [2024-09-18T23:34:14.470+0000] {dagbag.py:587} INFO - Filling up the DagBag from /opt/airflow/dags/bronze.py
[2024-09-18T23:34:14.492+0000] {processor.py:925} INFO - DAG(s) 'exec_bronze' retrieved from /opt/airflow/dags/bronze.py
[2024-09-18T23:34:14.511+0000] {logging_mixin.py:190} INFO - [2024-09-18T23:34:14.510+0000] {dag.py:3229} INFO - Sync 1 DAGs
[2024-09-18T23:34:14.531+0000] {logging_mixin.py:190} INFO - [2024-09-18T23:34:14.531+0000] {dag.py:4156} INFO - Setting next_dagrun for exec_bronze to 2024-09-18 06:00:00+00:00, run_after=2024-09-19 06:00:00+00:00
[2024-09-18T23:34:14.549+0000] {processor.py:208} INFO - Processing /opt/airflow/dags/bronze.py took 0.086 seconds
[2024-09-18T23:34:44.919+0000] {processor.py:186} INFO - Started process (PID=588) to work on /opt/airflow/dags/bronze.py
[2024-09-18T23:34:44.920+0000] {processor.py:914} INFO - Processing file /opt/airflow/dags/bronze.py for tasks to queue
[2024-09-18T23:34:44.921+0000] {logging_mixin.py:190} INFO - [2024-09-18T23:34:44.920+0000] {dagbag.py:587} INFO - Filling up the DagBag from /opt/airflow/dags/bronze.py
[2024-09-18T23:34:44.940+0000] {processor.py:925} INFO - DAG(s) 'exec_bronze' retrieved from /opt/airflow/dags/bronze.py
[2024-09-18T23:34:44.959+0000] {logging_mixin.py:190} INFO - [2024-09-18T23:34:44.959+0000] {dag.py:3229} INFO - Sync 1 DAGs
[2024-09-18T23:34:45.103+0000] {logging_mixin.py:190} INFO - [2024-09-18T23:34:45.103+0000] {dag.py:4156} INFO - Setting next_dagrun for exec_bronze to 2024-09-18 06:00:00+00:00, run_after=2024-09-19 06:00:00+00:00
[2024-09-18T23:34:45.121+0000] {processor.py:208} INFO - Processing /opt/airflow/dags/bronze.py took 0.207 seconds
[2024-09-18T23:35:15.484+0000] {processor.py:186} INFO - Started process (PID=598) to work on /opt/airflow/dags/bronze.py
[2024-09-18T23:35:15.485+0000] {processor.py:914} INFO - Processing file /opt/airflow/dags/bronze.py for tasks to queue
[2024-09-18T23:35:15.486+0000] {logging_mixin.py:190} INFO - [2024-09-18T23:35:15.486+0000] {dagbag.py:587} INFO - Filling up the DagBag from /opt/airflow/dags/bronze.py
[2024-09-18T23:35:15.502+0000] {processor.py:925} INFO - DAG(s) 'exec_bronze' retrieved from /opt/airflow/dags/bronze.py
[2024-09-18T23:35:15.521+0000] {logging_mixin.py:190} INFO - [2024-09-18T23:35:15.521+0000] {dag.py:3229} INFO - Sync 1 DAGs
[2024-09-18T23:35:15.540+0000] {logging_mixin.py:190} INFO - [2024-09-18T23:35:15.540+0000] {dag.py:4156} INFO - Setting next_dagrun for exec_bronze to 2024-09-18 06:00:00+00:00, run_after=2024-09-19 06:00:00+00:00
[2024-09-18T23:35:15.557+0000] {processor.py:208} INFO - Processing /opt/airflow/dags/bronze.py took 0.078 seconds
[2024-09-18T23:35:45.850+0000] {processor.py:186} INFO - Started process (PID=607) to work on /opt/airflow/dags/bronze.py
[2024-09-18T23:35:45.851+0000] {processor.py:914} INFO - Processing file /opt/airflow/dags/bronze.py for tasks to queue
[2024-09-18T23:35:45.852+0000] {logging_mixin.py:190} INFO - [2024-09-18T23:35:45.852+0000] {dagbag.py:587} INFO - Filling up the DagBag from /opt/airflow/dags/bronze.py
[2024-09-18T23:35:45.868+0000] {processor.py:925} INFO - DAG(s) 'exec_bronze' retrieved from /opt/airflow/dags/bronze.py
[2024-09-18T23:35:45.883+0000] {logging_mixin.py:190} INFO - [2024-09-18T23:35:45.883+0000] {dag.py:3229} INFO - Sync 1 DAGs
[2024-09-18T23:35:45.902+0000] {logging_mixin.py:190} INFO - [2024-09-18T23:35:45.902+0000] {dag.py:4156} INFO - Setting next_dagrun for exec_bronze to 2024-09-18 06:00:00+00:00, run_after=2024-09-19 06:00:00+00:00
[2024-09-18T23:35:45.919+0000] {processor.py:208} INFO - Processing /opt/airflow/dags/bronze.py took 0.073 seconds
[2024-09-18T23:36:16.213+0000] {processor.py:186} INFO - Started process (PID=616) to work on /opt/airflow/dags/bronze.py
[2024-09-18T23:36:16.214+0000] {processor.py:914} INFO - Processing file /opt/airflow/dags/bronze.py for tasks to queue
[2024-09-18T23:36:16.215+0000] {logging_mixin.py:190} INFO - [2024-09-18T23:36:16.215+0000] {dagbag.py:587} INFO - Filling up the DagBag from /opt/airflow/dags/bronze.py
[2024-09-18T23:36:16.231+0000] {processor.py:925} INFO - DAG(s) 'exec_bronze' retrieved from /opt/airflow/dags/bronze.py
[2024-09-18T23:36:16.249+0000] {logging_mixin.py:190} INFO - [2024-09-18T23:36:16.249+0000] {dag.py:3229} INFO - Sync 1 DAGs
[2024-09-18T23:36:16.267+0000] {logging_mixin.py:190} INFO - [2024-09-18T23:36:16.267+0000] {dag.py:4156} INFO - Setting next_dagrun for exec_bronze to 2024-09-18 06:00:00+00:00, run_after=2024-09-19 06:00:00+00:00
[2024-09-18T23:36:16.283+0000] {processor.py:208} INFO - Processing /opt/airflow/dags/bronze.py took 0.075 seconds
[2024-09-18T23:36:46.652+0000] {processor.py:186} INFO - Started process (PID=625) to work on /opt/airflow/dags/bronze.py
[2024-09-18T23:36:46.652+0000] {processor.py:914} INFO - Processing file /opt/airflow/dags/bronze.py for tasks to queue
[2024-09-18T23:36:46.653+0000] {logging_mixin.py:190} INFO - [2024-09-18T23:36:46.653+0000] {dagbag.py:587} INFO - Filling up the DagBag from /opt/airflow/dags/bronze.py
[2024-09-18T23:36:46.671+0000] {processor.py:925} INFO - DAG(s) 'exec_bronze' retrieved from /opt/airflow/dags/bronze.py
[2024-09-18T23:36:46.686+0000] {logging_mixin.py:190} INFO - [2024-09-18T23:36:46.685+0000] {dag.py:3229} INFO - Sync 1 DAGs
[2024-09-18T23:36:46.703+0000] {logging_mixin.py:190} INFO - [2024-09-18T23:36:46.703+0000] {dag.py:4156} INFO - Setting next_dagrun for exec_bronze to 2024-09-18 06:00:00+00:00, run_after=2024-09-19 06:00:00+00:00
[2024-09-18T23:36:46.717+0000] {processor.py:208} INFO - Processing /opt/airflow/dags/bronze.py took 0.070 seconds
[2024-09-18T23:37:17.005+0000] {processor.py:186} INFO - Started process (PID=634) to work on /opt/airflow/dags/bronze.py
[2024-09-18T23:37:17.006+0000] {processor.py:914} INFO - Processing file /opt/airflow/dags/bronze.py for tasks to queue
[2024-09-18T23:37:17.007+0000] {logging_mixin.py:190} INFO - [2024-09-18T23:37:17.006+0000] {dagbag.py:587} INFO - Filling up the DagBag from /opt/airflow/dags/bronze.py
[2024-09-18T23:37:17.023+0000] {processor.py:925} INFO - DAG(s) 'exec_bronze' retrieved from /opt/airflow/dags/bronze.py
[2024-09-18T23:37:17.038+0000] {logging_mixin.py:190} INFO - [2024-09-18T23:37:17.038+0000] {dag.py:3229} INFO - Sync 1 DAGs
[2024-09-18T23:37:17.059+0000] {logging_mixin.py:190} INFO - [2024-09-18T23:37:17.058+0000] {dag.py:4156} INFO - Setting next_dagrun for exec_bronze to 2024-09-18 06:00:00+00:00, run_after=2024-09-19 06:00:00+00:00
[2024-09-18T23:37:17.187+0000] {processor.py:208} INFO - Processing /opt/airflow/dags/bronze.py took 0.186 seconds
[2024-09-18T23:37:47.428+0000] {processor.py:186} INFO - Started process (PID=643) to work on /opt/airflow/dags/bronze.py
[2024-09-18T23:37:47.429+0000] {processor.py:914} INFO - Processing file /opt/airflow/dags/bronze.py for tasks to queue
[2024-09-18T23:37:47.430+0000] {logging_mixin.py:190} INFO - [2024-09-18T23:37:47.430+0000] {dagbag.py:587} INFO - Filling up the DagBag from /opt/airflow/dags/bronze.py
[2024-09-18T23:37:47.447+0000] {processor.py:925} INFO - DAG(s) 'exec_bronze' retrieved from /opt/airflow/dags/bronze.py
[2024-09-18T23:37:47.465+0000] {logging_mixin.py:190} INFO - [2024-09-18T23:37:47.465+0000] {dag.py:3229} INFO - Sync 1 DAGs
[2024-09-18T23:37:47.602+0000] {logging_mixin.py:190} INFO - [2024-09-18T23:37:47.602+0000] {dag.py:4156} INFO - Setting next_dagrun for exec_bronze to 2024-09-18 06:00:00+00:00, run_after=2024-09-19 06:00:00+00:00
[2024-09-18T23:37:47.615+0000] {processor.py:208} INFO - Processing /opt/airflow/dags/bronze.py took 0.193 seconds
[2024-09-18T23:38:17.770+0000] {processor.py:186} INFO - Started process (PID=652) to work on /opt/airflow/dags/bronze.py
[2024-09-18T23:38:17.771+0000] {processor.py:914} INFO - Processing file /opt/airflow/dags/bronze.py for tasks to queue
[2024-09-18T23:38:17.772+0000] {logging_mixin.py:190} INFO - [2024-09-18T23:38:17.772+0000] {dagbag.py:587} INFO - Filling up the DagBag from /opt/airflow/dags/bronze.py
[2024-09-18T23:38:17.794+0000] {processor.py:925} INFO - DAG(s) 'exec_bronze' retrieved from /opt/airflow/dags/bronze.py
[2024-09-18T23:38:17.814+0000] {logging_mixin.py:190} INFO - [2024-09-18T23:38:17.814+0000] {dag.py:3229} INFO - Sync 1 DAGs
[2024-09-18T23:38:17.837+0000] {logging_mixin.py:190} INFO - [2024-09-18T23:38:17.836+0000] {dag.py:4156} INFO - Setting next_dagrun for exec_bronze to 2024-09-18 06:00:00+00:00, run_after=2024-09-19 06:00:00+00:00
[2024-09-18T23:38:17.856+0000] {processor.py:208} INFO - Processing /opt/airflow/dags/bronze.py took 0.092 seconds
[2024-09-18T23:38:48.173+0000] {processor.py:186} INFO - Started process (PID=661) to work on /opt/airflow/dags/bronze.py
[2024-09-18T23:38:48.174+0000] {processor.py:914} INFO - Processing file /opt/airflow/dags/bronze.py for tasks to queue
[2024-09-18T23:38:48.175+0000] {logging_mixin.py:190} INFO - [2024-09-18T23:38:48.175+0000] {dagbag.py:587} INFO - Filling up the DagBag from /opt/airflow/dags/bronze.py
[2024-09-18T23:38:48.198+0000] {processor.py:925} INFO - DAG(s) 'exec_bronze' retrieved from /opt/airflow/dags/bronze.py
[2024-09-18T23:38:48.217+0000] {logging_mixin.py:190} INFO - [2024-09-18T23:38:48.216+0000] {dag.py:3229} INFO - Sync 1 DAGs
[2024-09-18T23:38:48.240+0000] {logging_mixin.py:190} INFO - [2024-09-18T23:38:48.240+0000] {dag.py:4156} INFO - Setting next_dagrun for exec_bronze to 2024-09-18 06:00:00+00:00, run_after=2024-09-19 06:00:00+00:00
[2024-09-18T23:38:48.257+0000] {processor.py:208} INFO - Processing /opt/airflow/dags/bronze.py took 0.095 seconds
[2024-09-18T23:39:18.522+0000] {processor.py:186} INFO - Started process (PID=670) to work on /opt/airflow/dags/bronze.py
[2024-09-18T23:39:18.523+0000] {processor.py:914} INFO - Processing file /opt/airflow/dags/bronze.py for tasks to queue
[2024-09-18T23:39:18.524+0000] {logging_mixin.py:190} INFO - [2024-09-18T23:39:18.524+0000] {dagbag.py:587} INFO - Filling up the DagBag from /opt/airflow/dags/bronze.py
[2024-09-18T23:39:18.550+0000] {processor.py:925} INFO - DAG(s) 'exec_bronze' retrieved from /opt/airflow/dags/bronze.py
[2024-09-18T23:39:18.569+0000] {logging_mixin.py:190} INFO - [2024-09-18T23:39:18.569+0000] {dag.py:3229} INFO - Sync 1 DAGs
[2024-09-18T23:39:18.595+0000] {logging_mixin.py:190} INFO - [2024-09-18T23:39:18.594+0000] {dag.py:4156} INFO - Setting next_dagrun for exec_bronze to 2024-09-18 06:00:00+00:00, run_after=2024-09-19 06:00:00+00:00
[2024-09-18T23:39:18.617+0000] {processor.py:208} INFO - Processing /opt/airflow/dags/bronze.py took 0.101 seconds
[2024-09-18T23:39:48.927+0000] {processor.py:186} INFO - Started process (PID=679) to work on /opt/airflow/dags/bronze.py
[2024-09-18T23:39:48.928+0000] {processor.py:914} INFO - Processing file /opt/airflow/dags/bronze.py for tasks to queue
[2024-09-18T23:39:48.929+0000] {logging_mixin.py:190} INFO - [2024-09-18T23:39:48.929+0000] {dagbag.py:587} INFO - Filling up the DagBag from /opt/airflow/dags/bronze.py
[2024-09-18T23:39:48.950+0000] {processor.py:925} INFO - DAG(s) 'exec_bronze' retrieved from /opt/airflow/dags/bronze.py
[2024-09-18T23:39:48.968+0000] {logging_mixin.py:190} INFO - [2024-09-18T23:39:48.967+0000] {dag.py:3229} INFO - Sync 1 DAGs
[2024-09-18T23:39:48.991+0000] {logging_mixin.py:190} INFO - [2024-09-18T23:39:48.991+0000] {dag.py:4156} INFO - Setting next_dagrun for exec_bronze to 2024-09-18 06:00:00+00:00, run_after=2024-09-19 06:00:00+00:00
[2024-09-18T23:39:49.008+0000] {processor.py:208} INFO - Processing /opt/airflow/dags/bronze.py took 0.086 seconds
[2024-09-18T23:40:19.311+0000] {processor.py:186} INFO - Started process (PID=688) to work on /opt/airflow/dags/bronze.py
[2024-09-18T23:40:19.312+0000] {processor.py:914} INFO - Processing file /opt/airflow/dags/bronze.py for tasks to queue
[2024-09-18T23:40:19.313+0000] {logging_mixin.py:190} INFO - [2024-09-18T23:40:19.313+0000] {dagbag.py:587} INFO - Filling up the DagBag from /opt/airflow/dags/bronze.py
[2024-09-18T23:40:19.330+0000] {processor.py:925} INFO - DAG(s) 'exec_bronze' retrieved from /opt/airflow/dags/bronze.py
[2024-09-18T23:40:19.346+0000] {logging_mixin.py:190} INFO - [2024-09-18T23:40:19.346+0000] {dag.py:3229} INFO - Sync 1 DAGs
[2024-09-18T23:40:19.474+0000] {logging_mixin.py:190} INFO - [2024-09-18T23:40:19.474+0000] {dag.py:4156} INFO - Setting next_dagrun for exec_bronze to 2024-09-18 06:00:00+00:00, run_after=2024-09-19 06:00:00+00:00
[2024-09-18T23:40:19.491+0000] {processor.py:208} INFO - Processing /opt/airflow/dags/bronze.py took 0.184 seconds
[2024-09-18T23:40:49.883+0000] {processor.py:186} INFO - Started process (PID=697) to work on /opt/airflow/dags/bronze.py
[2024-09-18T23:40:49.883+0000] {processor.py:914} INFO - Processing file /opt/airflow/dags/bronze.py for tasks to queue
[2024-09-18T23:40:49.884+0000] {logging_mixin.py:190} INFO - [2024-09-18T23:40:49.884+0000] {dagbag.py:587} INFO - Filling up the DagBag from /opt/airflow/dags/bronze.py
[2024-09-18T23:40:49.903+0000] {processor.py:925} INFO - DAG(s) 'exec_bronze' retrieved from /opt/airflow/dags/bronze.py
[2024-09-18T23:40:49.920+0000] {logging_mixin.py:190} INFO - [2024-09-18T23:40:49.919+0000] {dag.py:3229} INFO - Sync 1 DAGs
[2024-09-18T23:40:49.937+0000] {logging_mixin.py:190} INFO - [2024-09-18T23:40:49.937+0000] {dag.py:4156} INFO - Setting next_dagrun for exec_bronze to 2024-09-18 06:00:00+00:00, run_after=2024-09-19 06:00:00+00:00
[2024-09-18T23:40:49.952+0000] {processor.py:208} INFO - Processing /opt/airflow/dags/bronze.py took 0.074 seconds
[2024-09-18T23:41:20.246+0000] {processor.py:186} INFO - Started process (PID=706) to work on /opt/airflow/dags/bronze.py
[2024-09-18T23:41:20.247+0000] {processor.py:914} INFO - Processing file /opt/airflow/dags/bronze.py for tasks to queue
[2024-09-18T23:41:20.248+0000] {logging_mixin.py:190} INFO - [2024-09-18T23:41:20.248+0000] {dagbag.py:587} INFO - Filling up the DagBag from /opt/airflow/dags/bronze.py
[2024-09-18T23:41:20.264+0000] {processor.py:925} INFO - DAG(s) 'exec_bronze' retrieved from /opt/airflow/dags/bronze.py
[2024-09-18T23:41:20.280+0000] {logging_mixin.py:190} INFO - [2024-09-18T23:41:20.280+0000] {dag.py:3229} INFO - Sync 1 DAGs
[2024-09-18T23:41:20.297+0000] {logging_mixin.py:190} INFO - [2024-09-18T23:41:20.297+0000] {dag.py:4156} INFO - Setting next_dagrun for exec_bronze to 2024-09-18 06:00:00+00:00, run_after=2024-09-19 06:00:00+00:00
[2024-09-18T23:41:20.313+0000] {processor.py:208} INFO - Processing /opt/airflow/dags/bronze.py took 0.072 seconds
[2024-09-18T23:41:50.652+0000] {processor.py:186} INFO - Started process (PID=715) to work on /opt/airflow/dags/bronze.py
[2024-09-18T23:41:50.653+0000] {processor.py:914} INFO - Processing file /opt/airflow/dags/bronze.py for tasks to queue
[2024-09-18T23:41:50.654+0000] {logging_mixin.py:190} INFO - [2024-09-18T23:41:50.653+0000] {dagbag.py:587} INFO - Filling up the DagBag from /opt/airflow/dags/bronze.py
[2024-09-18T23:41:50.672+0000] {processor.py:925} INFO - DAG(s) 'exec_bronze' retrieved from /opt/airflow/dags/bronze.py
[2024-09-18T23:41:50.690+0000] {logging_mixin.py:190} INFO - [2024-09-18T23:41:50.690+0000] {dag.py:3229} INFO - Sync 1 DAGs
[2024-09-18T23:41:50.709+0000] {logging_mixin.py:190} INFO - [2024-09-18T23:41:50.708+0000] {dag.py:4156} INFO - Setting next_dagrun for exec_bronze to 2024-09-18 06:00:00+00:00, run_after=2024-09-19 06:00:00+00:00
[2024-09-18T23:41:50.726+0000] {processor.py:208} INFO - Processing /opt/airflow/dags/bronze.py took 0.079 seconds
[2024-09-18T23:42:21.028+0000] {processor.py:186} INFO - Started process (PID=724) to work on /opt/airflow/dags/bronze.py
[2024-09-18T23:42:21.029+0000] {processor.py:914} INFO - Processing file /opt/airflow/dags/bronze.py for tasks to queue
[2024-09-18T23:42:21.030+0000] {logging_mixin.py:190} INFO - [2024-09-18T23:42:21.029+0000] {dagbag.py:587} INFO - Filling up the DagBag from /opt/airflow/dags/bronze.py
[2024-09-18T23:42:21.048+0000] {processor.py:925} INFO - DAG(s) 'exec_bronze' retrieved from /opt/airflow/dags/bronze.py
[2024-09-18T23:42:21.065+0000] {logging_mixin.py:190} INFO - [2024-09-18T23:42:21.065+0000] {dag.py:3229} INFO - Sync 1 DAGs
[2024-09-18T23:42:21.084+0000] {logging_mixin.py:190} INFO - [2024-09-18T23:42:21.084+0000] {dag.py:4156} INFO - Setting next_dagrun for exec_bronze to 2024-09-18 06:00:00+00:00, run_after=2024-09-19 06:00:00+00:00
[2024-09-18T23:42:21.098+0000] {processor.py:208} INFO - Processing /opt/airflow/dags/bronze.py took 0.075 seconds
[2024-09-18T23:42:51.426+0000] {processor.py:186} INFO - Started process (PID=733) to work on /opt/airflow/dags/bronze.py
[2024-09-18T23:42:51.427+0000] {processor.py:914} INFO - Processing file /opt/airflow/dags/bronze.py for tasks to queue
[2024-09-18T23:42:51.428+0000] {logging_mixin.py:190} INFO - [2024-09-18T23:42:51.427+0000] {dagbag.py:587} INFO - Filling up the DagBag from /opt/airflow/dags/bronze.py
[2024-09-18T23:42:51.449+0000] {processor.py:925} INFO - DAG(s) 'exec_bronze' retrieved from /opt/airflow/dags/bronze.py
[2024-09-18T23:42:51.467+0000] {logging_mixin.py:190} INFO - [2024-09-18T23:42:51.466+0000] {dag.py:3229} INFO - Sync 1 DAGs
[2024-09-18T23:42:51.488+0000] {logging_mixin.py:190} INFO - [2024-09-18T23:42:51.487+0000] {dag.py:4156} INFO - Setting next_dagrun for exec_bronze to 2024-09-18 06:00:00+00:00, run_after=2024-09-19 06:00:00+00:00
[2024-09-18T23:42:51.646+0000] {processor.py:208} INFO - Processing /opt/airflow/dags/bronze.py took 0.226 seconds
[2024-09-18T23:43:21.737+0000] {processor.py:186} INFO - Started process (PID=742) to work on /opt/airflow/dags/bronze.py
[2024-09-18T23:43:21.738+0000] {processor.py:914} INFO - Processing file /opt/airflow/dags/bronze.py for tasks to queue
[2024-09-18T23:43:21.739+0000] {logging_mixin.py:190} INFO - [2024-09-18T23:43:21.739+0000] {dagbag.py:587} INFO - Filling up the DagBag from /opt/airflow/dags/bronze.py
[2024-09-18T23:43:21.758+0000] {processor.py:925} INFO - DAG(s) 'exec_bronze' retrieved from /opt/airflow/dags/bronze.py
[2024-09-18T23:43:21.775+0000] {logging_mixin.py:190} INFO - [2024-09-18T23:43:21.775+0000] {dag.py:3229} INFO - Sync 1 DAGs
[2024-09-18T23:43:21.922+0000] {logging_mixin.py:190} INFO - [2024-09-18T23:43:21.922+0000] {dag.py:4156} INFO - Setting next_dagrun for exec_bronze to 2024-09-18 06:00:00+00:00, run_after=2024-09-19 06:00:00+00:00
[2024-09-18T23:43:21.937+0000] {processor.py:208} INFO - Processing /opt/airflow/dags/bronze.py took 0.205 seconds
