[2024-09-18T23:06:16.976+0000] {processor.py:186} INFO - Started process (PID=59) to work on /opt/airflow/dags/silver.py
[2024-09-18T23:06:16.977+0000] {processor.py:914} INFO - Processing file /opt/airflow/dags/silver.py for tasks to queue
[2024-09-18T23:06:16.979+0000] {logging_mixin.py:190} INFO - [2024-09-18T23:06:16.979+0000] {dagbag.py:587} INFO - Filling up the DagBag from /opt/airflow/dags/silver.py
[2024-09-18T23:06:17.013+0000] {processor.py:925} INFO - DAG(s) 'executar_silver' retrieved from /opt/airflow/dags/silver.py
[2024-09-18T23:06:17.188+0000] {logging_mixin.py:190} INFO - [2024-09-18T23:06:17.187+0000] {override.py:1900} INFO - Created Permission View: can delete on DAG:executar_silver
[2024-09-18T23:06:17.196+0000] {logging_mixin.py:190} INFO - [2024-09-18T23:06:17.195+0000] {override.py:1900} INFO - Created Permission View: can read on DAG:executar_silver
[2024-09-18T23:06:17.201+0000] {logging_mixin.py:190} INFO - [2024-09-18T23:06:17.201+0000] {override.py:1900} INFO - Created Permission View: can edit on DAG:executar_silver
[2024-09-18T23:06:17.208+0000] {logging_mixin.py:190} INFO - [2024-09-18T23:06:17.207+0000] {override.py:1900} INFO - Created Permission View: can create on DAG Run:executar_silver
[2024-09-18T23:06:17.214+0000] {logging_mixin.py:190} INFO - [2024-09-18T23:06:17.213+0000] {override.py:1900} INFO - Created Permission View: can delete on DAG Run:executar_silver
[2024-09-18T23:06:17.221+0000] {logging_mixin.py:190} INFO - [2024-09-18T23:06:17.221+0000] {override.py:1900} INFO - Created Permission View: menu access on DAG Run:executar_silver
[2024-09-18T23:06:17.228+0000] {logging_mixin.py:190} INFO - [2024-09-18T23:06:17.228+0000] {override.py:1900} INFO - Created Permission View: can read on DAG Run:executar_silver
[2024-09-18T23:06:17.229+0000] {logging_mixin.py:190} INFO - [2024-09-18T23:06:17.229+0000] {dag.py:3229} INFO - Sync 1 DAGs
[2024-09-18T23:06:17.239+0000] {logging_mixin.py:190} INFO - [2024-09-18T23:06:17.239+0000] {dag.py:3252} INFO - Creating ORM DAG for executar_silver
[2024-09-18T23:06:17.240+0000] {logging_mixin.py:190} INFO - [2024-09-18T23:06:17.239+0000] {dag.py:4156} INFO - Setting next_dagrun for executar_silver to None, run_after=None
[2024-09-18T23:06:17.255+0000] {processor.py:208} INFO - Processing /opt/airflow/dags/silver.py took 0.284 seconds
[2024-09-18T23:06:47.532+0000] {processor.py:186} INFO - Started process (PID=68) to work on /opt/airflow/dags/silver.py
[2024-09-18T23:06:47.533+0000] {processor.py:914} INFO - Processing file /opt/airflow/dags/silver.py for tasks to queue
[2024-09-18T23:06:47.535+0000] {logging_mixin.py:190} INFO - [2024-09-18T23:06:47.535+0000] {dagbag.py:587} INFO - Filling up the DagBag from /opt/airflow/dags/silver.py
[2024-09-18T23:06:47.556+0000] {processor.py:925} INFO - DAG(s) 'executar_silver' retrieved from /opt/airflow/dags/silver.py
[2024-09-18T23:06:47.574+0000] {logging_mixin.py:190} INFO - [2024-09-18T23:06:47.573+0000] {dag.py:3229} INFO - Sync 1 DAGs
[2024-09-18T23:06:47.588+0000] {logging_mixin.py:190} INFO - [2024-09-18T23:06:47.588+0000] {dag.py:4156} INFO - Setting next_dagrun for executar_silver to None, run_after=None
[2024-09-18T23:06:47.607+0000] {processor.py:208} INFO - Processing /opt/airflow/dags/silver.py took 0.080 seconds
[2024-09-18T23:07:17.887+0000] {processor.py:186} INFO - Started process (PID=77) to work on /opt/airflow/dags/silver.py
[2024-09-18T23:07:17.888+0000] {processor.py:914} INFO - Processing file /opt/airflow/dags/silver.py for tasks to queue
[2024-09-18T23:07:17.890+0000] {logging_mixin.py:190} INFO - [2024-09-18T23:07:17.890+0000] {dagbag.py:587} INFO - Filling up the DagBag from /opt/airflow/dags/silver.py
[2024-09-18T23:07:17.908+0000] {processor.py:925} INFO - DAG(s) 'executar_silver' retrieved from /opt/airflow/dags/silver.py
[2024-09-18T23:07:17.926+0000] {logging_mixin.py:190} INFO - [2024-09-18T23:07:17.926+0000] {dag.py:3229} INFO - Sync 1 DAGs
[2024-09-18T23:07:17.938+0000] {logging_mixin.py:190} INFO - [2024-09-18T23:07:17.938+0000] {dag.py:4156} INFO - Setting next_dagrun for executar_silver to None, run_after=None
[2024-09-18T23:07:17.959+0000] {processor.py:208} INFO - Processing /opt/airflow/dags/silver.py took 0.078 seconds
[2024-09-18T23:07:48.211+0000] {processor.py:186} INFO - Started process (PID=94) to work on /opt/airflow/dags/silver.py
[2024-09-18T23:07:48.212+0000] {processor.py:914} INFO - Processing file /opt/airflow/dags/silver.py for tasks to queue
[2024-09-18T23:07:48.214+0000] {logging_mixin.py:190} INFO - [2024-09-18T23:07:48.214+0000] {dagbag.py:587} INFO - Filling up the DagBag from /opt/airflow/dags/silver.py
[2024-09-18T23:07:48.231+0000] {processor.py:925} INFO - DAG(s) 'executar_silver' retrieved from /opt/airflow/dags/silver.py
[2024-09-18T23:07:48.250+0000] {logging_mixin.py:190} INFO - [2024-09-18T23:07:48.250+0000] {dag.py:3229} INFO - Sync 1 DAGs
[2024-09-18T23:07:48.263+0000] {logging_mixin.py:190} INFO - [2024-09-18T23:07:48.263+0000] {dag.py:4156} INFO - Setting next_dagrun for executar_silver to None, run_after=None
[2024-09-18T23:07:48.278+0000] {processor.py:208} INFO - Processing /opt/airflow/dags/silver.py took 0.072 seconds
[2024-09-18T23:08:18.578+0000] {processor.py:186} INFO - Started process (PID=103) to work on /opt/airflow/dags/silver.py
[2024-09-18T23:08:18.579+0000] {processor.py:914} INFO - Processing file /opt/airflow/dags/silver.py for tasks to queue
[2024-09-18T23:08:18.581+0000] {logging_mixin.py:190} INFO - [2024-09-18T23:08:18.580+0000] {dagbag.py:587} INFO - Filling up the DagBag from /opt/airflow/dags/silver.py
[2024-09-18T23:08:18.596+0000] {processor.py:925} INFO - DAG(s) 'executar_silver' retrieved from /opt/airflow/dags/silver.py
[2024-09-18T23:08:18.611+0000] {logging_mixin.py:190} INFO - [2024-09-18T23:08:18.611+0000] {dag.py:3229} INFO - Sync 1 DAGs
[2024-09-18T23:08:18.623+0000] {logging_mixin.py:190} INFO - [2024-09-18T23:08:18.623+0000] {dag.py:4156} INFO - Setting next_dagrun for executar_silver to None, run_after=None
[2024-09-18T23:08:18.641+0000] {processor.py:208} INFO - Processing /opt/airflow/dags/silver.py took 0.068 seconds
[2024-09-18T23:08:48.915+0000] {processor.py:186} INFO - Started process (PID=112) to work on /opt/airflow/dags/silver.py
[2024-09-18T23:08:48.916+0000] {processor.py:914} INFO - Processing file /opt/airflow/dags/silver.py for tasks to queue
[2024-09-18T23:08:48.918+0000] {logging_mixin.py:190} INFO - [2024-09-18T23:08:48.918+0000] {dagbag.py:587} INFO - Filling up the DagBag from /opt/airflow/dags/silver.py
[2024-09-18T23:08:48.933+0000] {processor.py:925} INFO - DAG(s) 'executar_silver' retrieved from /opt/airflow/dags/silver.py
[2024-09-18T23:08:48.948+0000] {logging_mixin.py:190} INFO - [2024-09-18T23:08:48.948+0000] {dag.py:3229} INFO - Sync 1 DAGs
[2024-09-18T23:08:48.960+0000] {logging_mixin.py:190} INFO - [2024-09-18T23:08:48.960+0000] {dag.py:4156} INFO - Setting next_dagrun for executar_silver to None, run_after=None
[2024-09-18T23:08:48.975+0000] {processor.py:208} INFO - Processing /opt/airflow/dags/silver.py took 0.064 seconds
[2024-09-18T23:09:19.242+0000] {processor.py:186} INFO - Started process (PID=121) to work on /opt/airflow/dags/silver.py
[2024-09-18T23:09:19.243+0000] {processor.py:914} INFO - Processing file /opt/airflow/dags/silver.py for tasks to queue
[2024-09-18T23:09:19.244+0000] {logging_mixin.py:190} INFO - [2024-09-18T23:09:19.244+0000] {dagbag.py:587} INFO - Filling up the DagBag from /opt/airflow/dags/silver.py
[2024-09-18T23:09:19.259+0000] {processor.py:925} INFO - DAG(s) 'executar_silver' retrieved from /opt/airflow/dags/silver.py
[2024-09-18T23:09:19.273+0000] {logging_mixin.py:190} INFO - [2024-09-18T23:09:19.273+0000] {dag.py:3229} INFO - Sync 1 DAGs
[2024-09-18T23:09:19.284+0000] {logging_mixin.py:190} INFO - [2024-09-18T23:09:19.284+0000] {dag.py:4156} INFO - Setting next_dagrun for executar_silver to None, run_after=None
[2024-09-18T23:09:19.302+0000] {processor.py:208} INFO - Processing /opt/airflow/dags/silver.py took 0.064 seconds
[2024-09-18T23:09:49.558+0000] {processor.py:186} INFO - Started process (PID=130) to work on /opt/airflow/dags/silver.py
[2024-09-18T23:09:49.559+0000] {processor.py:914} INFO - Processing file /opt/airflow/dags/silver.py for tasks to queue
[2024-09-18T23:09:49.561+0000] {logging_mixin.py:190} INFO - [2024-09-18T23:09:49.561+0000] {dagbag.py:587} INFO - Filling up the DagBag from /opt/airflow/dags/silver.py
[2024-09-18T23:09:49.579+0000] {processor.py:925} INFO - DAG(s) 'executar_silver' retrieved from /opt/airflow/dags/silver.py
[2024-09-18T23:09:49.595+0000] {logging_mixin.py:190} INFO - [2024-09-18T23:09:49.594+0000] {dag.py:3229} INFO - Sync 1 DAGs
[2024-09-18T23:09:49.606+0000] {logging_mixin.py:190} INFO - [2024-09-18T23:09:49.606+0000] {dag.py:4156} INFO - Setting next_dagrun for executar_silver to None, run_after=None
[2024-09-18T23:09:49.621+0000] {processor.py:208} INFO - Processing /opt/airflow/dags/silver.py took 0.068 seconds
[2024-09-18T23:10:19.876+0000] {processor.py:186} INFO - Started process (PID=139) to work on /opt/airflow/dags/silver.py
[2024-09-18T23:10:19.877+0000] {processor.py:914} INFO - Processing file /opt/airflow/dags/silver.py for tasks to queue
[2024-09-18T23:10:19.879+0000] {logging_mixin.py:190} INFO - [2024-09-18T23:10:19.879+0000] {dagbag.py:587} INFO - Filling up the DagBag from /opt/airflow/dags/silver.py
[2024-09-18T23:10:19.896+0000] {processor.py:925} INFO - DAG(s) 'executar_silver' retrieved from /opt/airflow/dags/silver.py
[2024-09-18T23:10:19.913+0000] {logging_mixin.py:190} INFO - [2024-09-18T23:10:19.913+0000] {dag.py:3229} INFO - Sync 1 DAGs
[2024-09-18T23:10:19.925+0000] {logging_mixin.py:190} INFO - [2024-09-18T23:10:19.924+0000] {dag.py:4156} INFO - Setting next_dagrun for executar_silver to None, run_after=None
[2024-09-18T23:10:19.942+0000] {processor.py:208} INFO - Processing /opt/airflow/dags/silver.py took 0.071 seconds
[2024-09-18T23:10:50.203+0000] {processor.py:186} INFO - Started process (PID=154) to work on /opt/airflow/dags/silver.py
[2024-09-18T23:10:50.204+0000] {processor.py:914} INFO - Processing file /opt/airflow/dags/silver.py for tasks to queue
[2024-09-18T23:10:50.206+0000] {logging_mixin.py:190} INFO - [2024-09-18T23:10:50.206+0000] {dagbag.py:587} INFO - Filling up the DagBag from /opt/airflow/dags/silver.py
[2024-09-18T23:10:50.221+0000] {processor.py:925} INFO - DAG(s) 'executar_silver' retrieved from /opt/airflow/dags/silver.py
[2024-09-18T23:10:50.235+0000] {logging_mixin.py:190} INFO - [2024-09-18T23:10:50.235+0000] {dag.py:3229} INFO - Sync 1 DAGs
[2024-09-18T23:10:50.247+0000] {logging_mixin.py:190} INFO - [2024-09-18T23:10:50.246+0000] {dag.py:4156} INFO - Setting next_dagrun for executar_silver to None, run_after=None
[2024-09-18T23:10:50.263+0000] {processor.py:208} INFO - Processing /opt/airflow/dags/silver.py took 0.064 seconds
[2024-09-18T23:11:20.538+0000] {processor.py:186} INFO - Started process (PID=167) to work on /opt/airflow/dags/silver.py
[2024-09-18T23:11:20.539+0000] {processor.py:914} INFO - Processing file /opt/airflow/dags/silver.py for tasks to queue
[2024-09-18T23:11:20.542+0000] {logging_mixin.py:190} INFO - [2024-09-18T23:11:20.541+0000] {dagbag.py:587} INFO - Filling up the DagBag from /opt/airflow/dags/silver.py
[2024-09-18T23:11:20.559+0000] {processor.py:925} INFO - DAG(s) 'executar_silver' retrieved from /opt/airflow/dags/silver.py
[2024-09-18T23:11:20.574+0000] {logging_mixin.py:190} INFO - [2024-09-18T23:11:20.573+0000] {dag.py:3229} INFO - Sync 1 DAGs
[2024-09-18T23:11:20.585+0000] {logging_mixin.py:190} INFO - [2024-09-18T23:11:20.585+0000] {dag.py:4156} INFO - Setting next_dagrun for executar_silver to None, run_after=None
[2024-09-18T23:11:20.600+0000] {processor.py:208} INFO - Processing /opt/airflow/dags/silver.py took 0.067 seconds
[2024-09-18T23:11:50.875+0000] {processor.py:186} INFO - Started process (PID=176) to work on /opt/airflow/dags/silver.py
[2024-09-18T23:11:50.875+0000] {processor.py:914} INFO - Processing file /opt/airflow/dags/silver.py for tasks to queue
[2024-09-18T23:11:50.878+0000] {logging_mixin.py:190} INFO - [2024-09-18T23:11:50.878+0000] {dagbag.py:587} INFO - Filling up the DagBag from /opt/airflow/dags/silver.py
[2024-09-18T23:11:50.895+0000] {processor.py:925} INFO - DAG(s) 'executar_silver' retrieved from /opt/airflow/dags/silver.py
[2024-09-18T23:11:50.911+0000] {logging_mixin.py:190} INFO - [2024-09-18T23:11:50.911+0000] {dag.py:3229} INFO - Sync 1 DAGs
[2024-09-18T23:11:50.921+0000] {logging_mixin.py:190} INFO - [2024-09-18T23:11:50.921+0000] {dag.py:4156} INFO - Setting next_dagrun for executar_silver to None, run_after=None
[2024-09-18T23:11:50.939+0000] {processor.py:208} INFO - Processing /opt/airflow/dags/silver.py took 0.069 seconds
[2024-09-18T23:12:21.304+0000] {processor.py:186} INFO - Started process (PID=185) to work on /opt/airflow/dags/silver.py
[2024-09-18T23:12:21.304+0000] {processor.py:914} INFO - Processing file /opt/airflow/dags/silver.py for tasks to queue
[2024-09-18T23:12:21.306+0000] {logging_mixin.py:190} INFO - [2024-09-18T23:12:21.306+0000] {dagbag.py:587} INFO - Filling up the DagBag from /opt/airflow/dags/silver.py
[2024-09-18T23:12:21.321+0000] {processor.py:925} INFO - DAG(s) 'executar_silver' retrieved from /opt/airflow/dags/silver.py
[2024-09-18T23:12:21.335+0000] {logging_mixin.py:190} INFO - [2024-09-18T23:12:21.335+0000] {dag.py:3229} INFO - Sync 1 DAGs
[2024-09-18T23:12:21.347+0000] {logging_mixin.py:190} INFO - [2024-09-18T23:12:21.346+0000] {dag.py:4156} INFO - Setting next_dagrun for executar_silver to None, run_after=None
[2024-09-18T23:12:21.364+0000] {processor.py:208} INFO - Processing /opt/airflow/dags/silver.py took 0.064 seconds
[2024-09-18T23:12:51.707+0000] {processor.py:186} INFO - Started process (PID=194) to work on /opt/airflow/dags/silver.py
[2024-09-18T23:12:51.707+0000] {processor.py:914} INFO - Processing file /opt/airflow/dags/silver.py for tasks to queue
[2024-09-18T23:12:51.709+0000] {logging_mixin.py:190} INFO - [2024-09-18T23:12:51.709+0000] {dagbag.py:587} INFO - Filling up the DagBag from /opt/airflow/dags/silver.py
[2024-09-18T23:12:51.726+0000] {processor.py:925} INFO - DAG(s) 'executar_silver' retrieved from /opt/airflow/dags/silver.py
[2024-09-18T23:12:51.740+0000] {logging_mixin.py:190} INFO - [2024-09-18T23:12:51.740+0000] {dag.py:3229} INFO - Sync 1 DAGs
[2024-09-18T23:12:51.751+0000] {logging_mixin.py:190} INFO - [2024-09-18T23:12:51.750+0000] {dag.py:4156} INFO - Setting next_dagrun for executar_silver to None, run_after=None
[2024-09-18T23:12:51.767+0000] {processor.py:208} INFO - Processing /opt/airflow/dags/silver.py took 0.064 seconds
[2024-09-18T23:13:22.087+0000] {processor.py:186} INFO - Started process (PID=204) to work on /opt/airflow/dags/silver.py
[2024-09-18T23:13:22.087+0000] {processor.py:914} INFO - Processing file /opt/airflow/dags/silver.py for tasks to queue
[2024-09-18T23:13:22.089+0000] {logging_mixin.py:190} INFO - [2024-09-18T23:13:22.089+0000] {dagbag.py:587} INFO - Filling up the DagBag from /opt/airflow/dags/silver.py
[2024-09-18T23:13:22.106+0000] {processor.py:925} INFO - DAG(s) 'executar_silver' retrieved from /opt/airflow/dags/silver.py
[2024-09-18T23:13:22.122+0000] {logging_mixin.py:190} INFO - [2024-09-18T23:13:22.122+0000] {dag.py:3229} INFO - Sync 1 DAGs
[2024-09-18T23:13:22.133+0000] {logging_mixin.py:190} INFO - [2024-09-18T23:13:22.133+0000] {dag.py:4156} INFO - Setting next_dagrun for executar_silver to None, run_after=None
[2024-09-18T23:13:22.149+0000] {processor.py:208} INFO - Processing /opt/airflow/dags/silver.py took 0.069 seconds
[2024-09-18T23:13:52.491+0000] {processor.py:186} INFO - Started process (PID=213) to work on /opt/airflow/dags/silver.py
[2024-09-18T23:13:52.492+0000] {processor.py:914} INFO - Processing file /opt/airflow/dags/silver.py for tasks to queue
[2024-09-18T23:13:52.494+0000] {logging_mixin.py:190} INFO - [2024-09-18T23:13:52.494+0000] {dagbag.py:587} INFO - Filling up the DagBag from /opt/airflow/dags/silver.py
[2024-09-18T23:13:52.511+0000] {processor.py:925} INFO - DAG(s) 'executar_silver' retrieved from /opt/airflow/dags/silver.py
[2024-09-18T23:13:52.526+0000] {logging_mixin.py:190} INFO - [2024-09-18T23:13:52.526+0000] {dag.py:3229} INFO - Sync 1 DAGs
[2024-09-18T23:13:52.537+0000] {logging_mixin.py:190} INFO - [2024-09-18T23:13:52.536+0000] {dag.py:4156} INFO - Setting next_dagrun for executar_silver to None, run_after=None
[2024-09-18T23:13:52.552+0000] {processor.py:208} INFO - Processing /opt/airflow/dags/silver.py took 0.066 seconds
[2024-09-18T23:14:22.878+0000] {processor.py:186} INFO - Started process (PID=222) to work on /opt/airflow/dags/silver.py
[2024-09-18T23:14:22.879+0000] {processor.py:914} INFO - Processing file /opt/airflow/dags/silver.py for tasks to queue
[2024-09-18T23:14:22.881+0000] {logging_mixin.py:190} INFO - [2024-09-18T23:14:22.881+0000] {dagbag.py:587} INFO - Filling up the DagBag from /opt/airflow/dags/silver.py
[2024-09-18T23:14:22.896+0000] {processor.py:925} INFO - DAG(s) 'executar_silver' retrieved from /opt/airflow/dags/silver.py
[2024-09-18T23:14:22.914+0000] {logging_mixin.py:190} INFO - [2024-09-18T23:14:22.913+0000] {dag.py:3229} INFO - Sync 1 DAGs
[2024-09-18T23:14:22.924+0000] {logging_mixin.py:190} INFO - [2024-09-18T23:14:22.924+0000] {dag.py:4156} INFO - Setting next_dagrun for executar_silver to None, run_after=None
[2024-09-18T23:14:22.941+0000] {processor.py:208} INFO - Processing /opt/airflow/dags/silver.py took 0.067 seconds
[2024-09-18T23:14:53.305+0000] {processor.py:186} INFO - Started process (PID=231) to work on /opt/airflow/dags/silver.py
[2024-09-18T23:14:53.306+0000] {processor.py:914} INFO - Processing file /opt/airflow/dags/silver.py for tasks to queue
[2024-09-18T23:14:53.309+0000] {logging_mixin.py:190} INFO - [2024-09-18T23:14:53.309+0000] {dagbag.py:587} INFO - Filling up the DagBag from /opt/airflow/dags/silver.py
[2024-09-18T23:14:53.326+0000] {processor.py:925} INFO - DAG(s) 'executar_silver' retrieved from /opt/airflow/dags/silver.py
[2024-09-18T23:14:53.341+0000] {logging_mixin.py:190} INFO - [2024-09-18T23:14:53.341+0000] {dag.py:3229} INFO - Sync 1 DAGs
[2024-09-18T23:14:53.352+0000] {logging_mixin.py:190} INFO - [2024-09-18T23:14:53.352+0000] {dag.py:4156} INFO - Setting next_dagrun for executar_silver to None, run_after=None
[2024-09-18T23:14:53.372+0000] {processor.py:208} INFO - Processing /opt/airflow/dags/silver.py took 0.072 seconds
[2024-09-18T23:15:23.748+0000] {processor.py:186} INFO - Started process (PID=240) to work on /opt/airflow/dags/silver.py
[2024-09-18T23:15:23.748+0000] {processor.py:914} INFO - Processing file /opt/airflow/dags/silver.py for tasks to queue
[2024-09-18T23:15:23.751+0000] {logging_mixin.py:190} INFO - [2024-09-18T23:15:23.750+0000] {dagbag.py:587} INFO - Filling up the DagBag from /opt/airflow/dags/silver.py
[2024-09-18T23:15:23.766+0000] {processor.py:925} INFO - DAG(s) 'executar_silver' retrieved from /opt/airflow/dags/silver.py
[2024-09-18T23:15:23.781+0000] {logging_mixin.py:190} INFO - [2024-09-18T23:15:23.781+0000] {dag.py:3229} INFO - Sync 1 DAGs
[2024-09-18T23:15:23.791+0000] {logging_mixin.py:190} INFO - [2024-09-18T23:15:23.791+0000] {dag.py:4156} INFO - Setting next_dagrun for executar_silver to None, run_after=None
[2024-09-18T23:15:23.810+0000] {processor.py:208} INFO - Processing /opt/airflow/dags/silver.py took 0.067 seconds
[2024-09-18T23:15:54.046+0000] {processor.py:186} INFO - Started process (PID=249) to work on /opt/airflow/dags/silver.py
[2024-09-18T23:15:54.047+0000] {processor.py:914} INFO - Processing file /opt/airflow/dags/silver.py for tasks to queue
[2024-09-18T23:15:54.049+0000] {logging_mixin.py:190} INFO - [2024-09-18T23:15:54.049+0000] {dagbag.py:587} INFO - Filling up the DagBag from /opt/airflow/dags/silver.py
[2024-09-18T23:15:54.068+0000] {processor.py:925} INFO - DAG(s) 'executar_silver' retrieved from /opt/airflow/dags/silver.py
[2024-09-18T23:15:54.090+0000] {logging_mixin.py:190} INFO - [2024-09-18T23:15:54.089+0000] {dag.py:3229} INFO - Sync 1 DAGs
[2024-09-18T23:15:54.102+0000] {logging_mixin.py:190} INFO - [2024-09-18T23:15:54.102+0000] {dag.py:4156} INFO - Setting next_dagrun for executar_silver to None, run_after=None
[2024-09-18T23:15:54.119+0000] {processor.py:208} INFO - Processing /opt/airflow/dags/silver.py took 0.078 seconds
[2024-09-18T23:16:24.401+0000] {processor.py:186} INFO - Started process (PID=258) to work on /opt/airflow/dags/silver.py
[2024-09-18T23:16:24.402+0000] {processor.py:914} INFO - Processing file /opt/airflow/dags/silver.py for tasks to queue
[2024-09-18T23:16:24.403+0000] {logging_mixin.py:190} INFO - [2024-09-18T23:16:24.403+0000] {dagbag.py:587} INFO - Filling up the DagBag from /opt/airflow/dags/silver.py
[2024-09-18T23:16:24.421+0000] {processor.py:925} INFO - DAG(s) 'executar_silver' retrieved from /opt/airflow/dags/silver.py
[2024-09-18T23:16:24.437+0000] {logging_mixin.py:190} INFO - [2024-09-18T23:16:24.436+0000] {dag.py:3229} INFO - Sync 1 DAGs
[2024-09-18T23:16:24.448+0000] {logging_mixin.py:190} INFO - [2024-09-18T23:16:24.448+0000] {dag.py:4156} INFO - Setting next_dagrun for executar_silver to None, run_after=None
[2024-09-18T23:16:24.463+0000] {processor.py:208} INFO - Processing /opt/airflow/dags/silver.py took 0.066 seconds
[2024-09-18T23:16:54.715+0000] {processor.py:186} INFO - Started process (PID=267) to work on /opt/airflow/dags/silver.py
[2024-09-18T23:16:54.715+0000] {processor.py:914} INFO - Processing file /opt/airflow/dags/silver.py for tasks to queue
[2024-09-18T23:16:54.717+0000] {logging_mixin.py:190} INFO - [2024-09-18T23:16:54.717+0000] {dagbag.py:587} INFO - Filling up the DagBag from /opt/airflow/dags/silver.py
[2024-09-18T23:16:54.749+0000] {processor.py:925} INFO - DAG(s) 'executar_silver' retrieved from /opt/airflow/dags/silver.py
[2024-09-18T23:16:54.764+0000] {logging_mixin.py:190} INFO - [2024-09-18T23:16:54.764+0000] {dag.py:3229} INFO - Sync 1 DAGs
[2024-09-18T23:16:54.775+0000] {logging_mixin.py:190} INFO - [2024-09-18T23:16:54.775+0000] {dag.py:4156} INFO - Setting next_dagrun for executar_silver to None, run_after=None
[2024-09-18T23:16:54.792+0000] {processor.py:208} INFO - Processing /opt/airflow/dags/silver.py took 0.082 seconds
[2024-09-18T23:17:25.039+0000] {processor.py:186} INFO - Started process (PID=276) to work on /opt/airflow/dags/silver.py
[2024-09-18T23:17:25.040+0000] {processor.py:914} INFO - Processing file /opt/airflow/dags/silver.py for tasks to queue
[2024-09-18T23:17:25.042+0000] {logging_mixin.py:190} INFO - [2024-09-18T23:17:25.042+0000] {dagbag.py:587} INFO - Filling up the DagBag from /opt/airflow/dags/silver.py
[2024-09-18T23:17:25.056+0000] {processor.py:925} INFO - DAG(s) 'executar_silver' retrieved from /opt/airflow/dags/silver.py
[2024-09-18T23:17:25.072+0000] {logging_mixin.py:190} INFO - [2024-09-18T23:17:25.072+0000] {dag.py:3229} INFO - Sync 1 DAGs
[2024-09-18T23:17:25.082+0000] {logging_mixin.py:190} INFO - [2024-09-18T23:17:25.082+0000] {dag.py:4156} INFO - Setting next_dagrun for executar_silver to None, run_after=None
[2024-09-18T23:17:25.097+0000] {processor.py:208} INFO - Processing /opt/airflow/dags/silver.py took 0.064 seconds
[2024-09-18T23:17:55.373+0000] {processor.py:186} INFO - Started process (PID=285) to work on /opt/airflow/dags/silver.py
[2024-09-18T23:17:55.373+0000] {processor.py:914} INFO - Processing file /opt/airflow/dags/silver.py for tasks to queue
[2024-09-18T23:17:55.375+0000] {logging_mixin.py:190} INFO - [2024-09-18T23:17:55.375+0000] {dagbag.py:587} INFO - Filling up the DagBag from /opt/airflow/dags/silver.py
[2024-09-18T23:17:55.390+0000] {processor.py:925} INFO - DAG(s) 'executar_silver' retrieved from /opt/airflow/dags/silver.py
[2024-09-18T23:17:55.404+0000] {logging_mixin.py:190} INFO - [2024-09-18T23:17:55.404+0000] {dag.py:3229} INFO - Sync 1 DAGs
[2024-09-18T23:17:55.414+0000] {logging_mixin.py:190} INFO - [2024-09-18T23:17:55.414+0000] {dag.py:4156} INFO - Setting next_dagrun for executar_silver to None, run_after=None
[2024-09-18T23:17:55.579+0000] {processor.py:208} INFO - Processing /opt/airflow/dags/silver.py took 0.210 seconds
[2024-09-18T23:18:25.873+0000] {processor.py:186} INFO - Started process (PID=294) to work on /opt/airflow/dags/silver.py
[2024-09-18T23:18:25.874+0000] {processor.py:914} INFO - Processing file /opt/airflow/dags/silver.py for tasks to queue
[2024-09-18T23:18:25.876+0000] {logging_mixin.py:190} INFO - [2024-09-18T23:18:25.875+0000] {dagbag.py:587} INFO - Filling up the DagBag from /opt/airflow/dags/silver.py
[2024-09-18T23:18:25.890+0000] {processor.py:925} INFO - DAG(s) 'executar_silver' retrieved from /opt/airflow/dags/silver.py
[2024-09-18T23:18:25.905+0000] {logging_mixin.py:190} INFO - [2024-09-18T23:18:25.905+0000] {dag.py:3229} INFO - Sync 1 DAGs
[2024-09-18T23:18:25.917+0000] {logging_mixin.py:190} INFO - [2024-09-18T23:18:25.917+0000] {dag.py:4156} INFO - Setting next_dagrun for executar_silver to None, run_after=None
[2024-09-18T23:18:25.931+0000] {processor.py:208} INFO - Processing /opt/airflow/dags/silver.py took 0.063 seconds
[2024-09-18T23:18:56.201+0000] {processor.py:186} INFO - Started process (PID=303) to work on /opt/airflow/dags/silver.py
[2024-09-18T23:18:56.203+0000] {processor.py:914} INFO - Processing file /opt/airflow/dags/silver.py for tasks to queue
[2024-09-18T23:18:56.205+0000] {logging_mixin.py:190} INFO - [2024-09-18T23:18:56.204+0000] {dagbag.py:587} INFO - Filling up the DagBag from /opt/airflow/dags/silver.py
[2024-09-18T23:18:56.220+0000] {processor.py:925} INFO - DAG(s) 'executar_silver' retrieved from /opt/airflow/dags/silver.py
[2024-09-18T23:18:56.238+0000] {logging_mixin.py:190} INFO - [2024-09-18T23:18:56.238+0000] {dag.py:3229} INFO - Sync 1 DAGs
[2024-09-18T23:18:56.248+0000] {logging_mixin.py:190} INFO - [2024-09-18T23:18:56.248+0000] {dag.py:4156} INFO - Setting next_dagrun for executar_silver to None, run_after=None
[2024-09-18T23:18:56.264+0000] {processor.py:208} INFO - Processing /opt/airflow/dags/silver.py took 0.068 seconds
[2024-09-18T23:19:26.542+0000] {processor.py:186} INFO - Started process (PID=312) to work on /opt/airflow/dags/silver.py
[2024-09-18T23:19:26.543+0000] {processor.py:914} INFO - Processing file /opt/airflow/dags/silver.py for tasks to queue
[2024-09-18T23:19:26.545+0000] {logging_mixin.py:190} INFO - [2024-09-18T23:19:26.545+0000] {dagbag.py:587} INFO - Filling up the DagBag from /opt/airflow/dags/silver.py
[2024-09-18T23:19:26.560+0000] {processor.py:925} INFO - DAG(s) 'executar_silver' retrieved from /opt/airflow/dags/silver.py
[2024-09-18T23:19:26.575+0000] {logging_mixin.py:190} INFO - [2024-09-18T23:19:26.575+0000] {dag.py:3229} INFO - Sync 1 DAGs
[2024-09-18T23:19:26.585+0000] {logging_mixin.py:190} INFO - [2024-09-18T23:19:26.585+0000] {dag.py:4156} INFO - Setting next_dagrun for executar_silver to None, run_after=None
[2024-09-18T23:19:26.601+0000] {processor.py:208} INFO - Processing /opt/airflow/dags/silver.py took 0.064 seconds
[2024-09-18T23:19:56.881+0000] {processor.py:186} INFO - Started process (PID=321) to work on /opt/airflow/dags/silver.py
[2024-09-18T23:19:56.881+0000] {processor.py:914} INFO - Processing file /opt/airflow/dags/silver.py for tasks to queue
[2024-09-18T23:19:56.884+0000] {logging_mixin.py:190} INFO - [2024-09-18T23:19:56.884+0000] {dagbag.py:587} INFO - Filling up the DagBag from /opt/airflow/dags/silver.py
[2024-09-18T23:19:56.910+0000] {processor.py:925} INFO - DAG(s) 'executar_silver' retrieved from /opt/airflow/dags/silver.py
[2024-09-18T23:19:56.933+0000] {logging_mixin.py:190} INFO - [2024-09-18T23:19:56.933+0000] {dag.py:3229} INFO - Sync 1 DAGs
[2024-09-18T23:19:56.947+0000] {logging_mixin.py:190} INFO - [2024-09-18T23:19:56.947+0000] {dag.py:4156} INFO - Setting next_dagrun for executar_silver to None, run_after=None
[2024-09-18T23:19:56.968+0000] {processor.py:208} INFO - Processing /opt/airflow/dags/silver.py took 0.092 seconds
[2024-09-18T23:20:27.242+0000] {processor.py:186} INFO - Started process (PID=330) to work on /opt/airflow/dags/silver.py
[2024-09-18T23:20:27.243+0000] {processor.py:914} INFO - Processing file /opt/airflow/dags/silver.py for tasks to queue
[2024-09-18T23:20:27.245+0000] {logging_mixin.py:190} INFO - [2024-09-18T23:20:27.245+0000] {dagbag.py:587} INFO - Filling up the DagBag from /opt/airflow/dags/silver.py
[2024-09-18T23:20:27.260+0000] {processor.py:925} INFO - DAG(s) 'executar_silver' retrieved from /opt/airflow/dags/silver.py
[2024-09-18T23:20:27.275+0000] {logging_mixin.py:190} INFO - [2024-09-18T23:20:27.275+0000] {dag.py:3229} INFO - Sync 1 DAGs
[2024-09-18T23:20:27.285+0000] {logging_mixin.py:190} INFO - [2024-09-18T23:20:27.285+0000] {dag.py:4156} INFO - Setting next_dagrun for executar_silver to None, run_after=None
[2024-09-18T23:20:27.304+0000] {processor.py:208} INFO - Processing /opt/airflow/dags/silver.py took 0.066 seconds
[2024-09-18T23:20:57.596+0000] {processor.py:186} INFO - Started process (PID=339) to work on /opt/airflow/dags/silver.py
[2024-09-18T23:20:57.596+0000] {processor.py:914} INFO - Processing file /opt/airflow/dags/silver.py for tasks to queue
[2024-09-18T23:20:57.599+0000] {logging_mixin.py:190} INFO - [2024-09-18T23:20:57.599+0000] {dagbag.py:587} INFO - Filling up the DagBag from /opt/airflow/dags/silver.py
[2024-09-18T23:20:57.615+0000] {processor.py:925} INFO - DAG(s) 'executar_silver' retrieved from /opt/airflow/dags/silver.py
[2024-09-18T23:20:57.630+0000] {logging_mixin.py:190} INFO - [2024-09-18T23:20:57.630+0000] {dag.py:3229} INFO - Sync 1 DAGs
[2024-09-18T23:20:57.641+0000] {logging_mixin.py:190} INFO - [2024-09-18T23:20:57.641+0000] {dag.py:4156} INFO - Setting next_dagrun for executar_silver to None, run_after=None
[2024-09-18T23:20:57.657+0000] {processor.py:208} INFO - Processing /opt/airflow/dags/silver.py took 0.065 seconds
[2024-09-18T23:21:00.725+0000] {processor.py:186} INFO - Started process (PID=341) to work on /opt/airflow/dags/silver.py
[2024-09-18T23:21:00.726+0000] {processor.py:914} INFO - Processing file /opt/airflow/dags/silver.py for tasks to queue
[2024-09-18T23:21:00.728+0000] {logging_mixin.py:190} INFO - [2024-09-18T23:21:00.728+0000] {dagbag.py:587} INFO - Filling up the DagBag from /opt/airflow/dags/silver.py
[2024-09-18T23:21:00.752+0000] {processor.py:925} INFO - DAG(s) 'exec_silver' retrieved from /opt/airflow/dags/silver.py
[2024-09-18T23:21:00.846+0000] {logging_mixin.py:190} INFO - [2024-09-18T23:21:00.845+0000] {override.py:1900} INFO - Created Permission View: can delete on DAG:exec_silver
[2024-09-18T23:21:00.855+0000] {logging_mixin.py:190} INFO - [2024-09-18T23:21:00.854+0000] {override.py:1900} INFO - Created Permission View: can read on DAG:exec_silver
[2024-09-18T23:21:00.861+0000] {logging_mixin.py:190} INFO - [2024-09-18T23:21:00.861+0000] {override.py:1900} INFO - Created Permission View: can edit on DAG:exec_silver
[2024-09-18T23:21:00.868+0000] {logging_mixin.py:190} INFO - [2024-09-18T23:21:00.867+0000] {override.py:1900} INFO - Created Permission View: can create on DAG Run:exec_silver
[2024-09-18T23:21:00.873+0000] {logging_mixin.py:190} INFO - [2024-09-18T23:21:00.873+0000] {override.py:1900} INFO - Created Permission View: can delete on DAG Run:exec_silver
[2024-09-18T23:21:00.879+0000] {logging_mixin.py:190} INFO - [2024-09-18T23:21:00.879+0000] {override.py:1900} INFO - Created Permission View: menu access on DAG Run:exec_silver
[2024-09-18T23:21:00.884+0000] {logging_mixin.py:190} INFO - [2024-09-18T23:21:00.884+0000] {override.py:1900} INFO - Created Permission View: can read on DAG Run:exec_silver
[2024-09-18T23:21:00.884+0000] {logging_mixin.py:190} INFO - [2024-09-18T23:21:00.884+0000] {dag.py:3229} INFO - Sync 1 DAGs
[2024-09-18T23:21:01.010+0000] {logging_mixin.py:190} INFO - [2024-09-18T23:21:01.010+0000] {dag.py:3252} INFO - Creating ORM DAG for exec_silver
[2024-09-18T23:21:01.011+0000] {logging_mixin.py:190} INFO - [2024-09-18T23:21:01.011+0000] {dag.py:4156} INFO - Setting next_dagrun for exec_silver to None, run_after=None
[2024-09-18T23:21:01.028+0000] {processor.py:208} INFO - Processing /opt/airflow/dags/silver.py took 0.309 seconds
[2024-09-18T23:21:31.199+0000] {processor.py:186} INFO - Started process (PID=350) to work on /opt/airflow/dags/silver.py
[2024-09-18T23:21:31.200+0000] {processor.py:914} INFO - Processing file /opt/airflow/dags/silver.py for tasks to queue
[2024-09-18T23:21:31.202+0000] {logging_mixin.py:190} INFO - [2024-09-18T23:21:31.202+0000] {dagbag.py:587} INFO - Filling up the DagBag from /opt/airflow/dags/silver.py
[2024-09-18T23:21:31.218+0000] {processor.py:925} INFO - DAG(s) 'exec_silver' retrieved from /opt/airflow/dags/silver.py
[2024-09-18T23:21:31.233+0000] {logging_mixin.py:190} INFO - [2024-09-18T23:21:31.233+0000] {dag.py:3229} INFO - Sync 1 DAGs
[2024-09-18T23:21:31.244+0000] {logging_mixin.py:190} INFO - [2024-09-18T23:21:31.244+0000] {dag.py:4156} INFO - Setting next_dagrun for exec_silver to None, run_after=None
[2024-09-18T23:21:31.260+0000] {processor.py:208} INFO - Processing /opt/airflow/dags/silver.py took 0.065 seconds
[2024-09-18T23:22:01.604+0000] {processor.py:186} INFO - Started process (PID=359) to work on /opt/airflow/dags/silver.py
[2024-09-18T23:22:01.605+0000] {processor.py:914} INFO - Processing file /opt/airflow/dags/silver.py for tasks to queue
[2024-09-18T23:22:01.607+0000] {logging_mixin.py:190} INFO - [2024-09-18T23:22:01.606+0000] {dagbag.py:587} INFO - Filling up the DagBag from /opt/airflow/dags/silver.py
[2024-09-18T23:22:01.622+0000] {processor.py:925} INFO - DAG(s) 'exec_silver' retrieved from /opt/airflow/dags/silver.py
[2024-09-18T23:22:01.637+0000] {logging_mixin.py:190} INFO - [2024-09-18T23:22:01.637+0000] {dag.py:3229} INFO - Sync 1 DAGs
[2024-09-18T23:22:01.648+0000] {logging_mixin.py:190} INFO - [2024-09-18T23:22:01.647+0000] {dag.py:4156} INFO - Setting next_dagrun for exec_silver to None, run_after=None
[2024-09-18T23:22:01.664+0000] {processor.py:208} INFO - Processing /opt/airflow/dags/silver.py took 0.065 seconds
[2024-09-18T23:22:06.734+0000] {processor.py:186} INFO - Started process (PID=361) to work on /opt/airflow/dags/silver.py
[2024-09-18T23:22:06.735+0000] {processor.py:914} INFO - Processing file /opt/airflow/dags/silver.py for tasks to queue
[2024-09-18T23:22:06.738+0000] {logging_mixin.py:190} INFO - [2024-09-18T23:22:06.737+0000] {dagbag.py:587} INFO - Filling up the DagBag from /opt/airflow/dags/silver.py
[2024-09-18T23:22:06.760+0000] {processor.py:925} INFO - DAG(s) 'exec_silver' retrieved from /opt/airflow/dags/silver.py
[2024-09-18T23:22:06.776+0000] {logging_mixin.py:190} INFO - [2024-09-18T23:22:06.775+0000] {dag.py:3229} INFO - Sync 1 DAGs
[2024-09-18T23:22:06.787+0000] {logging_mixin.py:190} INFO - [2024-09-18T23:22:06.786+0000] {dag.py:4156} INFO - Setting next_dagrun for exec_silver to None, run_after=None
[2024-09-18T23:22:06.803+0000] {processor.py:208} INFO - Processing /opt/airflow/dags/silver.py took 0.074 seconds
[2024-09-18T23:22:37.074+0000] {processor.py:186} INFO - Started process (PID=370) to work on /opt/airflow/dags/silver.py
[2024-09-18T23:22:37.075+0000] {processor.py:914} INFO - Processing file /opt/airflow/dags/silver.py for tasks to queue
[2024-09-18T23:22:37.078+0000] {logging_mixin.py:190} INFO - [2024-09-18T23:22:37.078+0000] {dagbag.py:587} INFO - Filling up the DagBag from /opt/airflow/dags/silver.py
[2024-09-18T23:22:37.095+0000] {processor.py:925} INFO - DAG(s) 'exec_silver' retrieved from /opt/airflow/dags/silver.py
[2024-09-18T23:22:37.112+0000] {logging_mixin.py:190} INFO - [2024-09-18T23:22:37.112+0000] {dag.py:3229} INFO - Sync 1 DAGs
[2024-09-18T23:22:37.127+0000] {logging_mixin.py:190} INFO - [2024-09-18T23:22:37.127+0000] {dag.py:4156} INFO - Setting next_dagrun for exec_silver to None, run_after=None
[2024-09-18T23:22:37.145+0000] {processor.py:208} INFO - Processing /opt/airflow/dags/silver.py took 0.076 seconds
[2024-09-18T23:23:07.380+0000] {processor.py:186} INFO - Started process (PID=379) to work on /opt/airflow/dags/silver.py
[2024-09-18T23:23:07.381+0000] {processor.py:914} INFO - Processing file /opt/airflow/dags/silver.py for tasks to queue
[2024-09-18T23:23:07.383+0000] {logging_mixin.py:190} INFO - [2024-09-18T23:23:07.382+0000] {dagbag.py:587} INFO - Filling up the DagBag from /opt/airflow/dags/silver.py
[2024-09-18T23:23:07.401+0000] {processor.py:925} INFO - DAG(s) 'exec_silver' retrieved from /opt/airflow/dags/silver.py
[2024-09-18T23:23:07.418+0000] {logging_mixin.py:190} INFO - [2024-09-18T23:23:07.418+0000] {dag.py:3229} INFO - Sync 1 DAGs
[2024-09-18T23:23:07.429+0000] {logging_mixin.py:190} INFO - [2024-09-18T23:23:07.429+0000] {dag.py:4156} INFO - Setting next_dagrun for exec_silver to None, run_after=None
[2024-09-18T23:23:07.445+0000] {processor.py:208} INFO - Processing /opt/airflow/dags/silver.py took 0.070 seconds
[2024-09-18T23:23:31.716+0000] {processor.py:186} INFO - Started process (PID=387) to work on /opt/airflow/dags/silver.py
[2024-09-18T23:23:31.717+0000] {processor.py:914} INFO - Processing file /opt/airflow/dags/silver.py for tasks to queue
[2024-09-18T23:23:31.718+0000] {logging_mixin.py:190} INFO - [2024-09-18T23:23:31.718+0000] {dagbag.py:587} INFO - Filling up the DagBag from /opt/airflow/dags/silver.py
[2024-09-18T23:23:31.741+0000] {processor.py:925} INFO - DAG(s) 'exec_silver' retrieved from /opt/airflow/dags/silver.py
[2024-09-18T23:23:31.757+0000] {logging_mixin.py:190} INFO - [2024-09-18T23:23:31.756+0000] {dag.py:3229} INFO - Sync 1 DAGs
[2024-09-18T23:23:31.768+0000] {logging_mixin.py:190} INFO - [2024-09-18T23:23:31.768+0000] {dag.py:4156} INFO - Setting next_dagrun for exec_silver to None, run_after=None
[2024-09-18T23:23:31.905+0000] {processor.py:208} INFO - Processing /opt/airflow/dags/silver.py took 0.194 seconds
[2024-09-18T23:24:02.227+0000] {processor.py:186} INFO - Started process (PID=396) to work on /opt/airflow/dags/silver.py
[2024-09-18T23:24:02.227+0000] {processor.py:914} INFO - Processing file /opt/airflow/dags/silver.py for tasks to queue
[2024-09-18T23:24:02.228+0000] {logging_mixin.py:190} INFO - [2024-09-18T23:24:02.228+0000] {dagbag.py:587} INFO - Filling up the DagBag from /opt/airflow/dags/silver.py
[2024-09-18T23:24:02.245+0000] {processor.py:925} INFO - DAG(s) 'exec_silver' retrieved from /opt/airflow/dags/silver.py
[2024-09-18T23:24:02.263+0000] {logging_mixin.py:190} INFO - [2024-09-18T23:24:02.262+0000] {dag.py:3229} INFO - Sync 1 DAGs
[2024-09-18T23:24:02.274+0000] {logging_mixin.py:190} INFO - [2024-09-18T23:24:02.274+0000] {dag.py:4156} INFO - Setting next_dagrun for exec_silver to None, run_after=None
[2024-09-18T23:24:02.290+0000] {processor.py:208} INFO - Processing /opt/airflow/dags/silver.py took 0.068 seconds
[2024-09-18T23:24:32.607+0000] {processor.py:186} INFO - Started process (PID=405) to work on /opt/airflow/dags/silver.py
[2024-09-18T23:24:32.608+0000] {processor.py:914} INFO - Processing file /opt/airflow/dags/silver.py for tasks to queue
[2024-09-18T23:24:32.609+0000] {logging_mixin.py:190} INFO - [2024-09-18T23:24:32.609+0000] {dagbag.py:587} INFO - Filling up the DagBag from /opt/airflow/dags/silver.py
[2024-09-18T23:24:32.627+0000] {processor.py:925} INFO - DAG(s) 'exec_silver' retrieved from /opt/airflow/dags/silver.py
[2024-09-18T23:24:32.643+0000] {logging_mixin.py:190} INFO - [2024-09-18T23:24:32.643+0000] {dag.py:3229} INFO - Sync 1 DAGs
[2024-09-18T23:24:32.656+0000] {logging_mixin.py:190} INFO - [2024-09-18T23:24:32.655+0000] {dag.py:4156} INFO - Setting next_dagrun for exec_silver to None, run_after=None
[2024-09-18T23:24:32.673+0000] {processor.py:208} INFO - Processing /opt/airflow/dags/silver.py took 0.070 seconds
[2024-09-18T23:25:02.985+0000] {processor.py:186} INFO - Started process (PID=414) to work on /opt/airflow/dags/silver.py
[2024-09-18T23:25:02.986+0000] {processor.py:914} INFO - Processing file /opt/airflow/dags/silver.py for tasks to queue
[2024-09-18T23:25:02.987+0000] {logging_mixin.py:190} INFO - [2024-09-18T23:25:02.987+0000] {dagbag.py:587} INFO - Filling up the DagBag from /opt/airflow/dags/silver.py
[2024-09-18T23:25:03.003+0000] {processor.py:925} INFO - DAG(s) 'exec_silver' retrieved from /opt/airflow/dags/silver.py
[2024-09-18T23:25:03.019+0000] {logging_mixin.py:190} INFO - [2024-09-18T23:25:03.019+0000] {dag.py:3229} INFO - Sync 1 DAGs
[2024-09-18T23:25:03.031+0000] {logging_mixin.py:190} INFO - [2024-09-18T23:25:03.031+0000] {dag.py:4156} INFO - Setting next_dagrun for exec_silver to None, run_after=None
[2024-09-18T23:25:03.045+0000] {processor.py:208} INFO - Processing /opt/airflow/dags/silver.py took 0.064 seconds
[2024-09-18T23:25:11.243+0000] {processor.py:186} INFO - Started process (PID=418) to work on /opt/airflow/dags/silver.py
[2024-09-18T23:25:11.244+0000] {processor.py:914} INFO - Processing file /opt/airflow/dags/silver.py for tasks to queue
[2024-09-18T23:25:11.245+0000] {logging_mixin.py:190} INFO - [2024-09-18T23:25:11.245+0000] {dagbag.py:587} INFO - Filling up the DagBag from /opt/airflow/dags/silver.py
[2024-09-18T23:25:11.269+0000] {processor.py:925} INFO - DAG(s) 'exec_silver' retrieved from /opt/airflow/dags/silver.py
[2024-09-18T23:25:11.284+0000] {logging_mixin.py:190} INFO - [2024-09-18T23:25:11.284+0000] {dag.py:3229} INFO - Sync 1 DAGs
[2024-09-18T23:25:11.295+0000] {logging_mixin.py:190} INFO - [2024-09-18T23:25:11.295+0000] {dag.py:4156} INFO - Setting next_dagrun for exec_silver to None, run_after=None
[2024-09-18T23:25:11.315+0000] {processor.py:208} INFO - Processing /opt/airflow/dags/silver.py took 0.077 seconds
[2024-09-18T23:25:41.593+0000] {processor.py:186} INFO - Started process (PID=427) to work on /opt/airflow/dags/silver.py
[2024-09-18T23:25:41.594+0000] {processor.py:914} INFO - Processing file /opt/airflow/dags/silver.py for tasks to queue
[2024-09-18T23:25:41.595+0000] {logging_mixin.py:190} INFO - [2024-09-18T23:25:41.594+0000] {dagbag.py:587} INFO - Filling up the DagBag from /opt/airflow/dags/silver.py
[2024-09-18T23:25:41.613+0000] {processor.py:925} INFO - DAG(s) 'exec_silver' retrieved from /opt/airflow/dags/silver.py
[2024-09-18T23:25:41.629+0000] {logging_mixin.py:190} INFO - [2024-09-18T23:25:41.629+0000] {dag.py:3229} INFO - Sync 1 DAGs
[2024-09-18T23:25:41.639+0000] {logging_mixin.py:190} INFO - [2024-09-18T23:25:41.639+0000] {dag.py:4156} INFO - Setting next_dagrun for exec_silver to None, run_after=None
[2024-09-18T23:25:41.654+0000] {processor.py:208} INFO - Processing /opt/airflow/dags/silver.py took 0.066 seconds
[2024-09-18T23:26:11.943+0000] {processor.py:186} INFO - Started process (PID=436) to work on /opt/airflow/dags/silver.py
[2024-09-18T23:26:11.944+0000] {processor.py:914} INFO - Processing file /opt/airflow/dags/silver.py for tasks to queue
[2024-09-18T23:26:11.946+0000] {logging_mixin.py:190} INFO - [2024-09-18T23:26:11.945+0000] {dagbag.py:587} INFO - Filling up the DagBag from /opt/airflow/dags/silver.py
[2024-09-18T23:26:11.965+0000] {processor.py:925} INFO - DAG(s) 'exec_silver' retrieved from /opt/airflow/dags/silver.py
[2024-09-18T23:26:11.985+0000] {logging_mixin.py:190} INFO - [2024-09-18T23:26:11.985+0000] {dag.py:3229} INFO - Sync 1 DAGs
[2024-09-18T23:26:11.999+0000] {logging_mixin.py:190} INFO - [2024-09-18T23:26:11.999+0000] {dag.py:4156} INFO - Setting next_dagrun for exec_silver to None, run_after=None
[2024-09-18T23:26:12.016+0000] {processor.py:208} INFO - Processing /opt/airflow/dags/silver.py took 0.077 seconds
[2024-09-18T23:26:42.420+0000] {processor.py:186} INFO - Started process (PID=445) to work on /opt/airflow/dags/silver.py
[2024-09-18T23:26:42.422+0000] {processor.py:914} INFO - Processing file /opt/airflow/dags/silver.py for tasks to queue
[2024-09-18T23:26:42.423+0000] {logging_mixin.py:190} INFO - [2024-09-18T23:26:42.423+0000] {dagbag.py:587} INFO - Filling up the DagBag from /opt/airflow/dags/silver.py
[2024-09-18T23:26:42.448+0000] {processor.py:925} INFO - DAG(s) 'exec_silver' retrieved from /opt/airflow/dags/silver.py
[2024-09-18T23:26:42.467+0000] {logging_mixin.py:190} INFO - [2024-09-18T23:26:42.467+0000] {dag.py:3229} INFO - Sync 1 DAGs
[2024-09-18T23:26:42.481+0000] {logging_mixin.py:190} INFO - [2024-09-18T23:26:42.481+0000] {dag.py:4156} INFO - Setting next_dagrun for exec_silver to None, run_after=None
[2024-09-18T23:26:42.499+0000] {processor.py:208} INFO - Processing /opt/airflow/dags/silver.py took 0.085 seconds
[2024-09-18T23:27:12.801+0000] {processor.py:186} INFO - Started process (PID=454) to work on /opt/airflow/dags/silver.py
[2024-09-18T23:27:12.802+0000] {processor.py:914} INFO - Processing file /opt/airflow/dags/silver.py for tasks to queue
[2024-09-18T23:27:12.803+0000] {logging_mixin.py:190} INFO - [2024-09-18T23:27:12.802+0000] {dagbag.py:587} INFO - Filling up the DagBag from /opt/airflow/dags/silver.py
[2024-09-18T23:27:12.818+0000] {processor.py:925} INFO - DAG(s) 'exec_silver' retrieved from /opt/airflow/dags/silver.py
[2024-09-18T23:27:12.834+0000] {logging_mixin.py:190} INFO - [2024-09-18T23:27:12.834+0000] {dag.py:3229} INFO - Sync 1 DAGs
[2024-09-18T23:27:12.846+0000] {logging_mixin.py:190} INFO - [2024-09-18T23:27:12.845+0000] {dag.py:4156} INFO - Setting next_dagrun for exec_silver to None, run_after=None
[2024-09-18T23:27:12.861+0000] {processor.py:208} INFO - Processing /opt/airflow/dags/silver.py took 0.065 seconds
[2024-09-18T23:27:43.170+0000] {processor.py:186} INFO - Started process (PID=463) to work on /opt/airflow/dags/silver.py
[2024-09-18T23:27:43.171+0000] {processor.py:914} INFO - Processing file /opt/airflow/dags/silver.py for tasks to queue
[2024-09-18T23:27:43.172+0000] {logging_mixin.py:190} INFO - [2024-09-18T23:27:43.172+0000] {dagbag.py:587} INFO - Filling up the DagBag from /opt/airflow/dags/silver.py
[2024-09-18T23:27:43.188+0000] {processor.py:925} INFO - DAG(s) 'exec_silver' retrieved from /opt/airflow/dags/silver.py
[2024-09-18T23:27:43.205+0000] {logging_mixin.py:190} INFO - [2024-09-18T23:27:43.205+0000] {dag.py:3229} INFO - Sync 1 DAGs
[2024-09-18T23:27:43.218+0000] {logging_mixin.py:190} INFO - [2024-09-18T23:27:43.217+0000] {dag.py:4156} INFO - Setting next_dagrun for exec_silver to None, run_after=None
[2024-09-18T23:27:43.234+0000] {processor.py:208} INFO - Processing /opt/airflow/dags/silver.py took 0.069 seconds
[2024-09-18T23:28:13.618+0000] {processor.py:186} INFO - Started process (PID=472) to work on /opt/airflow/dags/silver.py
[2024-09-18T23:28:13.619+0000] {processor.py:914} INFO - Processing file /opt/airflow/dags/silver.py for tasks to queue
[2024-09-18T23:28:13.620+0000] {logging_mixin.py:190} INFO - [2024-09-18T23:28:13.620+0000] {dagbag.py:587} INFO - Filling up the DagBag from /opt/airflow/dags/silver.py
[2024-09-18T23:28:13.640+0000] {processor.py:925} INFO - DAG(s) 'exec_silver' retrieved from /opt/airflow/dags/silver.py
[2024-09-18T23:28:13.656+0000] {logging_mixin.py:190} INFO - [2024-09-18T23:28:13.656+0000] {dag.py:3229} INFO - Sync 1 DAGs
[2024-09-18T23:28:13.670+0000] {logging_mixin.py:190} INFO - [2024-09-18T23:28:13.669+0000] {dag.py:4156} INFO - Setting next_dagrun for exec_silver to None, run_after=None
[2024-09-18T23:28:13.687+0000] {processor.py:208} INFO - Processing /opt/airflow/dags/silver.py took 0.074 seconds
[2024-09-18T23:28:44.002+0000] {processor.py:186} INFO - Started process (PID=481) to work on /opt/airflow/dags/silver.py
[2024-09-18T23:28:44.003+0000] {processor.py:914} INFO - Processing file /opt/airflow/dags/silver.py for tasks to queue
[2024-09-18T23:28:44.004+0000] {logging_mixin.py:190} INFO - [2024-09-18T23:28:44.004+0000] {dagbag.py:587} INFO - Filling up the DagBag from /opt/airflow/dags/silver.py
[2024-09-18T23:28:44.020+0000] {processor.py:925} INFO - DAG(s) 'exec_silver' retrieved from /opt/airflow/dags/silver.py
[2024-09-18T23:28:44.035+0000] {logging_mixin.py:190} INFO - [2024-09-18T23:28:44.035+0000] {dag.py:3229} INFO - Sync 1 DAGs
[2024-09-18T23:28:44.046+0000] {logging_mixin.py:190} INFO - [2024-09-18T23:28:44.046+0000] {dag.py:4156} INFO - Setting next_dagrun for exec_silver to None, run_after=None
[2024-09-18T23:28:44.062+0000] {processor.py:208} INFO - Processing /opt/airflow/dags/silver.py took 0.065 seconds
[2024-09-18T23:29:14.357+0000] {processor.py:186} INFO - Started process (PID=490) to work on /opt/airflow/dags/silver.py
[2024-09-18T23:29:14.358+0000] {processor.py:914} INFO - Processing file /opt/airflow/dags/silver.py for tasks to queue
[2024-09-18T23:29:14.359+0000] {logging_mixin.py:190} INFO - [2024-09-18T23:29:14.358+0000] {dagbag.py:587} INFO - Filling up the DagBag from /opt/airflow/dags/silver.py
[2024-09-18T23:29:14.375+0000] {processor.py:925} INFO - DAG(s) 'exec_silver' retrieved from /opt/airflow/dags/silver.py
[2024-09-18T23:29:14.390+0000] {logging_mixin.py:190} INFO - [2024-09-18T23:29:14.390+0000] {dag.py:3229} INFO - Sync 1 DAGs
[2024-09-18T23:29:14.402+0000] {logging_mixin.py:190} INFO - [2024-09-18T23:29:14.401+0000] {dag.py:4156} INFO - Setting next_dagrun for exec_silver to None, run_after=None
[2024-09-18T23:29:14.526+0000] {processor.py:208} INFO - Processing /opt/airflow/dags/silver.py took 0.174 seconds
[2024-09-18T23:29:44.606+0000] {processor.py:186} INFO - Started process (PID=499) to work on /opt/airflow/dags/silver.py
[2024-09-18T23:29:44.607+0000] {processor.py:914} INFO - Processing file /opt/airflow/dags/silver.py for tasks to queue
[2024-09-18T23:29:44.608+0000] {logging_mixin.py:190} INFO - [2024-09-18T23:29:44.608+0000] {dagbag.py:587} INFO - Filling up the DagBag from /opt/airflow/dags/silver.py
[2024-09-18T23:29:44.623+0000] {processor.py:925} INFO - DAG(s) 'exec_silver' retrieved from /opt/airflow/dags/silver.py
[2024-09-18T23:29:44.638+0000] {logging_mixin.py:190} INFO - [2024-09-18T23:29:44.638+0000] {dag.py:3229} INFO - Sync 1 DAGs
[2024-09-18T23:29:44.649+0000] {logging_mixin.py:190} INFO - [2024-09-18T23:29:44.649+0000] {dag.py:4156} INFO - Setting next_dagrun for exec_silver to None, run_after=None
[2024-09-18T23:29:44.666+0000] {processor.py:208} INFO - Processing /opt/airflow/dags/silver.py took 0.065 seconds
[2024-09-18T23:30:14.964+0000] {processor.py:186} INFO - Started process (PID=508) to work on /opt/airflow/dags/silver.py
[2024-09-18T23:30:14.965+0000] {processor.py:914} INFO - Processing file /opt/airflow/dags/silver.py for tasks to queue
[2024-09-18T23:30:14.966+0000] {logging_mixin.py:190} INFO - [2024-09-18T23:30:14.965+0000] {dagbag.py:587} INFO - Filling up the DagBag from /opt/airflow/dags/silver.py
[2024-09-18T23:30:14.982+0000] {processor.py:925} INFO - DAG(s) 'exec_silver' retrieved from /opt/airflow/dags/silver.py
[2024-09-18T23:30:14.998+0000] {logging_mixin.py:190} INFO - [2024-09-18T23:30:14.998+0000] {dag.py:3229} INFO - Sync 1 DAGs
[2024-09-18T23:30:15.009+0000] {logging_mixin.py:190} INFO - [2024-09-18T23:30:15.009+0000] {dag.py:4156} INFO - Setting next_dagrun for exec_silver to None, run_after=None
[2024-09-18T23:30:15.025+0000] {processor.py:208} INFO - Processing /opt/airflow/dags/silver.py took 0.066 seconds
[2024-09-18T23:30:45.381+0000] {processor.py:186} INFO - Started process (PID=517) to work on /opt/airflow/dags/silver.py
[2024-09-18T23:30:45.382+0000] {processor.py:914} INFO - Processing file /opt/airflow/dags/silver.py for tasks to queue
[2024-09-18T23:30:45.383+0000] {logging_mixin.py:190} INFO - [2024-09-18T23:30:45.382+0000] {dagbag.py:587} INFO - Filling up the DagBag from /opt/airflow/dags/silver.py
[2024-09-18T23:30:45.399+0000] {processor.py:925} INFO - DAG(s) 'exec_silver' retrieved from /opt/airflow/dags/silver.py
[2024-09-18T23:30:45.414+0000] {logging_mixin.py:190} INFO - [2024-09-18T23:30:45.413+0000] {dag.py:3229} INFO - Sync 1 DAGs
[2024-09-18T23:30:45.424+0000] {logging_mixin.py:190} INFO - [2024-09-18T23:30:45.424+0000] {dag.py:4156} INFO - Setting next_dagrun for exec_silver to None, run_after=None
[2024-09-18T23:30:45.441+0000] {processor.py:208} INFO - Processing /opt/airflow/dags/silver.py took 0.065 seconds
[2024-09-18T23:31:15.864+0000] {processor.py:186} INFO - Started process (PID=526) to work on /opt/airflow/dags/silver.py
[2024-09-18T23:31:15.865+0000] {processor.py:914} INFO - Processing file /opt/airflow/dags/silver.py for tasks to queue
[2024-09-18T23:31:15.866+0000] {logging_mixin.py:190} INFO - [2024-09-18T23:31:15.866+0000] {dagbag.py:587} INFO - Filling up the DagBag from /opt/airflow/dags/silver.py
[2024-09-18T23:31:15.882+0000] {processor.py:925} INFO - DAG(s) 'exec_silver' retrieved from /opt/airflow/dags/silver.py
[2024-09-18T23:31:15.898+0000] {logging_mixin.py:190} INFO - [2024-09-18T23:31:15.898+0000] {dag.py:3229} INFO - Sync 1 DAGs
[2024-09-18T23:31:15.909+0000] {logging_mixin.py:190} INFO - [2024-09-18T23:31:15.908+0000] {dag.py:4156} INFO - Setting next_dagrun for exec_silver to None, run_after=None
[2024-09-18T23:31:15.925+0000] {processor.py:208} INFO - Processing /opt/airflow/dags/silver.py took 0.065 seconds
[2024-09-18T23:31:46.356+0000] {processor.py:186} INFO - Started process (PID=535) to work on /opt/airflow/dags/silver.py
[2024-09-18T23:31:46.357+0000] {processor.py:914} INFO - Processing file /opt/airflow/dags/silver.py for tasks to queue
[2024-09-18T23:31:46.358+0000] {logging_mixin.py:190} INFO - [2024-09-18T23:31:46.358+0000] {dagbag.py:587} INFO - Filling up the DagBag from /opt/airflow/dags/silver.py
[2024-09-18T23:31:46.375+0000] {processor.py:925} INFO - DAG(s) 'exec_silver' retrieved from /opt/airflow/dags/silver.py
[2024-09-18T23:31:46.391+0000] {logging_mixin.py:190} INFO - [2024-09-18T23:31:46.391+0000] {dag.py:3229} INFO - Sync 1 DAGs
[2024-09-18T23:31:46.404+0000] {logging_mixin.py:190} INFO - [2024-09-18T23:31:46.404+0000] {dag.py:4156} INFO - Setting next_dagrun for exec_silver to None, run_after=None
[2024-09-18T23:31:46.423+0000] {processor.py:208} INFO - Processing /opt/airflow/dags/silver.py took 0.072 seconds
[2024-09-18T23:32:16.772+0000] {processor.py:186} INFO - Started process (PID=544) to work on /opt/airflow/dags/silver.py
[2024-09-18T23:32:16.773+0000] {processor.py:914} INFO - Processing file /opt/airflow/dags/silver.py for tasks to queue
[2024-09-18T23:32:16.774+0000] {logging_mixin.py:190} INFO - [2024-09-18T23:32:16.773+0000] {dagbag.py:587} INFO - Filling up the DagBag from /opt/airflow/dags/silver.py
[2024-09-18T23:32:16.789+0000] {processor.py:925} INFO - DAG(s) 'exec_silver' retrieved from /opt/airflow/dags/silver.py
[2024-09-18T23:32:16.804+0000] {logging_mixin.py:190} INFO - [2024-09-18T23:32:16.803+0000] {dag.py:3229} INFO - Sync 1 DAGs
[2024-09-18T23:32:16.814+0000] {logging_mixin.py:190} INFO - [2024-09-18T23:32:16.814+0000] {dag.py:4156} INFO - Setting next_dagrun for exec_silver to None, run_after=None
[2024-09-18T23:32:16.830+0000] {processor.py:208} INFO - Processing /opt/airflow/dags/silver.py took 0.062 seconds
[2024-09-18T23:32:47.183+0000] {processor.py:186} INFO - Started process (PID=553) to work on /opt/airflow/dags/silver.py
[2024-09-18T23:32:47.184+0000] {processor.py:914} INFO - Processing file /opt/airflow/dags/silver.py for tasks to queue
[2024-09-18T23:32:47.185+0000] {logging_mixin.py:190} INFO - [2024-09-18T23:32:47.185+0000] {dagbag.py:587} INFO - Filling up the DagBag from /opt/airflow/dags/silver.py
[2024-09-18T23:32:47.200+0000] {processor.py:925} INFO - DAG(s) 'exec_silver' retrieved from /opt/airflow/dags/silver.py
[2024-09-18T23:32:47.215+0000] {logging_mixin.py:190} INFO - [2024-09-18T23:32:47.215+0000] {dag.py:3229} INFO - Sync 1 DAGs
[2024-09-18T23:32:47.226+0000] {logging_mixin.py:190} INFO - [2024-09-18T23:32:47.226+0000] {dag.py:4156} INFO - Setting next_dagrun for exec_silver to None, run_after=None
[2024-09-18T23:32:47.241+0000] {processor.py:208} INFO - Processing /opt/airflow/dags/silver.py took 0.062 seconds
[2024-09-18T23:33:17.646+0000] {processor.py:186} INFO - Started process (PID=562) to work on /opt/airflow/dags/silver.py
[2024-09-18T23:33:17.647+0000] {processor.py:914} INFO - Processing file /opt/airflow/dags/silver.py for tasks to queue
[2024-09-18T23:33:17.649+0000] {logging_mixin.py:190} INFO - [2024-09-18T23:33:17.649+0000] {dagbag.py:587} INFO - Filling up the DagBag from /opt/airflow/dags/silver.py
[2024-09-18T23:33:17.667+0000] {processor.py:925} INFO - DAG(s) 'exec_silver' retrieved from /opt/airflow/dags/silver.py
[2024-09-18T23:33:17.685+0000] {logging_mixin.py:190} INFO - [2024-09-18T23:33:17.685+0000] {dag.py:3229} INFO - Sync 1 DAGs
[2024-09-18T23:33:17.699+0000] {logging_mixin.py:190} INFO - [2024-09-18T23:33:17.698+0000] {dag.py:4156} INFO - Setting next_dagrun for exec_silver to None, run_after=None
[2024-09-18T23:33:17.716+0000] {processor.py:208} INFO - Processing /opt/airflow/dags/silver.py took 0.074 seconds
[2024-09-18T23:33:48.120+0000] {processor.py:186} INFO - Started process (PID=571) to work on /opt/airflow/dags/silver.py
[2024-09-18T23:33:48.121+0000] {processor.py:914} INFO - Processing file /opt/airflow/dags/silver.py for tasks to queue
[2024-09-18T23:33:48.122+0000] {logging_mixin.py:190} INFO - [2024-09-18T23:33:48.122+0000] {dagbag.py:587} INFO - Filling up the DagBag from /opt/airflow/dags/silver.py
[2024-09-18T23:33:48.138+0000] {processor.py:925} INFO - DAG(s) 'exec_silver' retrieved from /opt/airflow/dags/silver.py
[2024-09-18T23:33:48.158+0000] {logging_mixin.py:190} INFO - [2024-09-18T23:33:48.157+0000] {dag.py:3229} INFO - Sync 1 DAGs
[2024-09-18T23:33:48.170+0000] {logging_mixin.py:190} INFO - [2024-09-18T23:33:48.169+0000] {dag.py:4156} INFO - Setting next_dagrun for exec_silver to None, run_after=None
[2024-09-18T23:33:48.186+0000] {processor.py:208} INFO - Processing /opt/airflow/dags/silver.py took 0.070 seconds
[2024-09-18T23:34:18.563+0000] {processor.py:186} INFO - Started process (PID=580) to work on /opt/airflow/dags/silver.py
[2024-09-18T23:34:18.563+0000] {processor.py:914} INFO - Processing file /opt/airflow/dags/silver.py for tasks to queue
[2024-09-18T23:34:18.565+0000] {logging_mixin.py:190} INFO - [2024-09-18T23:34:18.564+0000] {dagbag.py:587} INFO - Filling up the DagBag from /opt/airflow/dags/silver.py
[2024-09-18T23:34:18.580+0000] {processor.py:925} INFO - DAG(s) 'exec_silver' retrieved from /opt/airflow/dags/silver.py
[2024-09-18T23:34:18.596+0000] {logging_mixin.py:190} INFO - [2024-09-18T23:34:18.596+0000] {dag.py:3229} INFO - Sync 1 DAGs
[2024-09-18T23:34:18.607+0000] {logging_mixin.py:190} INFO - [2024-09-18T23:34:18.607+0000] {dag.py:4156} INFO - Setting next_dagrun for exec_silver to None, run_after=None
[2024-09-18T23:34:18.622+0000] {processor.py:208} INFO - Processing /opt/airflow/dags/silver.py took 0.064 seconds
[2024-09-18T23:34:49.002+0000] {processor.py:186} INFO - Started process (PID=589) to work on /opt/airflow/dags/silver.py
[2024-09-18T23:34:49.003+0000] {processor.py:914} INFO - Processing file /opt/airflow/dags/silver.py for tasks to queue
[2024-09-18T23:34:49.005+0000] {logging_mixin.py:190} INFO - [2024-09-18T23:34:49.004+0000] {dagbag.py:587} INFO - Filling up the DagBag from /opt/airflow/dags/silver.py
[2024-09-18T23:34:49.020+0000] {processor.py:925} INFO - DAG(s) 'exec_silver' retrieved from /opt/airflow/dags/silver.py
[2024-09-18T23:34:49.037+0000] {logging_mixin.py:190} INFO - [2024-09-18T23:34:49.037+0000] {dag.py:3229} INFO - Sync 1 DAGs
[2024-09-18T23:34:49.048+0000] {logging_mixin.py:190} INFO - [2024-09-18T23:34:49.048+0000] {dag.py:4156} INFO - Setting next_dagrun for exec_silver to None, run_after=None
[2024-09-18T23:34:49.174+0000] {processor.py:208} INFO - Processing /opt/airflow/dags/silver.py took 0.176 seconds
[2024-09-18T23:35:19.521+0000] {processor.py:186} INFO - Started process (PID=599) to work on /opt/airflow/dags/silver.py
[2024-09-18T23:35:19.522+0000] {processor.py:914} INFO - Processing file /opt/airflow/dags/silver.py for tasks to queue
[2024-09-18T23:35:19.523+0000] {logging_mixin.py:190} INFO - [2024-09-18T23:35:19.523+0000] {dagbag.py:587} INFO - Filling up the DagBag from /opt/airflow/dags/silver.py
[2024-09-18T23:35:19.540+0000] {processor.py:925} INFO - DAG(s) 'exec_silver' retrieved from /opt/airflow/dags/silver.py
[2024-09-18T23:35:19.558+0000] {logging_mixin.py:190} INFO - [2024-09-18T23:35:19.558+0000] {dag.py:3229} INFO - Sync 1 DAGs
[2024-09-18T23:35:19.571+0000] {logging_mixin.py:190} INFO - [2024-09-18T23:35:19.570+0000] {dag.py:4156} INFO - Setting next_dagrun for exec_silver to None, run_after=None
[2024-09-18T23:35:19.589+0000] {processor.py:208} INFO - Processing /opt/airflow/dags/silver.py took 0.073 seconds
[2024-09-18T23:35:49.894+0000] {processor.py:186} INFO - Started process (PID=608) to work on /opt/airflow/dags/silver.py
[2024-09-18T23:35:49.895+0000] {processor.py:914} INFO - Processing file /opt/airflow/dags/silver.py for tasks to queue
[2024-09-18T23:35:49.896+0000] {logging_mixin.py:190} INFO - [2024-09-18T23:35:49.896+0000] {dagbag.py:587} INFO - Filling up the DagBag from /opt/airflow/dags/silver.py
[2024-09-18T23:35:49.913+0000] {processor.py:925} INFO - DAG(s) 'exec_silver' retrieved from /opt/airflow/dags/silver.py
[2024-09-18T23:35:49.931+0000] {logging_mixin.py:190} INFO - [2024-09-18T23:35:49.931+0000] {dag.py:3229} INFO - Sync 1 DAGs
[2024-09-18T23:35:49.943+0000] {logging_mixin.py:190} INFO - [2024-09-18T23:35:49.943+0000] {dag.py:4156} INFO - Setting next_dagrun for exec_silver to None, run_after=None
[2024-09-18T23:35:49.960+0000] {processor.py:208} INFO - Processing /opt/airflow/dags/silver.py took 0.071 seconds
[2024-09-18T23:36:20.353+0000] {processor.py:186} INFO - Started process (PID=617) to work on /opt/airflow/dags/silver.py
[2024-09-18T23:36:20.354+0000] {processor.py:914} INFO - Processing file /opt/airflow/dags/silver.py for tasks to queue
[2024-09-18T23:36:20.355+0000] {logging_mixin.py:190} INFO - [2024-09-18T23:36:20.355+0000] {dagbag.py:587} INFO - Filling up the DagBag from /opt/airflow/dags/silver.py
[2024-09-18T23:36:20.373+0000] {processor.py:925} INFO - DAG(s) 'exec_silver' retrieved from /opt/airflow/dags/silver.py
[2024-09-18T23:36:20.390+0000] {logging_mixin.py:190} INFO - [2024-09-18T23:36:20.390+0000] {dag.py:3229} INFO - Sync 1 DAGs
[2024-09-18T23:36:20.404+0000] {logging_mixin.py:190} INFO - [2024-09-18T23:36:20.404+0000] {dag.py:4156} INFO - Setting next_dagrun for exec_silver to None, run_after=None
[2024-09-18T23:36:20.421+0000] {processor.py:208} INFO - Processing /opt/airflow/dags/silver.py took 0.073 seconds
[2024-09-18T23:36:50.695+0000] {processor.py:186} INFO - Started process (PID=626) to work on /opt/airflow/dags/silver.py
[2024-09-18T23:36:50.696+0000] {processor.py:914} INFO - Processing file /opt/airflow/dags/silver.py for tasks to queue
[2024-09-18T23:36:50.698+0000] {logging_mixin.py:190} INFO - [2024-09-18T23:36:50.697+0000] {dagbag.py:587} INFO - Filling up the DagBag from /opt/airflow/dags/silver.py
[2024-09-18T23:36:50.716+0000] {processor.py:925} INFO - DAG(s) 'exec_silver' retrieved from /opt/airflow/dags/silver.py
[2024-09-18T23:36:50.732+0000] {logging_mixin.py:190} INFO - [2024-09-18T23:36:50.732+0000] {dag.py:3229} INFO - Sync 1 DAGs
[2024-09-18T23:36:50.745+0000] {logging_mixin.py:190} INFO - [2024-09-18T23:36:50.745+0000] {dag.py:4156} INFO - Setting next_dagrun for exec_silver to None, run_after=None
[2024-09-18T23:36:50.760+0000] {processor.py:208} INFO - Processing /opt/airflow/dags/silver.py took 0.070 seconds
[2024-09-18T23:37:21.101+0000] {processor.py:186} INFO - Started process (PID=635) to work on /opt/airflow/dags/silver.py
[2024-09-18T23:37:21.102+0000] {processor.py:914} INFO - Processing file /opt/airflow/dags/silver.py for tasks to queue
[2024-09-18T23:37:21.103+0000] {logging_mixin.py:190} INFO - [2024-09-18T23:37:21.103+0000] {dagbag.py:587} INFO - Filling up the DagBag from /opt/airflow/dags/silver.py
[2024-09-18T23:37:21.119+0000] {processor.py:925} INFO - DAG(s) 'exec_silver' retrieved from /opt/airflow/dags/silver.py
[2024-09-18T23:37:21.134+0000] {logging_mixin.py:190} INFO - [2024-09-18T23:37:21.134+0000] {dag.py:3229} INFO - Sync 1 DAGs
[2024-09-18T23:37:21.145+0000] {logging_mixin.py:190} INFO - [2024-09-18T23:37:21.145+0000] {dag.py:4156} INFO - Setting next_dagrun for exec_silver to None, run_after=None
[2024-09-18T23:37:21.162+0000] {processor.py:208} INFO - Processing /opt/airflow/dags/silver.py took 0.066 seconds
[2024-09-18T23:37:51.550+0000] {processor.py:186} INFO - Started process (PID=650) to work on /opt/airflow/dags/silver.py
[2024-09-18T23:37:51.551+0000] {processor.py:914} INFO - Processing file /opt/airflow/dags/silver.py for tasks to queue
[2024-09-18T23:37:51.552+0000] {logging_mixin.py:190} INFO - [2024-09-18T23:37:51.552+0000] {dagbag.py:587} INFO - Filling up the DagBag from /opt/airflow/dags/silver.py
[2024-09-18T23:37:51.568+0000] {processor.py:925} INFO - DAG(s) 'exec_silver' retrieved from /opt/airflow/dags/silver.py
[2024-09-18T23:37:51.584+0000] {logging_mixin.py:190} INFO - [2024-09-18T23:37:51.584+0000] {dag.py:3229} INFO - Sync 1 DAGs
[2024-09-18T23:37:51.599+0000] {logging_mixin.py:190} INFO - [2024-09-18T23:37:51.598+0000] {dag.py:4156} INFO - Setting next_dagrun for exec_silver to None, run_after=None
[2024-09-18T23:37:51.615+0000] {processor.py:208} INFO - Processing /opt/airflow/dags/silver.py took 0.070 seconds
[2024-09-18T23:38:21.859+0000] {processor.py:186} INFO - Started process (PID=659) to work on /opt/airflow/dags/silver.py
[2024-09-18T23:38:21.860+0000] {processor.py:914} INFO - Processing file /opt/airflow/dags/silver.py for tasks to queue
[2024-09-18T23:38:21.861+0000] {logging_mixin.py:190} INFO - [2024-09-18T23:38:21.861+0000] {dagbag.py:587} INFO - Filling up the DagBag from /opt/airflow/dags/silver.py
[2024-09-18T23:38:21.876+0000] {processor.py:925} INFO - DAG(s) 'exec_silver' retrieved from /opt/airflow/dags/silver.py
[2024-09-18T23:38:21.892+0000] {logging_mixin.py:190} INFO - [2024-09-18T23:38:21.892+0000] {dag.py:3229} INFO - Sync 1 DAGs
[2024-09-18T23:38:21.903+0000] {logging_mixin.py:190} INFO - [2024-09-18T23:38:21.903+0000] {dag.py:4156} INFO - Setting next_dagrun for exec_silver to None, run_after=None
[2024-09-18T23:38:21.920+0000] {processor.py:208} INFO - Processing /opt/airflow/dags/silver.py took 0.065 seconds
[2024-09-18T23:38:52.238+0000] {processor.py:186} INFO - Started process (PID=668) to work on /opt/airflow/dags/silver.py
[2024-09-18T23:38:52.239+0000] {processor.py:914} INFO - Processing file /opt/airflow/dags/silver.py for tasks to queue
[2024-09-18T23:38:52.240+0000] {logging_mixin.py:190} INFO - [2024-09-18T23:38:52.240+0000] {dagbag.py:587} INFO - Filling up the DagBag from /opt/airflow/dags/silver.py
[2024-09-18T23:38:52.257+0000] {processor.py:925} INFO - DAG(s) 'exec_silver' retrieved from /opt/airflow/dags/silver.py
[2024-09-18T23:38:52.274+0000] {logging_mixin.py:190} INFO - [2024-09-18T23:38:52.274+0000] {dag.py:3229} INFO - Sync 1 DAGs
[2024-09-18T23:38:52.287+0000] {logging_mixin.py:190} INFO - [2024-09-18T23:38:52.287+0000] {dag.py:4156} INFO - Setting next_dagrun for exec_silver to None, run_after=None
[2024-09-18T23:38:52.306+0000] {processor.py:208} INFO - Processing /opt/airflow/dags/silver.py took 0.073 seconds
[2024-09-18T23:39:22.597+0000] {processor.py:186} INFO - Started process (PID=677) to work on /opt/airflow/dags/silver.py
[2024-09-18T23:39:22.598+0000] {processor.py:914} INFO - Processing file /opt/airflow/dags/silver.py for tasks to queue
[2024-09-18T23:39:22.599+0000] {logging_mixin.py:190} INFO - [2024-09-18T23:39:22.599+0000] {dagbag.py:587} INFO - Filling up the DagBag from /opt/airflow/dags/silver.py
[2024-09-18T23:39:22.615+0000] {processor.py:925} INFO - DAG(s) 'exec_silver' retrieved from /opt/airflow/dags/silver.py
[2024-09-18T23:39:22.632+0000] {logging_mixin.py:190} INFO - [2024-09-18T23:39:22.632+0000] {dag.py:3229} INFO - Sync 1 DAGs
[2024-09-18T23:39:22.644+0000] {logging_mixin.py:190} INFO - [2024-09-18T23:39:22.644+0000] {dag.py:4156} INFO - Setting next_dagrun for exec_silver to None, run_after=None
[2024-09-18T23:39:22.661+0000] {processor.py:208} INFO - Processing /opt/airflow/dags/silver.py took 0.069 seconds
[2024-09-18T23:39:53.005+0000] {processor.py:186} INFO - Started process (PID=686) to work on /opt/airflow/dags/silver.py
[2024-09-18T23:39:53.006+0000] {processor.py:914} INFO - Processing file /opt/airflow/dags/silver.py for tasks to queue
[2024-09-18T23:39:53.007+0000] {logging_mixin.py:190} INFO - [2024-09-18T23:39:53.006+0000] {dagbag.py:587} INFO - Filling up the DagBag from /opt/airflow/dags/silver.py
[2024-09-18T23:39:53.022+0000] {processor.py:925} INFO - DAG(s) 'exec_silver' retrieved from /opt/airflow/dags/silver.py
[2024-09-18T23:39:53.037+0000] {logging_mixin.py:190} INFO - [2024-09-18T23:39:53.037+0000] {dag.py:3229} INFO - Sync 1 DAGs
[2024-09-18T23:39:53.049+0000] {logging_mixin.py:190} INFO - [2024-09-18T23:39:53.049+0000] {dag.py:4156} INFO - Setting next_dagrun for exec_silver to None, run_after=None
[2024-09-18T23:39:53.067+0000] {processor.py:208} INFO - Processing /opt/airflow/dags/silver.py took 0.067 seconds
[2024-09-18T23:40:23.431+0000] {processor.py:186} INFO - Started process (PID=695) to work on /opt/airflow/dags/silver.py
[2024-09-18T23:40:23.431+0000] {processor.py:914} INFO - Processing file /opt/airflow/dags/silver.py for tasks to queue
[2024-09-18T23:40:23.433+0000] {logging_mixin.py:190} INFO - [2024-09-18T23:40:23.433+0000] {dagbag.py:587} INFO - Filling up the DagBag from /opt/airflow/dags/silver.py
[2024-09-18T23:40:23.450+0000] {processor.py:925} INFO - DAG(s) 'exec_silver' retrieved from /opt/airflow/dags/silver.py
[2024-09-18T23:40:23.468+0000] {logging_mixin.py:190} INFO - [2024-09-18T23:40:23.467+0000] {dag.py:3229} INFO - Sync 1 DAGs
[2024-09-18T23:40:23.480+0000] {logging_mixin.py:190} INFO - [2024-09-18T23:40:23.480+0000] {dag.py:4156} INFO - Setting next_dagrun for exec_silver to None, run_after=None
[2024-09-18T23:40:23.618+0000] {processor.py:208} INFO - Processing /opt/airflow/dags/silver.py took 0.192 seconds
[2024-09-18T23:40:53.929+0000] {processor.py:186} INFO - Started process (PID=704) to work on /opt/airflow/dags/silver.py
[2024-09-18T23:40:53.929+0000] {processor.py:914} INFO - Processing file /opt/airflow/dags/silver.py for tasks to queue
[2024-09-18T23:40:53.930+0000] {logging_mixin.py:190} INFO - [2024-09-18T23:40:53.930+0000] {dagbag.py:587} INFO - Filling up the DagBag from /opt/airflow/dags/silver.py
[2024-09-18T23:40:53.945+0000] {processor.py:925} INFO - DAG(s) 'exec_silver' retrieved from /opt/airflow/dags/silver.py
[2024-09-18T23:40:53.962+0000] {logging_mixin.py:190} INFO - [2024-09-18T23:40:53.962+0000] {dag.py:3229} INFO - Sync 1 DAGs
[2024-09-18T23:40:53.973+0000] {logging_mixin.py:190} INFO - [2024-09-18T23:40:53.973+0000] {dag.py:4156} INFO - Setting next_dagrun for exec_silver to None, run_after=None
[2024-09-18T23:40:53.991+0000] {processor.py:208} INFO - Processing /opt/airflow/dags/silver.py took 0.068 seconds
[2024-09-18T23:41:24.332+0000] {processor.py:186} INFO - Started process (PID=713) to work on /opt/airflow/dags/silver.py
[2024-09-18T23:41:24.333+0000] {processor.py:914} INFO - Processing file /opt/airflow/dags/silver.py for tasks to queue
[2024-09-18T23:41:24.334+0000] {logging_mixin.py:190} INFO - [2024-09-18T23:41:24.334+0000] {dagbag.py:587} INFO - Filling up the DagBag from /opt/airflow/dags/silver.py
[2024-09-18T23:41:24.350+0000] {processor.py:925} INFO - DAG(s) 'exec_silver' retrieved from /opt/airflow/dags/silver.py
[2024-09-18T23:41:24.365+0000] {logging_mixin.py:190} INFO - [2024-09-18T23:41:24.365+0000] {dag.py:3229} INFO - Sync 1 DAGs
[2024-09-18T23:41:24.377+0000] {logging_mixin.py:190} INFO - [2024-09-18T23:41:24.377+0000] {dag.py:4156} INFO - Setting next_dagrun for exec_silver to None, run_after=None
[2024-09-18T23:41:24.392+0000] {processor.py:208} INFO - Processing /opt/airflow/dags/silver.py took 0.064 seconds
[2024-09-18T23:41:54.725+0000] {processor.py:186} INFO - Started process (PID=722) to work on /opt/airflow/dags/silver.py
[2024-09-18T23:41:54.726+0000] {processor.py:914} INFO - Processing file /opt/airflow/dags/silver.py for tasks to queue
[2024-09-18T23:41:54.727+0000] {logging_mixin.py:190} INFO - [2024-09-18T23:41:54.726+0000] {dagbag.py:587} INFO - Filling up the DagBag from /opt/airflow/dags/silver.py
[2024-09-18T23:41:54.742+0000] {processor.py:925} INFO - DAG(s) 'exec_silver' retrieved from /opt/airflow/dags/silver.py
[2024-09-18T23:41:54.758+0000] {logging_mixin.py:190} INFO - [2024-09-18T23:41:54.758+0000] {dag.py:3229} INFO - Sync 1 DAGs
[2024-09-18T23:41:54.769+0000] {logging_mixin.py:190} INFO - [2024-09-18T23:41:54.769+0000] {dag.py:4156} INFO - Setting next_dagrun for exec_silver to None, run_after=None
[2024-09-18T23:41:54.785+0000] {processor.py:208} INFO - Processing /opt/airflow/dags/silver.py took 0.064 seconds
[2024-09-18T23:42:25.128+0000] {processor.py:186} INFO - Started process (PID=731) to work on /opt/airflow/dags/silver.py
[2024-09-18T23:42:25.129+0000] {processor.py:914} INFO - Processing file /opt/airflow/dags/silver.py for tasks to queue
[2024-09-18T23:42:25.130+0000] {logging_mixin.py:190} INFO - [2024-09-18T23:42:25.130+0000] {dagbag.py:587} INFO - Filling up the DagBag from /opt/airflow/dags/silver.py
[2024-09-18T23:42:25.148+0000] {processor.py:925} INFO - DAG(s) 'exec_silver' retrieved from /opt/airflow/dags/silver.py
[2024-09-18T23:42:25.164+0000] {logging_mixin.py:190} INFO - [2024-09-18T23:42:25.164+0000] {dag.py:3229} INFO - Sync 1 DAGs
[2024-09-18T23:42:25.176+0000] {logging_mixin.py:190} INFO - [2024-09-18T23:42:25.175+0000] {dag.py:4156} INFO - Setting next_dagrun for exec_silver to None, run_after=None
[2024-09-18T23:42:25.190+0000] {processor.py:208} INFO - Processing /opt/airflow/dags/silver.py took 0.068 seconds
[2024-09-18T23:42:55.474+0000] {processor.py:186} INFO - Started process (PID=740) to work on /opt/airflow/dags/silver.py
[2024-09-18T23:42:55.474+0000] {processor.py:914} INFO - Processing file /opt/airflow/dags/silver.py for tasks to queue
[2024-09-18T23:42:55.476+0000] {logging_mixin.py:190} INFO - [2024-09-18T23:42:55.476+0000] {dagbag.py:587} INFO - Filling up the DagBag from /opt/airflow/dags/silver.py
[2024-09-18T23:42:55.492+0000] {processor.py:925} INFO - DAG(s) 'exec_silver' retrieved from /opt/airflow/dags/silver.py
[2024-09-18T23:42:55.508+0000] {logging_mixin.py:190} INFO - [2024-09-18T23:42:55.507+0000] {dag.py:3229} INFO - Sync 1 DAGs
[2024-09-18T23:42:55.518+0000] {logging_mixin.py:190} INFO - [2024-09-18T23:42:55.518+0000] {dag.py:4156} INFO - Setting next_dagrun for exec_silver to None, run_after=None
[2024-09-18T23:42:55.534+0000] {processor.py:208} INFO - Processing /opt/airflow/dags/silver.py took 0.064 seconds
[2024-09-18T23:43:25.805+0000] {processor.py:186} INFO - Started process (PID=749) to work on /opt/airflow/dags/silver.py
[2024-09-18T23:43:25.806+0000] {processor.py:914} INFO - Processing file /opt/airflow/dags/silver.py for tasks to queue
[2024-09-18T23:43:25.807+0000] {logging_mixin.py:190} INFO - [2024-09-18T23:43:25.807+0000] {dagbag.py:587} INFO - Filling up the DagBag from /opt/airflow/dags/silver.py
[2024-09-18T23:43:25.825+0000] {processor.py:925} INFO - DAG(s) 'exec_silver' retrieved from /opt/airflow/dags/silver.py
[2024-09-18T23:43:25.841+0000] {logging_mixin.py:190} INFO - [2024-09-18T23:43:25.841+0000] {dag.py:3229} INFO - Sync 1 DAGs
[2024-09-18T23:43:25.962+0000] {logging_mixin.py:190} INFO - [2024-09-18T23:43:25.962+0000] {dag.py:4156} INFO - Setting next_dagrun for exec_silver to None, run_after=None
[2024-09-18T23:43:25.978+0000] {processor.py:208} INFO - Processing /opt/airflow/dags/silver.py took 0.178 seconds
